{"/home/suser/DEVs/GITs/GITHUBs/Cypher.js/js/CypherNG/core/DB.js": {"path":"/home/suser/DEVs/GITs/GITHUBs/Cypher.js/js/CypherNG/core/DB.js","statementMap":{"0":{"start":{"line":7,"column":26},"end":{"line":7,"column":55}},"1":{"start":{"line":8,"column":17},"end":{"line":8,"column":37}},"2":{"start":{"line":9,"column":25},"end":{"line":9,"column":53}},"3":{"start":{"line":17,"column":4},"end":{"line":17,"column":26}},"4":{"start":{"line":19,"column":4},"end":{"line":19,"column":21}},"5":{"start":{"line":21,"column":4},"end":{"line":21,"column":28}},"6":{"start":{"line":23,"column":4},"end":{"line":23,"column":28}},"7":{"start":{"line":25,"column":4},"end":{"line":25,"column":33}},"8":{"start":{"line":27,"column":4},"end":{"line":27,"column":29}},"9":{"start":{"line":29,"column":4},"end":{"line":29,"column":36}},"10":{"start":{"line":31,"column":4},"end":{"line":31,"column":34}},"11":{"start":{"line":33,"column":4},"end":{"line":33,"column":45}},"12":{"start":{"line":35,"column":4},"end":{"line":35,"column":53}},"13":{"start":{"line":37,"column":4},"end":{"line":37,"column":36}},"14":{"start":{"line":39,"column":4},"end":{"line":39,"column":40}},"15":{"start":{"line":41,"column":4},"end":{"line":41,"column":22}},"16":{"start":{"line":43,"column":4},"end":{"line":43,"column":46}},"17":{"start":{"line":53,"column":4},"end":{"line":53,"column":43}},"18":{"start":{"line":59,"column":4},"end":{"line":61,"column":5}},"19":{"start":{"line":60,"column":6},"end":{"line":60,"column":35}},"20":{"start":{"line":62,"column":4},"end":{"line":64,"column":5}},"21":{"start":{"line":63,"column":6},"end":{"line":63,"column":42}},"22":{"start":{"line":68,"column":23},"end":{"line":68,"column":40}},"23":{"start":{"line":69,"column":25},"end":{"line":69,"column":44}},"24":{"start":{"line":70,"column":4},"end":{"line":70,"column":59}},"25":{"start":{"line":71,"column":4},"end":{"line":71,"column":56}},"26":{"start":{"line":75,"column":23},"end":{"line":75,"column":40}},"27":{"start":{"line":76,"column":25},"end":{"line":76,"column":44}},"28":{"start":{"line":77,"column":4},"end":{"line":77,"column":59}},"29":{"start":{"line":78,"column":4},"end":{"line":78,"column":62}},"30":{"start":{"line":84,"column":4},"end":{"line":86,"column":5}},"31":{"start":{"line":85,"column":6},"end":{"line":85,"column":42}},"32":{"start":{"line":90,"column":25},"end":{"line":90,"column":44}},"33":{"start":{"line":91,"column":4},"end":{"line":91,"column":52}},"34":{"start":{"line":92,"column":4},"end":{"line":92,"column":49}},"35":{"start":{"line":96,"column":25},"end":{"line":96,"column":44}},"36":{"start":{"line":97,"column":4},"end":{"line":97,"column":52}},"37":{"start":{"line":98,"column":19},"end":{"line":98,"column":82}},"38":{"start":{"line":98,"column":68},"end":{"line":98,"column":81}},"39":{"start":{"line":99,"column":4},"end":{"line":101,"column":5}},"40":{"start":{"line":100,"column":6},"end":{"line":100,"column":57}},"41":{"start":{"line":105,"column":4},"end":{"line":105,"column":45}},"42":{"start":{"line":111,"column":4},"end":{"line":118,"column":5}},"43":{"start":{"line":112,"column":6},"end":{"line":114,"column":7}},"44":{"start":{"line":113,"column":8},"end":{"line":113,"column":50}},"45":{"start":{"line":115,"column":6},"end":{"line":117,"column":7}},"46":{"start":{"line":116,"column":8},"end":{"line":116,"column":60}},"47":{"start":{"line":122,"column":4},"end":{"line":122,"column":61}},"48":{"start":{"line":123,"column":4},"end":{"line":133,"column":5}},"49":{"start":{"line":124,"column":6},"end":{"line":132,"column":7}},"50":{"start":{"line":125,"column":8},"end":{"line":125,"column":62}},"51":{"start":{"line":127,"column":30},"end":{"line":127,"column":32}},"52":{"start":{"line":128,"column":8},"end":{"line":130,"column":9}},"53":{"start":{"line":129,"column":10},"end":{"line":129,"column":97}},"54":{"start":{"line":131,"column":8},"end":{"line":131,"column":31}},"55":{"start":{"line":134,"column":4},"end":{"line":134,"column":14}},"56":{"start":{"line":138,"column":4},"end":{"line":138,"column":61}},"57":{"start":{"line":139,"column":4},"end":{"line":139,"column":72}},"58":{"start":{"line":140,"column":4},"end":{"line":140,"column":71}},"59":{"start":{"line":141,"column":4},"end":{"line":141,"column":77}},"60":{"start":{"line":147,"column":4},"end":{"line":149,"column":5}},"61":{"start":{"line":148,"column":6},"end":{"line":148,"column":55}},"62":{"start":{"line":153,"column":4},"end":{"line":153,"column":58}},"63":{"start":{"line":154,"column":4},"end":{"line":154,"column":55}},"64":{"start":{"line":158,"column":4},"end":{"line":158,"column":58}},"65":{"start":{"line":159,"column":4},"end":{"line":159,"column":69}},"66":{"start":{"line":165,"column":4},"end":{"line":167,"column":5}},"67":{"start":{"line":166,"column":6},"end":{"line":166,"column":63}},"68":{"start":{"line":171,"column":4},"end":{"line":171,"column":66}},"69":{"start":{"line":172,"column":4},"end":{"line":172,"column":63}},"70":{"start":{"line":176,"column":4},"end":{"line":176,"column":66}},"71":{"start":{"line":177,"column":4},"end":{"line":177,"column":77}},"72":{"start":{"line":183,"column":4},"end":{"line":185,"column":5}},"73":{"start":{"line":184,"column":6},"end":{"line":184,"column":43}},"74":{"start":{"line":186,"column":4},"end":{"line":188,"column":5}},"75":{"start":{"line":187,"column":6},"end":{"line":187,"column":50}},"76":{"start":{"line":192,"column":23},"end":{"line":192,"column":40}},"77":{"start":{"line":193,"column":25},"end":{"line":193,"column":44}},"78":{"start":{"line":194,"column":4},"end":{"line":194,"column":67}},"79":{"start":{"line":195,"column":4},"end":{"line":195,"column":78}},"80":{"start":{"line":201,"column":4},"end":{"line":204,"column":5}},"81":{"start":{"line":202,"column":6},"end":{"line":202,"column":48}},"82":{"start":{"line":203,"column":6},"end":{"line":203,"column":19}},"83":{"start":{"line":205,"column":4},"end":{"line":205,"column":16}},"84":{"start":{"line":209,"column":4},"end":{"line":209,"column":45}},"85":{"start":{"line":209,"column":38},"end":{"line":209,"column":45}},"86":{"start":{"line":210,"column":24},"end":{"line":210,"column":42}},"87":{"start":{"line":211,"column":4},"end":{"line":211,"column":58}},"88":{"start":{"line":212,"column":19},"end":{"line":212,"column":96}},"89":{"start":{"line":212,"column":74},"end":{"line":212,"column":95}},"90":{"start":{"line":213,"column":4},"end":{"line":219,"column":5}},"91":{"start":{"line":214,"column":6},"end":{"line":214,"column":71}},"92":{"start":{"line":215,"column":18},"end":{"line":215,"column":53}},"93":{"start":{"line":216,"column":6},"end":{"line":218,"column":7}},"94":{"start":{"line":217,"column":8},"end":{"line":217,"column":32}},"95":{"start":{"line":223,"column":4},"end":{"line":223,"column":59}},"96":{"start":{"line":229,"column":4},"end":{"line":231,"column":5}},"97":{"start":{"line":230,"column":6},"end":{"line":230,"column":28}},"98":{"start":{"line":232,"column":4},"end":{"line":232,"column":31}},"99":{"start":{"line":236,"column":4},"end":{"line":245,"column":5}},"100":{"start":{"line":237,"column":6},"end":{"line":237,"column":40}},"101":{"start":{"line":238,"column":6},"end":{"line":238,"column":36}},"102":{"start":{"line":240,"column":6},"end":{"line":242,"column":7}},"103":{"start":{"line":241,"column":8},"end":{"line":241,"column":83}},"104":{"start":{"line":243,"column":6},"end":{"line":243,"column":26}},"105":{"start":{"line":244,"column":6},"end":{"line":244,"column":34}},"106":{"start":{"line":248,"column":21},"end":{"line":248,"column":73}},"107":{"start":{"line":249,"column":4},"end":{"line":251,"column":5}},"108":{"start":{"line":250,"column":6},"end":{"line":250,"column":71}},"109":{"start":{"line":254,"column":19},"end":{"line":254,"column":51}},"110":{"start":{"line":255,"column":4},"end":{"line":257,"column":5}},"111":{"start":{"line":256,"column":6},"end":{"line":256,"column":50}},"112":{"start":{"line":260,"column":4},"end":{"line":265,"column":5}},"113":{"start":{"line":261,"column":19},"end":{"line":261,"column":43}},"114":{"start":{"line":262,"column":6},"end":{"line":264,"column":7}},"115":{"start":{"line":263,"column":8},"end":{"line":263,"column":53}},"116":{"start":{"line":269,"column":4},"end":{"line":269,"column":27}},"117":{"start":{"line":275,"column":4},"end":{"line":287,"column":5}},"118":{"start":{"line":276,"column":27},"end":{"line":276,"column":89}},"119":{"start":{"line":277,"column":6},"end":{"line":281,"column":7}},"120":{"start":{"line":278,"column":8},"end":{"line":278,"column":36}},"121":{"start":{"line":280,"column":8},"end":{"line":280,"column":42}},"122":{"start":{"line":283,"column":6},"end":{"line":283,"column":53}},"123":{"start":{"line":283,"column":31},"end":{"line":283,"column":53}},"124":{"start":{"line":284,"column":6},"end":{"line":284,"column":52}},"125":{"start":{"line":285,"column":6},"end":{"line":285,"column":33}},"126":{"start":{"line":286,"column":6},"end":{"line":286,"column":65}},"127":{"start":{"line":286,"column":31},"end":{"line":286,"column":65}},"128":{"start":{"line":289,"column":4},"end":{"line":291,"column":5}},"129":{"start":{"line":290,"column":6},"end":{"line":290,"column":60}},"130":{"start":{"line":293,"column":4},"end":{"line":302,"column":5}},"131":{"start":{"line":294,"column":26},"end":{"line":294,"column":53}},"132":{"start":{"line":295,"column":6},"end":{"line":295,"column":67}},"133":{"start":{"line":295,"column":38},"end":{"line":295,"column":67}},"134":{"start":{"line":296,"column":6},"end":{"line":296,"column":42}},"135":{"start":{"line":297,"column":32},"end":{"line":297,"column":83}},"136":{"start":{"line":298,"column":6},"end":{"line":298,"column":46}},"137":{"start":{"line":299,"column":6},"end":{"line":301,"column":7}},"138":{"start":{"line":300,"column":8},"end":{"line":300,"column":62}},"139":{"start":{"line":304,"column":4},"end":{"line":308,"column":5}},"140":{"start":{"line":305,"column":6},"end":{"line":305,"column":31}},"141":{"start":{"line":306,"column":11},"end":{"line":308,"column":5}},"142":{"start":{"line":307,"column":6},"end":{"line":307,"column":24}},"143":{"start":{"line":314,"column":4},"end":{"line":316,"column":5}},"144":{"start":{"line":315,"column":6},"end":{"line":315,"column":36}},"145":{"start":{"line":317,"column":4},"end":{"line":317,"column":39}},"146":{"start":{"line":321,"column":25},"end":{"line":321,"column":29}},"147":{"start":{"line":322,"column":4},"end":{"line":329,"column":5}},"148":{"start":{"line":323,"column":6},"end":{"line":323,"column":53}},"149":{"start":{"line":325,"column":6},"end":{"line":327,"column":7}},"150":{"start":{"line":326,"column":8},"end":{"line":326,"column":91}},"151":{"start":{"line":328,"column":6},"end":{"line":328,"column":31}},"152":{"start":{"line":331,"column":4},"end":{"line":331,"column":39}},"153":{"start":{"line":332,"column":4},"end":{"line":332,"column":55}},"154":{"start":{"line":334,"column":21},"end":{"line":334,"column":81}},"155":{"start":{"line":335,"column":19},"end":{"line":335,"column":75}},"156":{"start":{"line":337,"column":4},"end":{"line":342,"column":5}},"157":{"start":{"line":338,"column":6},"end":{"line":338,"column":77}},"158":{"start":{"line":339,"column":6},"end":{"line":341,"column":7}},"159":{"start":{"line":340,"column":8},"end":{"line":340,"column":79}},"160":{"start":{"line":344,"column":18},"end":{"line":344,"column":80}},"161":{"start":{"line":345,"column":4},"end":{"line":347,"column":5}},"162":{"start":{"line":346,"column":6},"end":{"line":346,"column":87}},"163":{"start":{"line":349,"column":17},"end":{"line":349,"column":69}},"164":{"start":{"line":350,"column":4},"end":{"line":352,"column":5}},"165":{"start":{"line":351,"column":6},"end":{"line":351,"column":61}},"166":{"start":{"line":354,"column":4},"end":{"line":354,"column":59}},"167":{"start":{"line":354,"column":33},"end":{"line":354,"column":59}},"168":{"start":{"line":356,"column":4},"end":{"line":361,"column":5}},"169":{"start":{"line":357,"column":19},"end":{"line":357,"column":43}},"170":{"start":{"line":358,"column":6},"end":{"line":360,"column":7}},"171":{"start":{"line":359,"column":8},"end":{"line":359,"column":69}},"172":{"start":{"line":365,"column":4},"end":{"line":365,"column":35}},"173":{"start":{"line":373,"column":20},"end":{"line":373,"column":57}},"174":{"start":{"line":375,"column":4},"end":{"line":382,"column":5}},"175":{"start":{"line":376,"column":6},"end":{"line":381,"column":7}},"176":{"start":{"line":376,"column":19},"end":{"line":376,"column":20}},"177":{"start":{"line":377,"column":23},"end":{"line":377,"column":33}},"178":{"start":{"line":379,"column":23},"end":{"line":379,"column":84}},"179":{"start":{"line":380,"column":8},"end":{"line":380,"column":48}},"180":{"start":{"line":380,"column":34},"end":{"line":380,"column":48}},"181":{"start":{"line":384,"column":4},"end":{"line":386,"column":5}},"182":{"start":{"line":385,"column":6},"end":{"line":385,"column":19}},"183":{"start":{"line":392,"column":4},"end":{"line":395,"column":5}},"184":{"start":{"line":393,"column":27},"end":{"line":393,"column":79}},"185":{"start":{"line":394,"column":6},"end":{"line":394,"column":53}},"186":{"start":{"line":398,"column":18},"end":{"line":398,"column":20}},"187":{"start":{"line":401,"column":18},"end":{"line":401,"column":64}},"188":{"start":{"line":402,"column":4},"end":{"line":409,"column":5}},"189":{"start":{"line":403,"column":6},"end":{"line":403,"column":52}},"190":{"start":{"line":403,"column":29},"end":{"line":403,"column":52}},"191":{"start":{"line":404,"column":25},"end":{"line":404,"column":82}},"192":{"start":{"line":405,"column":26},"end":{"line":405,"column":61}},"193":{"start":{"line":406,"column":6},"end":{"line":408,"column":7}},"194":{"start":{"line":407,"column":8},"end":{"line":407,"column":46}},"195":{"start":{"line":412,"column":19},"end":{"line":412,"column":51}},"196":{"start":{"line":413,"column":4},"end":{"line":418,"column":5}},"197":{"start":{"line":414,"column":23},"end":{"line":414,"column":53}},"198":{"start":{"line":415,"column":6},"end":{"line":417,"column":7}},"199":{"start":{"line":416,"column":8},"end":{"line":416,"column":43}},"200":{"start":{"line":421,"column":4},"end":{"line":421,"column":36}},"201":{"start":{"line":423,"column":4},"end":{"line":430,"column":5}},"202":{"start":{"line":424,"column":6},"end":{"line":429,"column":7}},"203":{"start":{"line":425,"column":8},"end":{"line":425,"column":21}},"204":{"start":{"line":427,"column":8},"end":{"line":427,"column":56}},"205":{"start":{"line":427,"column":29},"end":{"line":427,"column":56}},"206":{"start":{"line":428,"column":8},"end":{"line":428,"column":18}},"207":{"start":{"line":432,"column":4},"end":{"line":432,"column":19}},"208":{"start":{"line":437,"column":4},"end":{"line":447,"column":5}},"209":{"start":{"line":438,"column":6},"end":{"line":446,"column":7}},"210":{"start":{"line":439,"column":28},"end":{"line":439,"column":52}},"211":{"start":{"line":440,"column":8},"end":{"line":440,"column":66}},"212":{"start":{"line":440,"column":33},"end":{"line":440,"column":66}},"213":{"start":{"line":441,"column":8},"end":{"line":445,"column":9}},"214":{"start":{"line":442,"column":10},"end":{"line":442,"column":69}},"215":{"start":{"line":444,"column":10},"end":{"line":444,"column":62}},"216":{"start":{"line":450,"column":4},"end":{"line":452,"column":5}},"217":{"start":{"line":455,"column":4},"end":{"line":457,"column":5}},"218":{"start":{"line":461,"column":4},"end":{"line":473,"column":5}},"219":{"start":{"line":462,"column":6},"end":{"line":466,"column":7}},"220":{"start":{"line":463,"column":8},"end":{"line":463,"column":65}},"221":{"start":{"line":465,"column":8},"end":{"line":465,"column":58}},"222":{"start":{"line":468,"column":6},"end":{"line":472,"column":7}},"223":{"start":{"line":469,"column":8},"end":{"line":469,"column":58}},"224":{"start":{"line":471,"column":8},"end":{"line":471,"column":47}},"225":{"start":{"line":471,"column":29},"end":{"line":471,"column":47}},"226":{"start":{"line":479,"column":4},"end":{"line":479,"column":39}},"227":{"start":{"line":483,"column":4},"end":{"line":485,"column":5}},"228":{"start":{"line":484,"column":6},"end":{"line":484,"column":62}},"229":{"start":{"line":486,"column":4},"end":{"line":486,"column":35}},"230":{"start":{"line":492,"column":4},"end":{"line":494,"column":5}},"231":{"start":{"line":492,"column":17},"end":{"line":492,"column":18}},"232":{"start":{"line":493,"column":6},"end":{"line":493,"column":39}},"233":{"start":{"line":495,"column":4},"end":{"line":497,"column":5}},"234":{"start":{"line":495,"column":17},"end":{"line":495,"column":18}},"235":{"start":{"line":496,"column":6},"end":{"line":496,"column":47}},"236":{"start":{"line":501,"column":14},"end":{"line":501,"column":28}},"237":{"start":{"line":502,"column":4},"end":{"line":502,"column":66}},"238":{"start":{"line":502,"column":29},"end":{"line":502,"column":66}},"239":{"start":{"line":503,"column":4},"end":{"line":507,"column":5}},"240":{"start":{"line":504,"column":6},"end":{"line":506,"column":7}},"241":{"start":{"line":505,"column":8},"end":{"line":505,"column":32}},"242":{"start":{"line":508,"column":4},"end":{"line":508,"column":33}},"243":{"start":{"line":512,"column":14},"end":{"line":512,"column":36}},"244":{"start":{"line":513,"column":4},"end":{"line":515,"column":5}},"245":{"start":{"line":514,"column":6},"end":{"line":514,"column":52}},"246":{"start":{"line":516,"column":4},"end":{"line":518,"column":5}},"247":{"start":{"line":517,"column":6},"end":{"line":517,"column":48}},"248":{"start":{"line":519,"column":4},"end":{"line":519,"column":64}},"249":{"start":{"line":519,"column":28},"end":{"line":519,"column":64}},"250":{"start":{"line":520,"column":4},"end":{"line":520,"column":46}},"251":{"start":{"line":520,"column":22},"end":{"line":520,"column":46}},"252":{"start":{"line":521,"column":4},"end":{"line":521,"column":40}},"253":{"start":{"line":525,"column":0},"end":{"line":525,"column":24}}},"fnMap":{"0":{"name":"(anonymous_0)","decl":{"start":{"line":15,"column":2},"end":{"line":15,"column":3}},"loc":{"start":{"line":15,"column":22},"end":{"line":44,"column":3}},"line":15},"1":{"name":"(anonymous_1)","decl":{"start":{"line":52,"column":2},"end":{"line":52,"column":3}},"loc":{"start":{"line":52,"column":15},"end":{"line":54,"column":3}},"line":52},"2":{"name":"(anonymous_2)","decl":{"start":{"line":58,"column":2},"end":{"line":58,"column":3}},"loc":{"start":{"line":58,"column":38},"end":{"line":65,"column":3}},"line":58},"3":{"name":"(anonymous_3)","decl":{"start":{"line":67,"column":2},"end":{"line":67,"column":3}},"loc":{"start":{"line":67,"column":28},"end":{"line":72,"column":3}},"line":67},"4":{"name":"(anonymous_4)","decl":{"start":{"line":74,"column":2},"end":{"line":74,"column":3}},"loc":{"start":{"line":74,"column":38},"end":{"line":79,"column":3}},"line":74},"5":{"name":"(anonymous_5)","decl":{"start":{"line":83,"column":2},"end":{"line":83,"column":3}},"loc":{"start":{"line":83,"column":38},"end":{"line":87,"column":3}},"line":83},"6":{"name":"(anonymous_6)","decl":{"start":{"line":89,"column":2},"end":{"line":89,"column":3}},"loc":{"start":{"line":89,"column":28},"end":{"line":93,"column":3}},"line":89},"7":{"name":"(anonymous_7)","decl":{"start":{"line":95,"column":2},"end":{"line":95,"column":3}},"loc":{"start":{"line":95,"column":38},"end":{"line":102,"column":3}},"line":95},"8":{"name":"(anonymous_8)","decl":{"start":{"line":98,"column":62},"end":{"line":98,"column":63}},"loc":{"start":{"line":98,"column":68},"end":{"line":98,"column":81}},"line":98},"9":{"name":"(anonymous_9)","decl":{"start":{"line":104,"column":2},"end":{"line":104,"column":3}},"loc":{"start":{"line":104,"column":39},"end":{"line":106,"column":3}},"line":104},"10":{"name":"(anonymous_10)","decl":{"start":{"line":110,"column":2},"end":{"line":110,"column":3}},"loc":{"start":{"line":110,"column":54},"end":{"line":119,"column":3}},"line":110},"11":{"name":"(anonymous_11)","decl":{"start":{"line":121,"column":2},"end":{"line":121,"column":3}},"loc":{"start":{"line":121,"column":44},"end":{"line":135,"column":3}},"line":121},"12":{"name":"(anonymous_12)","decl":{"start":{"line":137,"column":2},"end":{"line":137,"column":3}},"loc":{"start":{"line":137,"column":62},"end":{"line":142,"column":3}},"line":137},"13":{"name":"(anonymous_13)","decl":{"start":{"line":146,"column":2},"end":{"line":146,"column":3}},"loc":{"start":{"line":146,"column":51},"end":{"line":150,"column":3}},"line":146},"14":{"name":"(anonymous_14)","decl":{"start":{"line":152,"column":2},"end":{"line":152,"column":3}},"loc":{"start":{"line":152,"column":40},"end":{"line":155,"column":3}},"line":152},"15":{"name":"(anonymous_15)","decl":{"start":{"line":157,"column":2},"end":{"line":157,"column":3}},"loc":{"start":{"line":157,"column":60},"end":{"line":160,"column":3}},"line":157},"16":{"name":"(anonymous_16)","decl":{"start":{"line":164,"column":2},"end":{"line":164,"column":3}},"loc":{"start":{"line":164,"column":59},"end":{"line":168,"column":3}},"line":164},"17":{"name":"(anonymous_17)","decl":{"start":{"line":170,"column":2},"end":{"line":170,"column":3}},"loc":{"start":{"line":170,"column":48},"end":{"line":173,"column":3}},"line":170},"18":{"name":"(anonymous_18)","decl":{"start":{"line":175,"column":2},"end":{"line":175,"column":3}},"loc":{"start":{"line":175,"column":68},"end":{"line":178,"column":3}},"line":175},"19":{"name":"(anonymous_19)","decl":{"start":{"line":182,"column":2},"end":{"line":182,"column":3}},"loc":{"start":{"line":182,"column":46},"end":{"line":189,"column":3}},"line":182},"20":{"name":"(anonymous_20)","decl":{"start":{"line":191,"column":2},"end":{"line":191,"column":3}},"loc":{"start":{"line":191,"column":54},"end":{"line":196,"column":3}},"line":191},"21":{"name":"(anonymous_21)","decl":{"start":{"line":200,"column":2},"end":{"line":200,"column":3}},"loc":{"start":{"line":200,"column":44},"end":{"line":206,"column":3}},"line":200},"22":{"name":"(anonymous_22)","decl":{"start":{"line":208,"column":2},"end":{"line":208,"column":3}},"loc":{"start":{"line":208,"column":52},"end":{"line":220,"column":3}},"line":208},"23":{"name":"(anonymous_23)","decl":{"start":{"line":212,"column":68},"end":{"line":212,"column":69}},"loc":{"start":{"line":212,"column":74},"end":{"line":212,"column":95}},"line":212},"24":{"name":"(anonymous_24)","decl":{"start":{"line":222,"column":2},"end":{"line":222,"column":3}},"loc":{"start":{"line":222,"column":53},"end":{"line":224,"column":3}},"line":222},"25":{"name":"(anonymous_25)","decl":{"start":{"line":228,"column":2},"end":{"line":228,"column":3}},"loc":{"start":{"line":228,"column":19},"end":{"line":233,"column":3}},"line":228},"26":{"name":"(anonymous_26)","decl":{"start":{"line":235,"column":2},"end":{"line":235,"column":3}},"loc":{"start":{"line":235,"column":25},"end":{"line":266,"column":3}},"line":235},"27":{"name":"(anonymous_27)","decl":{"start":{"line":268,"column":2},"end":{"line":268,"column":3}},"loc":{"start":{"line":268,"column":18},"end":{"line":270,"column":3}},"line":268},"28":{"name":"(anonymous_28)","decl":{"start":{"line":272,"column":2},"end":{"line":272,"column":3}},"loc":{"start":{"line":272,"column":19},"end":{"line":309,"column":3}},"line":272},"29":{"name":"(anonymous_29)","decl":{"start":{"line":313,"column":2},"end":{"line":313,"column":3}},"loc":{"start":{"line":313,"column":27},"end":{"line":318,"column":3}},"line":313},"30":{"name":"(anonymous_30)","decl":{"start":{"line":320,"column":2},"end":{"line":320,"column":3}},"loc":{"start":{"line":320,"column":41},"end":{"line":362,"column":3}},"line":320},"31":{"name":"(anonymous_31)","decl":{"start":{"line":364,"column":2},"end":{"line":364,"column":3}},"loc":{"start":{"line":364,"column":26},"end":{"line":366,"column":3}},"line":364},"32":{"name":"(anonymous_32)","decl":{"start":{"line":370,"column":2},"end":{"line":370,"column":3}},"loc":{"start":{"line":370,"column":45},"end":{"line":387,"column":3}},"line":370},"33":{"name":"(anonymous_33)","decl":{"start":{"line":389,"column":2},"end":{"line":389,"column":3}},"loc":{"start":{"line":389,"column":35},"end":{"line":433,"column":3}},"line":389},"34":{"name":"(anonymous_34)","decl":{"start":{"line":435,"column":2},"end":{"line":435,"column":3}},"loc":{"start":{"line":435,"column":69},"end":{"line":458,"column":3}},"line":435},"35":{"name":"(anonymous_35)","decl":{"start":{"line":460,"column":2},"end":{"line":460,"column":3}},"loc":{"start":{"line":460,"column":49},"end":{"line":474,"column":3}},"line":460},"36":{"name":"(anonymous_36)","decl":{"start":{"line":478,"column":2},"end":{"line":478,"column":3}},"loc":{"start":{"line":478,"column":18},"end":{"line":480,"column":3}},"line":478},"37":{"name":"(anonymous_37)","decl":{"start":{"line":482,"column":2},"end":{"line":482,"column":3}},"loc":{"start":{"line":482,"column":22},"end":{"line":487,"column":3}},"line":482},"38":{"name":"(anonymous_38)","decl":{"start":{"line":491,"column":2},"end":{"line":491,"column":3}},"loc":{"start":{"line":491,"column":25},"end":{"line":498,"column":3}},"line":491},"39":{"name":"(anonymous_39)","decl":{"start":{"line":500,"column":2},"end":{"line":500,"column":3}},"loc":{"start":{"line":500,"column":30},"end":{"line":509,"column":3}},"line":500},"40":{"name":"(anonymous_40)","decl":{"start":{"line":511,"column":2},"end":{"line":511,"column":3}},"loc":{"start":{"line":511,"column":37},"end":{"line":522,"column":3}},"line":511}},"branchMap":{"0":{"loc":{"start":{"line":59,"column":4},"end":{"line":61,"column":5}},"type":"if","locations":[{"start":{"line":59,"column":4},"end":{"line":61,"column":5}},{"start":{},"end":{}}],"line":59},"1":{"loc":{"start":{"line":62,"column":4},"end":{"line":64,"column":5}},"type":"if","locations":[{"start":{"line":62,"column":4},"end":{"line":64,"column":5}},{"start":{},"end":{}}],"line":62},"2":{"loc":{"start":{"line":84,"column":4},"end":{"line":86,"column":5}},"type":"if","locations":[{"start":{"line":84,"column":4},"end":{"line":86,"column":5}},{"start":{},"end":{}}],"line":84},"3":{"loc":{"start":{"line":99,"column":4},"end":{"line":101,"column":5}},"type":"if","locations":[{"start":{"line":99,"column":4},"end":{"line":101,"column":5}},{"start":{},"end":{}}],"line":99},"4":{"loc":{"start":{"line":99,"column":8},"end":{"line":99,"column":39}},"type":"binary-expr","locations":[{"start":{"line":99,"column":8},"end":{"line":99,"column":28}},{"start":{"line":99,"column":32},"end":{"line":99,"column":39}}],"line":99},"5":{"loc":{"start":{"line":111,"column":4},"end":{"line":118,"column":5}},"type":"if","locations":[{"start":{"line":111,"column":4},"end":{"line":118,"column":5}},{"start":{},"end":{}}],"line":111},"6":{"loc":{"start":{"line":112,"column":6},"end":{"line":114,"column":7}},"type":"if","locations":[{"start":{"line":112,"column":6},"end":{"line":114,"column":7}},{"start":{},"end":{}}],"line":112},"7":{"loc":{"start":{"line":115,"column":6},"end":{"line":117,"column":7}},"type":"if","locations":[{"start":{"line":115,"column":6},"end":{"line":117,"column":7}},{"start":{},"end":{}}],"line":115},"8":{"loc":{"start":{"line":115,"column":10},"end":{"line":115,"column":83}},"type":"binary-expr","locations":[{"start":{"line":115,"column":10},"end":{"line":115,"column":32}},{"start":{"line":115,"column":36},"end":{"line":115,"column":83}}],"line":115},"9":{"loc":{"start":{"line":123,"column":4},"end":{"line":133,"column":5}},"type":"if","locations":[{"start":{"line":123,"column":4},"end":{"line":133,"column":5}},{"start":{},"end":{}}],"line":123},"10":{"loc":{"start":{"line":124,"column":6},"end":{"line":132,"column":7}},"type":"if","locations":[{"start":{"line":124,"column":6},"end":{"line":132,"column":7}},{"start":{"line":126,"column":13},"end":{"line":132,"column":7}}],"line":124},"11":{"loc":{"start":{"line":147,"column":4},"end":{"line":149,"column":5}},"type":"if","locations":[{"start":{"line":147,"column":4},"end":{"line":149,"column":5}},{"start":{},"end":{}}],"line":147},"12":{"loc":{"start":{"line":165,"column":4},"end":{"line":167,"column":5}},"type":"if","locations":[{"start":{"line":165,"column":4},"end":{"line":167,"column":5}},{"start":{},"end":{}}],"line":165},"13":{"loc":{"start":{"line":183,"column":4},"end":{"line":185,"column":5}},"type":"if","locations":[{"start":{"line":183,"column":4},"end":{"line":185,"column":5}},{"start":{},"end":{}}],"line":183},"14":{"loc":{"start":{"line":186,"column":4},"end":{"line":188,"column":5}},"type":"if","locations":[{"start":{"line":186,"column":4},"end":{"line":188,"column":5}},{"start":{},"end":{}}],"line":186},"15":{"loc":{"start":{"line":201,"column":4},"end":{"line":204,"column":5}},"type":"if","locations":[{"start":{"line":201,"column":4},"end":{"line":204,"column":5}},{"start":{},"end":{}}],"line":201},"16":{"loc":{"start":{"line":209,"column":4},"end":{"line":209,"column":45}},"type":"if","locations":[{"start":{"line":209,"column":4},"end":{"line":209,"column":45}},{"start":{},"end":{}}],"line":209},"17":{"loc":{"start":{"line":213,"column":4},"end":{"line":219,"column":5}},"type":"if","locations":[{"start":{"line":213,"column":4},"end":{"line":219,"column":5}},{"start":{},"end":{}}],"line":213},"18":{"loc":{"start":{"line":216,"column":6},"end":{"line":218,"column":7}},"type":"if","locations":[{"start":{"line":216,"column":6},"end":{"line":218,"column":7}},{"start":{},"end":{}}],"line":216},"19":{"loc":{"start":{"line":216,"column":10},"end":{"line":216,"column":34}},"type":"binary-expr","locations":[{"start":{"line":216,"column":10},"end":{"line":216,"column":13}},{"start":{"line":216,"column":17},"end":{"line":216,"column":34}}],"line":216},"20":{"loc":{"start":{"line":236,"column":4},"end":{"line":245,"column":5}},"type":"if","locations":[{"start":{"line":236,"column":4},"end":{"line":245,"column":5}},{"start":{"line":239,"column":11},"end":{"line":245,"column":5}}],"line":236},"21":{"loc":{"start":{"line":240,"column":6},"end":{"line":242,"column":7}},"type":"if","locations":[{"start":{"line":240,"column":6},"end":{"line":242,"column":7}},{"start":{},"end":{}}],"line":240},"22":{"loc":{"start":{"line":248,"column":21},"end":{"line":248,"column":73}},"type":"cond-expr","locations":[{"start":{"line":248,"column":45},"end":{"line":248,"column":68}},{"start":{"line":248,"column":71},"end":{"line":248,"column":73}}],"line":248},"23":{"loc":{"start":{"line":254,"column":19},"end":{"line":254,"column":51}},"type":"cond-expr","locations":[{"start":{"line":254,"column":33},"end":{"line":254,"column":46}},{"start":{"line":254,"column":49},"end":{"line":254,"column":51}}],"line":254},"24":{"loc":{"start":{"line":260,"column":4},"end":{"line":265,"column":5}},"type":"if","locations":[{"start":{"line":260,"column":4},"end":{"line":265,"column":5}},{"start":{},"end":{}}],"line":260},"25":{"loc":{"start":{"line":260,"column":8},"end":{"line":260,"column":46}},"type":"binary-expr","locations":[{"start":{"line":260,"column":8},"end":{"line":260,"column":20}},{"start":{"line":260,"column":24},"end":{"line":260,"column":46}}],"line":260},"26":{"loc":{"start":{"line":262,"column":6},"end":{"line":264,"column":7}},"type":"if","locations":[{"start":{"line":262,"column":6},"end":{"line":264,"column":7}},{"start":{},"end":{}}],"line":262},"27":{"loc":{"start":{"line":262,"column":10},"end":{"line":262,"column":36}},"type":"binary-expr","locations":[{"start":{"line":262,"column":10},"end":{"line":262,"column":14}},{"start":{"line":262,"column":18},"end":{"line":262,"column":36}}],"line":262},"28":{"loc":{"start":{"line":275,"column":4},"end":{"line":287,"column":5}},"type":"if","locations":[{"start":{"line":275,"column":4},"end":{"line":287,"column":5}},{"start":{"line":282,"column":11},"end":{"line":287,"column":5}}],"line":275},"29":{"loc":{"start":{"line":275,"column":8},"end":{"line":275,"column":44}},"type":"binary-expr","locations":[{"start":{"line":275,"column":8},"end":{"line":275,"column":23}},{"start":{"line":275,"column":27},"end":{"line":275,"column":44}}],"line":275},"30":{"loc":{"start":{"line":276,"column":27},"end":{"line":276,"column":89}},"type":"cond-expr","locations":[{"start":{"line":276,"column":50},"end":{"line":276,"column":82}},{"start":{"line":276,"column":85},"end":{"line":276,"column":89}}],"line":276},"31":{"loc":{"start":{"line":277,"column":6},"end":{"line":281,"column":7}},"type":"if","locations":[{"start":{"line":277,"column":6},"end":{"line":281,"column":7}},{"start":{"line":279,"column":13},"end":{"line":281,"column":7}}],"line":277},"32":{"loc":{"start":{"line":283,"column":6},"end":{"line":283,"column":53}},"type":"if","locations":[{"start":{"line":283,"column":6},"end":{"line":283,"column":53}},{"start":{},"end":{}}],"line":283},"33":{"loc":{"start":{"line":284,"column":21},"end":{"line":284,"column":51}},"type":"cond-expr","locations":[{"start":{"line":284,"column":33},"end":{"line":284,"column":44}},{"start":{"line":284,"column":47},"end":{"line":284,"column":51}}],"line":284},"34":{"loc":{"start":{"line":286,"column":6},"end":{"line":286,"column":65}},"type":"if","locations":[{"start":{"line":286,"column":6},"end":{"line":286,"column":65}},{"start":{},"end":{}}],"line":286},"35":{"loc":{"start":{"line":289,"column":4},"end":{"line":291,"column":5}},"type":"if","locations":[{"start":{"line":289,"column":4},"end":{"line":291,"column":5}},{"start":{},"end":{}}],"line":289},"36":{"loc":{"start":{"line":289,"column":8},"end":{"line":289,"column":64}},"type":"binary-expr","locations":[{"start":{"line":289,"column":8},"end":{"line":289,"column":33}},{"start":{"line":289,"column":37},"end":{"line":289,"column":64}}],"line":289},"37":{"loc":{"start":{"line":293,"column":4},"end":{"line":302,"column":5}},"type":"if","locations":[{"start":{"line":293,"column":4},"end":{"line":302,"column":5}},{"start":{},"end":{}}],"line":293},"38":{"loc":{"start":{"line":293,"column":8},"end":{"line":293,"column":64}},"type":"binary-expr","locations":[{"start":{"line":293,"column":8},"end":{"line":293,"column":33}},{"start":{"line":293,"column":37},"end":{"line":293,"column":64}}],"line":293},"39":{"loc":{"start":{"line":295,"column":6},"end":{"line":295,"column":67}},"type":"if","locations":[{"start":{"line":295,"column":6},"end":{"line":295,"column":67}},{"start":{},"end":{}}],"line":295},"40":{"loc":{"start":{"line":297,"column":32},"end":{"line":297,"column":83}},"type":"cond-expr","locations":[{"start":{"line":297,"column":51},"end":{"line":297,"column":69}},{"start":{"line":297,"column":72},"end":{"line":297,"column":83}}],"line":297},"41":{"loc":{"start":{"line":299,"column":6},"end":{"line":301,"column":7}},"type":"if","locations":[{"start":{"line":299,"column":6},"end":{"line":301,"column":7}},{"start":{},"end":{}}],"line":299},"42":{"loc":{"start":{"line":304,"column":4},"end":{"line":308,"column":5}},"type":"if","locations":[{"start":{"line":304,"column":4},"end":{"line":308,"column":5}},{"start":{"line":306,"column":11},"end":{"line":308,"column":5}}],"line":304},"43":{"loc":{"start":{"line":304,"column":8},"end":{"line":304,"column":40}},"type":"binary-expr","locations":[{"start":{"line":304,"column":8},"end":{"line":304,"column":21}},{"start":{"line":304,"column":25},"end":{"line":304,"column":40}}],"line":304},"44":{"loc":{"start":{"line":306,"column":11},"end":{"line":308,"column":5}},"type":"if","locations":[{"start":{"line":306,"column":11},"end":{"line":308,"column":5}},{"start":{},"end":{}}],"line":306},"45":{"loc":{"start":{"line":322,"column":4},"end":{"line":329,"column":5}},"type":"if","locations":[{"start":{"line":322,"column":4},"end":{"line":329,"column":5}},{"start":{"line":324,"column":11},"end":{"line":329,"column":5}}],"line":322},"46":{"loc":{"start":{"line":325,"column":6},"end":{"line":327,"column":7}},"type":"if","locations":[{"start":{"line":325,"column":6},"end":{"line":327,"column":7}},{"start":{},"end":{}}],"line":325},"47":{"loc":{"start":{"line":334,"column":21},"end":{"line":334,"column":81}},"type":"cond-expr","locations":[{"start":{"line":334,"column":48},"end":{"line":334,"column":74}},{"start":{"line":334,"column":77},"end":{"line":334,"column":81}}],"line":334},"48":{"loc":{"start":{"line":335,"column":19},"end":{"line":335,"column":75}},"type":"cond-expr","locations":[{"start":{"line":335,"column":44},"end":{"line":335,"column":68}},{"start":{"line":335,"column":71},"end":{"line":335,"column":75}}],"line":335},"49":{"loc":{"start":{"line":337,"column":4},"end":{"line":342,"column":5}},"type":"if","locations":[{"start":{"line":337,"column":4},"end":{"line":342,"column":5}},{"start":{},"end":{}}],"line":337},"50":{"loc":{"start":{"line":337,"column":8},"end":{"line":337,"column":26}},"type":"binary-expr","locations":[{"start":{"line":337,"column":8},"end":{"line":337,"column":16}},{"start":{"line":337,"column":20},"end":{"line":337,"column":26}}],"line":337},"51":{"loc":{"start":{"line":339,"column":6},"end":{"line":341,"column":7}},"type":"if","locations":[{"start":{"line":339,"column":6},"end":{"line":341,"column":7}},{"start":{},"end":{}}],"line":339},"52":{"loc":{"start":{"line":344,"column":18},"end":{"line":344,"column":80}},"type":"cond-expr","locations":[{"start":{"line":344,"column":47},"end":{"line":344,"column":75}},{"start":{"line":344,"column":78},"end":{"line":344,"column":80}}],"line":344},"53":{"loc":{"start":{"line":349,"column":17},"end":{"line":349,"column":69}},"type":"cond-expr","locations":[{"start":{"line":349,"column":40},"end":{"line":349,"column":62}},{"start":{"line":349,"column":65},"end":{"line":349,"column":69}}],"line":349},"54":{"loc":{"start":{"line":350,"column":4},"end":{"line":352,"column":5}},"type":"if","locations":[{"start":{"line":350,"column":4},"end":{"line":352,"column":5}},{"start":{},"end":{}}],"line":350},"55":{"loc":{"start":{"line":354,"column":4},"end":{"line":354,"column":59}},"type":"if","locations":[{"start":{"line":354,"column":4},"end":{"line":354,"column":59}},{"start":{},"end":{}}],"line":354},"56":{"loc":{"start":{"line":356,"column":4},"end":{"line":361,"column":5}},"type":"if","locations":[{"start":{"line":356,"column":4},"end":{"line":361,"column":5}},{"start":{},"end":{}}],"line":356},"57":{"loc":{"start":{"line":356,"column":8},"end":{"line":356,"column":46}},"type":"binary-expr","locations":[{"start":{"line":356,"column":8},"end":{"line":356,"column":20}},{"start":{"line":356,"column":24},"end":{"line":356,"column":46}}],"line":356},"58":{"loc":{"start":{"line":358,"column":6},"end":{"line":360,"column":7}},"type":"if","locations":[{"start":{"line":358,"column":6},"end":{"line":360,"column":7}},{"start":{},"end":{}}],"line":358},"59":{"loc":{"start":{"line":358,"column":10},"end":{"line":358,"column":44}},"type":"binary-expr","locations":[{"start":{"line":358,"column":10},"end":{"line":358,"column":14}},{"start":{"line":358,"column":18},"end":{"line":358,"column":44}}],"line":358},"60":{"loc":{"start":{"line":375,"column":4},"end":{"line":382,"column":5}},"type":"if","locations":[{"start":{"line":375,"column":4},"end":{"line":382,"column":5}},{"start":{},"end":{}}],"line":375},"61":{"loc":{"start":{"line":375,"column":8},"end":{"line":375,"column":33}},"type":"binary-expr","locations":[{"start":{"line":375,"column":8},"end":{"line":375,"column":15}},{"start":{"line":375,"column":19},"end":{"line":375,"column":33}}],"line":375},"62":{"loc":{"start":{"line":380,"column":8},"end":{"line":380,"column":48}},"type":"if","locations":[{"start":{"line":380,"column":8},"end":{"line":380,"column":48}},{"start":{},"end":{}}],"line":380},"63":{"loc":{"start":{"line":384,"column":4},"end":{"line":386,"column":5}},"type":"if","locations":[{"start":{"line":384,"column":4},"end":{"line":386,"column":5}},{"start":{},"end":{}}],"line":384},"64":{"loc":{"start":{"line":384,"column":8},"end":{"line":384,"column":62}},"type":"binary-expr","locations":[{"start":{"line":384,"column":8},"end":{"line":384,"column":23}},{"start":{"line":384,"column":27},"end":{"line":384,"column":62}}],"line":384},"65":{"loc":{"start":{"line":392,"column":4},"end":{"line":395,"column":5}},"type":"if","locations":[{"start":{"line":392,"column":4},"end":{"line":395,"column":5}},{"start":{},"end":{}}],"line":392},"66":{"loc":{"start":{"line":392,"column":8},"end":{"line":392,"column":44}},"type":"binary-expr","locations":[{"start":{"line":392,"column":8},"end":{"line":392,"column":23}},{"start":{"line":392,"column":27},"end":{"line":392,"column":44}}],"line":392},"67":{"loc":{"start":{"line":393,"column":27},"end":{"line":393,"column":79}},"type":"cond-expr","locations":[{"start":{"line":393,"column":50},"end":{"line":393,"column":72}},{"start":{"line":393,"column":75},"end":{"line":393,"column":79}}],"line":393},"68":{"loc":{"start":{"line":394,"column":13},"end":{"line":394,"column":52}},"type":"cond-expr","locations":[{"start":{"line":394,"column":28},"end":{"line":394,"column":47}},{"start":{"line":394,"column":50},"end":{"line":394,"column":52}}],"line":394},"69":{"loc":{"start":{"line":401,"column":18},"end":{"line":401,"column":64}},"type":"cond-expr","locations":[{"start":{"line":401,"column":39},"end":{"line":401,"column":59}},{"start":{"line":401,"column":62},"end":{"line":401,"column":64}}],"line":401},"70":{"loc":{"start":{"line":403,"column":6},"end":{"line":403,"column":52}},"type":"if","locations":[{"start":{"line":403,"column":6},"end":{"line":403,"column":52}},{"start":{},"end":{}}],"line":403},"71":{"loc":{"start":{"line":404,"column":25},"end":{"line":404,"column":82}},"type":"cond-expr","locations":[{"start":{"line":404,"column":49},"end":{"line":404,"column":75}},{"start":{"line":404,"column":78},"end":{"line":404,"column":82}}],"line":404},"72":{"loc":{"start":{"line":406,"column":6},"end":{"line":408,"column":7}},"type":"if","locations":[{"start":{"line":406,"column":6},"end":{"line":408,"column":7}},{"start":{},"end":{}}],"line":406},"73":{"loc":{"start":{"line":412,"column":19},"end":{"line":412,"column":51}},"type":"cond-expr","locations":[{"start":{"line":412,"column":33},"end":{"line":412,"column":46}},{"start":{"line":412,"column":49},"end":{"line":412,"column":51}}],"line":412},"74":{"loc":{"start":{"line":415,"column":6},"end":{"line":417,"column":7}},"type":"if","locations":[{"start":{"line":415,"column":6},"end":{"line":417,"column":7}},{"start":{},"end":{}}],"line":415},"75":{"loc":{"start":{"line":423,"column":4},"end":{"line":430,"column":5}},"type":"if","locations":[{"start":{"line":423,"column":4},"end":{"line":430,"column":5}},{"start":{},"end":{}}],"line":423},"76":{"loc":{"start":{"line":423,"column":8},"end":{"line":423,"column":37}},"type":"binary-expr","locations":[{"start":{"line":423,"column":8},"end":{"line":423,"column":28}},{"start":{"line":423,"column":32},"end":{"line":423,"column":37}}],"line":423},"77":{"loc":{"start":{"line":424,"column":6},"end":{"line":429,"column":7}},"type":"if","locations":[{"start":{"line":424,"column":6},"end":{"line":429,"column":7}},{"start":{"line":426,"column":13},"end":{"line":429,"column":7}}],"line":424},"78":{"loc":{"start":{"line":424,"column":10},"end":{"line":424,"column":64}},"type":"binary-expr","locations":[{"start":{"line":424,"column":10},"end":{"line":424,"column":25}},{"start":{"line":424,"column":29},"end":{"line":424,"column":64}}],"line":424},"79":{"loc":{"start":{"line":427,"column":8},"end":{"line":427,"column":56}},"type":"if","locations":[{"start":{"line":427,"column":8},"end":{"line":427,"column":56}},{"start":{},"end":{}}],"line":427},"80":{"loc":{"start":{"line":437,"column":4},"end":{"line":447,"column":5}},"type":"if","locations":[{"start":{"line":437,"column":4},"end":{"line":447,"column":5}},{"start":{},"end":{}}],"line":437},"81":{"loc":{"start":{"line":437,"column":8},"end":{"line":437,"column":66}},"type":"binary-expr","locations":[{"start":{"line":437,"column":8},"end":{"line":437,"column":34}},{"start":{"line":437,"column":38},"end":{"line":437,"column":66}}],"line":437},"82":{"loc":{"start":{"line":438,"column":6},"end":{"line":446,"column":7}},"type":"if","locations":[{"start":{"line":438,"column":6},"end":{"line":446,"column":7}},{"start":{},"end":{}}],"line":438},"83":{"loc":{"start":{"line":438,"column":10},"end":{"line":438,"column":68}},"type":"binary-expr","locations":[{"start":{"line":438,"column":10},"end":{"line":438,"column":36}},{"start":{"line":438,"column":40},"end":{"line":438,"column":68}}],"line":438},"84":{"loc":{"start":{"line":440,"column":8},"end":{"line":440,"column":66}},"type":"if","locations":[{"start":{"line":440,"column":8},"end":{"line":440,"column":66}},{"start":{},"end":{}}],"line":440},"85":{"loc":{"start":{"line":441,"column":8},"end":{"line":445,"column":9}},"type":"if","locations":[{"start":{"line":441,"column":8},"end":{"line":445,"column":9}},{"start":{"line":443,"column":15},"end":{"line":445,"column":9}}],"line":441},"86":{"loc":{"start":{"line":441,"column":12},"end":{"line":441,"column":66}},"type":"binary-expr","locations":[{"start":{"line":441,"column":12},"end":{"line":441,"column":27}},{"start":{"line":441,"column":31},"end":{"line":441,"column":66}}],"line":441},"87":{"loc":{"start":{"line":450,"column":4},"end":{"line":452,"column":5}},"type":"if","locations":[{"start":{"line":450,"column":4},"end":{"line":452,"column":5}},{"start":{},"end":{}}],"line":450},"88":{"loc":{"start":{"line":450,"column":8},"end":{"line":450,"column":64}},"type":"binary-expr","locations":[{"start":{"line":450,"column":8},"end":{"line":450,"column":33}},{"start":{"line":450,"column":37},"end":{"line":450,"column":64}}],"line":450},"89":{"loc":{"start":{"line":455,"column":4},"end":{"line":457,"column":5}},"type":"if","locations":[{"start":{"line":455,"column":4},"end":{"line":457,"column":5}},{"start":{},"end":{}}],"line":455},"90":{"loc":{"start":{"line":455,"column":8},"end":{"line":455,"column":64}},"type":"binary-expr","locations":[{"start":{"line":455,"column":8},"end":{"line":455,"column":33}},{"start":{"line":455,"column":37},"end":{"line":455,"column":64}}],"line":455},"91":{"loc":{"start":{"line":461,"column":4},"end":{"line":473,"column":5}},"type":"if","locations":[{"start":{"line":461,"column":4},"end":{"line":473,"column":5}},{"start":{"line":467,"column":11},"end":{"line":473,"column":5}}],"line":461},"92":{"loc":{"start":{"line":461,"column":8},"end":{"line":461,"column":40}},"type":"binary-expr","locations":[{"start":{"line":461,"column":8},"end":{"line":461,"column":21}},{"start":{"line":461,"column":25},"end":{"line":461,"column":40}}],"line":461},"93":{"loc":{"start":{"line":462,"column":6},"end":{"line":466,"column":7}},"type":"if","locations":[{"start":{"line":462,"column":6},"end":{"line":466,"column":7}},{"start":{"line":464,"column":13},"end":{"line":466,"column":7}}],"line":462},"94":{"loc":{"start":{"line":462,"column":10},"end":{"line":462,"column":64}},"type":"binary-expr","locations":[{"start":{"line":462,"column":10},"end":{"line":462,"column":25}},{"start":{"line":462,"column":29},"end":{"line":462,"column":64}}],"line":462},"95":{"loc":{"start":{"line":468,"column":6},"end":{"line":472,"column":7}},"type":"if","locations":[{"start":{"line":468,"column":6},"end":{"line":472,"column":7}},{"start":{"line":470,"column":13},"end":{"line":472,"column":7}}],"line":468},"96":{"loc":{"start":{"line":468,"column":10},"end":{"line":468,"column":64}},"type":"binary-expr","locations":[{"start":{"line":468,"column":10},"end":{"line":468,"column":25}},{"start":{"line":468,"column":29},"end":{"line":468,"column":64}}],"line":468},"97":{"loc":{"start":{"line":469,"column":15},"end":{"line":469,"column":57}},"type":"cond-expr","locations":[{"start":{"line":469,"column":33},"end":{"line":469,"column":50}},{"start":{"line":469,"column":53},"end":{"line":469,"column":57}}],"line":469},"98":{"loc":{"start":{"line":471,"column":8},"end":{"line":471,"column":47}},"type":"if","locations":[{"start":{"line":471,"column":8},"end":{"line":471,"column":47}},{"start":{},"end":{}}],"line":471},"99":{"loc":{"start":{"line":483,"column":4},"end":{"line":485,"column":5}},"type":"if","locations":[{"start":{"line":483,"column":4},"end":{"line":485,"column":5}},{"start":{},"end":{}}],"line":483},"100":{"loc":{"start":{"line":502,"column":4},"end":{"line":502,"column":66}},"type":"if","locations":[{"start":{"line":502,"column":4},"end":{"line":502,"column":66}},{"start":{},"end":{}}],"line":502},"101":{"loc":{"start":{"line":503,"column":4},"end":{"line":507,"column":5}},"type":"if","locations":[{"start":{"line":503,"column":4},"end":{"line":507,"column":5}},{"start":{},"end":{}}],"line":503},"102":{"loc":{"start":{"line":513,"column":4},"end":{"line":515,"column":5}},"type":"if","locations":[{"start":{"line":513,"column":4},"end":{"line":515,"column":5}},{"start":{},"end":{}}],"line":513},"103":{"loc":{"start":{"line":516,"column":4},"end":{"line":518,"column":5}},"type":"if","locations":[{"start":{"line":516,"column":4},"end":{"line":518,"column":5}},{"start":{},"end":{}}],"line":516},"104":{"loc":{"start":{"line":519,"column":4},"end":{"line":519,"column":64}},"type":"if","locations":[{"start":{"line":519,"column":4},"end":{"line":519,"column":64}},{"start":{},"end":{}}],"line":519},"105":{"loc":{"start":{"line":520,"column":4},"end":{"line":520,"column":46}},"type":"if","locations":[{"start":{"line":520,"column":4},"end":{"line":520,"column":46}},{"start":{},"end":{}}],"line":520}},"s":{"0":0,"1":0,"2":0,"3":0,"4":0,"5":0,"6":0,"7":0,"8":0,"9":0,"10":0,"11":0,"12":0,"13":0,"14":0,"15":0,"16":0,"17":0,"18":0,"19":0,"20":0,"21":0,"22":0,"23":0,"24":0,"25":0,"26":0,"27":0,"28":0,"29":0,"30":0,"31":0,"32":0,"33":0,"34":0,"35":0,"36":0,"37":0,"38":0,"39":0,"40":0,"41":0,"42":0,"43":0,"44":0,"45":0,"46":0,"47":0,"48":0,"49":0,"50":0,"51":0,"52":0,"53":0,"54":0,"55":0,"56":0,"57":0,"58":0,"59":0,"60":0,"61":0,"62":0,"63":0,"64":0,"65":0,"66":0,"67":0,"68":0,"69":0,"70":0,"71":0,"72":0,"73":0,"74":0,"75":0,"76":0,"77":0,"78":0,"79":0,"80":0,"81":0,"82":0,"83":0,"84":0,"85":0,"86":0,"87":0,"88":0,"89":0,"90":0,"91":0,"92":0,"93":0,"94":0,"95":0,"96":0,"97":0,"98":0,"99":0,"100":0,"101":0,"102":0,"103":0,"104":0,"105":0,"106":0,"107":0,"108":0,"109":0,"110":0,"111":0,"112":0,"113":0,"114":0,"115":0,"116":0,"117":0,"118":0,"119":0,"120":0,"121":0,"122":0,"123":0,"124":0,"125":0,"126":0,"127":0,"128":0,"129":0,"130":0,"131":0,"132":0,"133":0,"134":0,"135":0,"136":0,"137":0,"138":0,"139":0,"140":0,"141":0,"142":0,"143":0,"144":0,"145":0,"146":0,"147":0,"148":0,"149":0,"150":0,"151":0,"152":0,"153":0,"154":0,"155":0,"156":0,"157":0,"158":0,"159":0,"160":0,"161":0,"162":0,"163":0,"164":0,"165":0,"166":0,"167":0,"168":0,"169":0,"170":0,"171":0,"172":0,"173":0,"174":0,"175":0,"176":0,"177":0,"178":0,"179":0,"180":0,"181":0,"182":0,"183":0,"184":0,"185":0,"186":0,"187":0,"188":0,"189":0,"190":0,"191":0,"192":0,"193":0,"194":0,"195":0,"196":0,"197":0,"198":0,"199":0,"200":0,"201":0,"202":0,"203":0,"204":0,"205":0,"206":0,"207":0,"208":0,"209":0,"210":0,"211":0,"212":0,"213":0,"214":0,"215":0,"216":0,"217":0,"218":0,"219":0,"220":0,"221":0,"222":0,"223":0,"224":0,"225":0,"226":0,"227":0,"228":0,"229":0,"230":0,"231":0,"232":0,"233":0,"234":0,"235":0,"236":0,"237":0,"238":0,"239":0,"240":0,"241":0,"242":0,"243":0,"244":0,"245":0,"246":0,"247":0,"248":0,"249":0,"250":0,"251":0,"252":0,"253":0},"f":{"0":0,"1":0,"2":0,"3":0,"4":0,"5":0,"6":0,"7":0,"8":0,"9":0,"10":0,"11":0,"12":0,"13":0,"14":0,"15":0,"16":0,"17":0,"18":0,"19":0,"20":0,"21":0,"22":0,"23":0,"24":0,"25":0,"26":0,"27":0,"28":0,"29":0,"30":0,"31":0,"32":0,"33":0,"34":0,"35":0,"36":0,"37":0,"38":0,"39":0,"40":0},"b":{"0":[0,0],"1":[0,0],"2":[0,0],"3":[0,0],"4":[0,0],"5":[0,0],"6":[0,0],"7":[0,0],"8":[0,0],"9":[0,0],"10":[0,0],"11":[0,0],"12":[0,0],"13":[0,0],"14":[0,0],"15":[0,0],"16":[0,0],"17":[0,0],"18":[0,0],"19":[0,0],"20":[0,0],"21":[0,0],"22":[0,0],"23":[0,0],"24":[0,0],"25":[0,0],"26":[0,0],"27":[0,0],"28":[0,0],"29":[0,0],"30":[0,0],"31":[0,0],"32":[0,0],"33":[0,0],"34":[0,0],"35":[0,0],"36":[0,0],"37":[0,0],"38":[0,0],"39":[0,0],"40":[0,0],"41":[0,0],"42":[0,0],"43":[0,0],"44":[0,0],"45":[0,0],"46":[0,0],"47":[0,0],"48":[0,0],"49":[0,0],"50":[0,0],"51":[0,0],"52":[0,0],"53":[0,0],"54":[0,0],"55":[0,0],"56":[0,0],"57":[0,0],"58":[0,0],"59":[0,0],"60":[0,0],"61":[0,0],"62":[0,0],"63":[0,0],"64":[0,0],"65":[0,0],"66":[0,0],"67":[0,0],"68":[0,0],"69":[0,0],"70":[0,0],"71":[0,0],"72":[0,0],"73":[0,0],"74":[0,0],"75":[0,0],"76":[0,0],"77":[0,0],"78":[0,0],"79":[0,0],"80":[0,0],"81":[0,0],"82":[0,0],"83":[0,0],"84":[0,0],"85":[0,0],"86":[0,0],"87":[0,0],"88":[0,0],"89":[0,0],"90":[0,0],"91":[0,0],"92":[0,0],"93":[0,0],"94":[0,0],"95":[0,0],"96":[0,0],"97":[0,0],"98":[0,0],"99":[0,0],"100":[0,0],"101":[0,0],"102":[0,0],"103":[0,0],"104":[0,0],"105":[0,0]}}
,"/home/suser/DEVs/GITs/GITHUBs/Cypher.js/js/CypherNG/core/IDFactory.js": {"path":"/home/suser/DEVs/GITs/GITHUBs/Cypher.js/js/CypherNG/core/IDFactory.js","statementMap":{"0":{"start":{"line":14,"column":4},"end":{"line":14,"column":18}},"1":{"start":{"line":22,"column":4},"end":{"line":22,"column":22}},"2":{"start":{"line":30,"column":4},"end":{"line":30,"column":24}},"3":{"start":{"line":37,"column":4},"end":{"line":37,"column":18}},"4":{"start":{"line":45,"column":4},"end":{"line":45,"column":21}},"5":{"start":{"line":49,"column":0},"end":{"line":49,"column":31}}},"fnMap":{"0":{"name":"(anonymous_0)","decl":{"start":{"line":12,"column":2},"end":{"line":12,"column":3}},"loc":{"start":{"line":12,"column":16},"end":{"line":15,"column":3}},"line":12},"1":{"name":"(anonymous_1)","decl":{"start":{"line":21,"column":2},"end":{"line":21,"column":3}},"loc":{"start":{"line":21,"column":10},"end":{"line":23,"column":3}},"line":21},"2":{"name":"(anonymous_2)","decl":{"start":{"line":29,"column":2},"end":{"line":29,"column":3}},"loc":{"start":{"line":29,"column":14},"end":{"line":31,"column":3}},"line":29},"3":{"name":"(anonymous_3)","decl":{"start":{"line":36,"column":2},"end":{"line":36,"column":3}},"loc":{"start":{"line":36,"column":10},"end":{"line":38,"column":3}},"line":36},"4":{"name":"(anonymous_4)","decl":{"start":{"line":44,"column":2},"end":{"line":44,"column":3}},"loc":{"start":{"line":44,"column":15},"end":{"line":46,"column":3}},"line":44}},"branchMap":{},"s":{"0":4,"1":9,"2":1,"3":1,"4":1,"5":1},"f":{"0":4,"1":9,"2":1,"3":1,"4":1},"b":{},"_coverageSchema":"1a1c01bbd47fc00a2c39e90264f33305004495a9","hash":"0b8c6175fc0f1d2f79cefbd76dbbe40bba9dc2d1"}
,"/home/suser/DEVs/GITs/GITHUBs/Cypher.js/js/CypherNG/core/Node.js": {"path":"/home/suser/DEVs/GITs/GITHUBs/Cypher.js/js/CypherNG/core/Node.js","statementMap":{"0":{"start":{"line":13,"column":4},"end":{"line":13,"column":18}},"1":{"start":{"line":15,"column":4},"end":{"line":15,"column":20}},"2":{"start":{"line":17,"column":4},"end":{"line":17,"column":22}},"3":{"start":{"line":19,"column":4},"end":{"line":19,"column":35}},"4":{"start":{"line":21,"column":4},"end":{"line":21,"column":26}},"5":{"start":{"line":23,"column":4},"end":{"line":23,"column":34}},"6":{"start":{"line":25,"column":4},"end":{"line":25,"column":30}},"7":{"start":{"line":27,"column":4},"end":{"line":27,"column":30}},"8":{"start":{"line":29,"column":4},"end":{"line":29,"column":32}},"9":{"start":{"line":31,"column":4},"end":{"line":31,"column":28}},"10":{"start":{"line":33,"column":4},"end":{"line":33,"column":25}},"11":{"start":{"line":35,"column":4},"end":{"line":35,"column":36}},"12":{"start":{"line":37,"column":4},"end":{"line":37,"column":29}},"13":{"start":{"line":39,"column":4},"end":{"line":39,"column":46}},"14":{"start":{"line":49,"column":4},"end":{"line":49,"column":34}},"15":{"start":{"line":57,"column":4},"end":{"line":57,"column":32}},"16":{"start":{"line":65,"column":4},"end":{"line":65,"column":30}},"17":{"start":{"line":73,"column":4},"end":{"line":73,"column":28}},"18":{"start":{"line":81,"column":4},"end":{"line":81,"column":28}},"19":{"start":{"line":89,"column":4},"end":{"line":89,"column":25}},"20":{"start":{"line":97,"column":4},"end":{"line":103,"column":5}},"21":{"start":{"line":98,"column":6},"end":{"line":102,"column":7}},"22":{"start":{"line":99,"column":8},"end":{"line":99,"column":88}},"23":{"start":{"line":100,"column":13},"end":{"line":102,"column":7}},"24":{"start":{"line":101,"column":8},"end":{"line":101,"column":32}},"25":{"start":{"line":104,"column":4},"end":{"line":104,"column":16}},"26":{"start":{"line":112,"column":4},"end":{"line":118,"column":5}},"27":{"start":{"line":113,"column":6},"end":{"line":117,"column":7}},"28":{"start":{"line":114,"column":8},"end":{"line":114,"column":104}},"29":{"start":{"line":115,"column":13},"end":{"line":117,"column":7}},"30":{"start":{"line":116,"column":8},"end":{"line":116,"column":36}},"31":{"start":{"line":119,"column":4},"end":{"line":119,"column":16}},"32":{"start":{"line":127,"column":4},"end":{"line":129,"column":5}},"33":{"start":{"line":128,"column":6},"end":{"line":128,"column":34}},"34":{"start":{"line":130,"column":4},"end":{"line":130,"column":16}},"35":{"start":{"line":138,"column":4},"end":{"line":140,"column":5}},"36":{"start":{"line":139,"column":6},"end":{"line":139,"column":30}},"37":{"start":{"line":141,"column":4},"end":{"line":141,"column":16}},"38":{"start":{"line":151,"column":4},"end":{"line":151,"column":18}},"39":{"start":{"line":159,"column":4},"end":{"line":159,"column":20}},"40":{"start":{"line":167,"column":4},"end":{"line":167,"column":20}},"41":{"start":{"line":178,"column":4},"end":{"line":178,"column":33}},"42":{"start":{"line":179,"column":4},"end":{"line":179,"column":54}},"43":{"start":{"line":187,"column":4},"end":{"line":189,"column":5}},"44":{"start":{"line":188,"column":6},"end":{"line":188,"column":46}},"45":{"start":{"line":197,"column":4},"end":{"line":199,"column":5}},"46":{"start":{"line":198,"column":6},"end":{"line":198,"column":63}},"47":{"start":{"line":206,"column":4},"end":{"line":208,"column":5}},"48":{"start":{"line":207,"column":6},"end":{"line":207,"column":29}},"49":{"start":{"line":217,"column":4},"end":{"line":217,"column":41}},"50":{"start":{"line":226,"column":24},"end":{"line":226,"column":38}},"51":{"start":{"line":227,"column":4},"end":{"line":227,"column":34}},"52":{"start":{"line":227,"column":22},"end":{"line":227,"column":34}},"53":{"start":{"line":228,"column":4},"end":{"line":228,"column":45}},"54":{"start":{"line":236,"column":4},"end":{"line":236,"column":43}},"55":{"start":{"line":244,"column":4},"end":{"line":244,"column":28}},"56":{"start":{"line":252,"column":4},"end":{"line":252,"column":52}},"57":{"start":{"line":263,"column":4},"end":{"line":263,"column":35}},"58":{"start":{"line":264,"column":4},"end":{"line":266,"column":5}},"59":{"start":{"line":265,"column":6},"end":{"line":265,"column":56}},"60":{"start":{"line":275,"column":4},"end":{"line":275,"column":37}},"61":{"start":{"line":283,"column":4},"end":{"line":285,"column":5}},"62":{"start":{"line":284,"column":6},"end":{"line":284,"column":42}},"63":{"start":{"line":293,"column":4},"end":{"line":293,"column":24}},"64":{"start":{"line":301,"column":4},"end":{"line":301,"column":37}},"65":{"start":{"line":309,"column":4},"end":{"line":309,"column":48}},"66":{"start":{"line":319,"column":4},"end":{"line":319,"column":28}},"67":{"start":{"line":327,"column":4},"end":{"line":327,"column":29}},"68":{"start":{"line":335,"column":4},"end":{"line":335,"column":43}},"69":{"start":{"line":345,"column":4},"end":{"line":345,"column":17}},"70":{"start":{"line":353,"column":4},"end":{"line":353,"column":16}},"71":{"start":{"line":361,"column":4},"end":{"line":361,"column":33}},"72":{"start":{"line":371,"column":4},"end":{"line":371,"column":38}},"73":{"start":{"line":379,"column":4},"end":{"line":379,"column":39}},"74":{"start":{"line":387,"column":4},"end":{"line":387,"column":30}},"75":{"start":{"line":395,"column":4},"end":{"line":395,"column":38}},"76":{"start":{"line":403,"column":4},"end":{"line":403,"column":39}},"77":{"start":{"line":411,"column":4},"end":{"line":411,"column":30}},"78":{"start":{"line":418,"column":4},"end":{"line":418,"column":35}},"79":{"start":{"line":426,"column":4},"end":{"line":429,"column":5}},"80":{"start":{"line":427,"column":6},"end":{"line":427,"column":38}},"81":{"start":{"line":428,"column":6},"end":{"line":428,"column":18}},"82":{"start":{"line":430,"column":4},"end":{"line":430,"column":17}},"83":{"start":{"line":441,"column":4},"end":{"line":443,"column":5}},"84":{"start":{"line":442,"column":6},"end":{"line":442,"column":22}},"85":{"start":{"line":445,"column":26},"end":{"line":445,"column":69}},"86":{"start":{"line":446,"column":4},"end":{"line":446,"column":49}},"87":{"start":{"line":454,"column":17},"end":{"line":454,"column":21}},"88":{"start":{"line":455,"column":4},"end":{"line":465,"column":6}},"89":{"start":{"line":459,"column":35},"end":{"line":459,"column":64}},"90":{"start":{"line":460,"column":34},"end":{"line":460,"column":57}},"91":{"start":{"line":461,"column":30},"end":{"line":461,"column":49}},"92":{"start":{"line":463,"column":8},"end":{"line":463,"column":44}},"93":{"start":{"line":473,"column":4},"end":{"line":473,"column":38}},"94":{"start":{"line":481,"column":4},"end":{"line":481,"column":31}},"95":{"start":{"line":481,"column":19},"end":{"line":481,"column":31}},"96":{"start":{"line":482,"column":4},"end":{"line":482,"column":81}},"97":{"start":{"line":490,"column":4},"end":{"line":490,"column":26}},"98":{"start":{"line":507,"column":4},"end":{"line":507,"column":24}},"99":{"start":{"line":517,"column":4},"end":{"line":519,"column":5}},"100":{"start":{"line":518,"column":6},"end":{"line":518,"column":65}},"101":{"start":{"line":520,"column":4},"end":{"line":520,"column":16}},"102":{"start":{"line":528,"column":4},"end":{"line":530,"column":5}},"103":{"start":{"line":529,"column":6},"end":{"line":529,"column":39}},"104":{"start":{"line":531,"column":4},"end":{"line":531,"column":16}},"105":{"start":{"line":539,"column":4},"end":{"line":541,"column":5}},"106":{"start":{"line":540,"column":6},"end":{"line":540,"column":48}},"107":{"start":{"line":542,"column":4},"end":{"line":542,"column":16}},"108":{"start":{"line":552,"column":4},"end":{"line":552,"column":34}},"109":{"start":{"line":561,"column":4},"end":{"line":563,"column":5}},"110":{"start":{"line":562,"column":6},"end":{"line":562,"column":56}},"111":{"start":{"line":564,"column":4},"end":{"line":564,"column":70}},"112":{"start":{"line":573,"column":4},"end":{"line":575,"column":5}},"113":{"start":{"line":574,"column":6},"end":{"line":574,"column":18}},"114":{"start":{"line":576,"column":16},"end":{"line":576,"column":60}},"115":{"start":{"line":577,"column":4},"end":{"line":577,"column":54}},"116":{"start":{"line":578,"column":4},"end":{"line":578,"column":15}},"117":{"start":{"line":588,"column":17},"end":{"line":588,"column":31}},"118":{"start":{"line":589,"column":4},"end":{"line":589,"column":39}},"119":{"start":{"line":597,"column":17},"end":{"line":597,"column":31}},"120":{"start":{"line":598,"column":4},"end":{"line":598,"column":36}},"121":{"start":{"line":608,"column":14},"end":{"line":608,"column":32}},"122":{"start":{"line":609,"column":4},"end":{"line":609,"column":30}},"123":{"start":{"line":610,"column":4},"end":{"line":610,"column":38}},"124":{"start":{"line":611,"column":4},"end":{"line":611,"column":13}},"125":{"start":{"line":619,"column":4},"end":{"line":623,"column":5}},"126":{"start":{"line":620,"column":6},"end":{"line":622,"column":7}},"127":{"start":{"line":621,"column":8},"end":{"line":621,"column":21}},"128":{"start":{"line":624,"column":4},"end":{"line":630,"column":5}},"129":{"start":{"line":625,"column":6},"end":{"line":629,"column":7}},"130":{"start":{"line":628,"column":8},"end":{"line":628,"column":21}},"131":{"start":{"line":631,"column":4},"end":{"line":631,"column":16}},"132":{"start":{"line":639,"column":19},"end":{"line":639,"column":29}},"133":{"start":{"line":640,"column":4},"end":{"line":640,"column":62}},"134":{"start":{"line":640,"column":34},"end":{"line":640,"column":59}},"135":{"start":{"line":641,"column":4},"end":{"line":641,"column":18}},"136":{"start":{"line":645,"column":0},"end":{"line":645,"column":26}}},"fnMap":{"0":{"name":"(anonymous_0)","decl":{"start":{"line":11,"column":2},"end":{"line":11,"column":3}},"loc":{"start":{"line":11,"column":18},"end":{"line":40,"column":3}},"line":11},"1":{"name":"(anonymous_1)","decl":{"start":{"line":48,"column":2},"end":{"line":48,"column":3}},"loc":{"start":{"line":48,"column":28},"end":{"line":50,"column":3}},"line":48},"2":{"name":"(anonymous_2)","decl":{"start":{"line":56,"column":2},"end":{"line":56,"column":3}},"loc":{"start":{"line":56,"column":22},"end":{"line":58,"column":3}},"line":56},"3":{"name":"(anonymous_3)","decl":{"start":{"line":64,"column":2},"end":{"line":64,"column":3}},"loc":{"start":{"line":64,"column":24},"end":{"line":66,"column":3}},"line":64},"4":{"name":"(anonymous_4)","decl":{"start":{"line":72,"column":2},"end":{"line":72,"column":3}},"loc":{"start":{"line":72,"column":18},"end":{"line":74,"column":3}},"line":72},"5":{"name":"(anonymous_5)","decl":{"start":{"line":80,"column":2},"end":{"line":80,"column":3}},"loc":{"start":{"line":80,"column":22},"end":{"line":82,"column":3}},"line":80},"6":{"name":"(anonymous_6)","decl":{"start":{"line":88,"column":2},"end":{"line":88,"column":3}},"loc":{"start":{"line":88,"column":15},"end":{"line":90,"column":3}},"line":88},"7":{"name":"(anonymous_7)","decl":{"start":{"line":96,"column":2},"end":{"line":96,"column":3}},"loc":{"start":{"line":96,"column":13},"end":{"line":105,"column":3}},"line":96},"8":{"name":"(anonymous_8)","decl":{"start":{"line":111,"column":2},"end":{"line":111,"column":3}},"loc":{"start":{"line":111,"column":17},"end":{"line":120,"column":3}},"line":111},"9":{"name":"(anonymous_9)","decl":{"start":{"line":126,"column":2},"end":{"line":126,"column":3}},"loc":{"start":{"line":126,"column":25},"end":{"line":131,"column":3}},"line":126},"10":{"name":"(anonymous_10)","decl":{"start":{"line":137,"column":2},"end":{"line":137,"column":3}},"loc":{"start":{"line":137,"column":25},"end":{"line":142,"column":3}},"line":137},"11":{"name":"(anonymous_11)","decl":{"start":{"line":150,"column":2},"end":{"line":150,"column":3}},"loc":{"start":{"line":150,"column":12},"end":{"line":152,"column":3}},"line":150},"12":{"name":"(anonymous_12)","decl":{"start":{"line":158,"column":2},"end":{"line":158,"column":3}},"loc":{"start":{"line":158,"column":7},"end":{"line":160,"column":3}},"line":158},"13":{"name":"(anonymous_13)","decl":{"start":{"line":166,"column":2},"end":{"line":166,"column":3}},"loc":{"start":{"line":166,"column":10},"end":{"line":168,"column":3}},"line":166},"14":{"name":"(anonymous_14)","decl":{"start":{"line":177,"column":2},"end":{"line":177,"column":3}},"loc":{"start":{"line":177,"column":31},"end":{"line":180,"column":3}},"line":177},"15":{"name":"(anonymous_15)","decl":{"start":{"line":186,"column":2},"end":{"line":186,"column":3}},"loc":{"start":{"line":186,"column":28},"end":{"line":190,"column":3}},"line":186},"16":{"name":"(anonymous_16)","decl":{"start":{"line":196,"column":2},"end":{"line":196,"column":3}},"loc":{"start":{"line":196,"column":20},"end":{"line":200,"column":3}},"line":196},"17":{"name":"(anonymous_17)","decl":{"start":{"line":205,"column":2},"end":{"line":205,"column":3}},"loc":{"start":{"line":205,"column":19},"end":{"line":209,"column":3}},"line":205},"18":{"name":"(anonymous_18)","decl":{"start":{"line":216,"column":2},"end":{"line":216,"column":3}},"loc":{"start":{"line":216,"column":24},"end":{"line":218,"column":3}},"line":216},"19":{"name":"(anonymous_19)","decl":{"start":{"line":225,"column":2},"end":{"line":225,"column":3}},"loc":{"start":{"line":225,"column":19},"end":{"line":229,"column":3}},"line":225},"20":{"name":"(anonymous_20)","decl":{"start":{"line":235,"column":2},"end":{"line":235,"column":3}},"loc":{"start":{"line":235,"column":18},"end":{"line":237,"column":3}},"line":235},"21":{"name":"(anonymous_21)","decl":{"start":{"line":243,"column":2},"end":{"line":243,"column":3}},"loc":{"start":{"line":243,"column":21},"end":{"line":245,"column":3}},"line":243},"22":{"name":"(anonymous_22)","decl":{"start":{"line":251,"column":2},"end":{"line":251,"column":3}},"loc":{"start":{"line":251,"column":18},"end":{"line":253,"column":3}},"line":251},"23":{"name":"(anonymous_23)","decl":{"start":{"line":262,"column":2},"end":{"line":262,"column":3}},"loc":{"start":{"line":262,"column":30},"end":{"line":267,"column":3}},"line":262},"24":{"name":"(anonymous_24)","decl":{"start":{"line":274,"column":2},"end":{"line":274,"column":3}},"loc":{"start":{"line":274,"column":22},"end":{"line":276,"column":3}},"line":274},"25":{"name":"(anonymous_25)","decl":{"start":{"line":282,"column":2},"end":{"line":282,"column":3}},"loc":{"start":{"line":282,"column":20},"end":{"line":286,"column":3}},"line":282},"26":{"name":"(anonymous_26)","decl":{"start":{"line":292,"column":2},"end":{"line":292,"column":3}},"loc":{"start":{"line":292,"column":11},"end":{"line":294,"column":3}},"line":292},"27":{"name":"(anonymous_27)","decl":{"start":{"line":300,"column":2},"end":{"line":300,"column":3}},"loc":{"start":{"line":300,"column":14},"end":{"line":302,"column":3}},"line":300},"28":{"name":"(anonymous_28)","decl":{"start":{"line":308,"column":2},"end":{"line":308,"column":3}},"loc":{"start":{"line":308,"column":14},"end":{"line":310,"column":3}},"line":308},"29":{"name":"(anonymous_29)","decl":{"start":{"line":318,"column":2},"end":{"line":318,"column":3}},"loc":{"start":{"line":318,"column":22},"end":{"line":320,"column":3}},"line":318},"30":{"name":"(anonymous_30)","decl":{"start":{"line":326,"column":2},"end":{"line":326,"column":3}},"loc":{"start":{"line":326,"column":19},"end":{"line":328,"column":3}},"line":326},"31":{"name":"(anonymous_31)","decl":{"start":{"line":334,"column":2},"end":{"line":334,"column":3}},"loc":{"start":{"line":334,"column":19},"end":{"line":336,"column":3}},"line":334},"32":{"name":"(anonymous_32)","decl":{"start":{"line":344,"column":2},"end":{"line":344,"column":3}},"loc":{"start":{"line":344,"column":19},"end":{"line":346,"column":3}},"line":344},"33":{"name":"(anonymous_33)","decl":{"start":{"line":352,"column":2},"end":{"line":352,"column":3}},"loc":{"start":{"line":352,"column":11},"end":{"line":354,"column":3}},"line":352},"34":{"name":"(anonymous_34)","decl":{"start":{"line":360,"column":2},"end":{"line":360,"column":3}},"loc":{"start":{"line":360,"column":9},"end":{"line":362,"column":3}},"line":360},"35":{"name":"(anonymous_35)","decl":{"start":{"line":370,"column":2},"end":{"line":370,"column":3}},"loc":{"start":{"line":370,"column":32},"end":{"line":372,"column":3}},"line":370},"36":{"name":"(anonymous_36)","decl":{"start":{"line":378,"column":2},"end":{"line":378,"column":3}},"loc":{"start":{"line":378,"column":15},"end":{"line":380,"column":3}},"line":378},"37":{"name":"(anonymous_37)","decl":{"start":{"line":386,"column":2},"end":{"line":386,"column":3}},"loc":{"start":{"line":386,"column":20},"end":{"line":388,"column":3}},"line":386},"38":{"name":"(anonymous_38)","decl":{"start":{"line":394,"column":2},"end":{"line":394,"column":3}},"loc":{"start":{"line":394,"column":32},"end":{"line":396,"column":3}},"line":394},"39":{"name":"(anonymous_39)","decl":{"start":{"line":402,"column":2},"end":{"line":402,"column":3}},"loc":{"start":{"line":402,"column":15},"end":{"line":404,"column":3}},"line":402},"40":{"name":"(anonymous_40)","decl":{"start":{"line":410,"column":2},"end":{"line":410,"column":3}},"loc":{"start":{"line":410,"column":20},"end":{"line":412,"column":3}},"line":410},"41":{"name":"(anonymous_41)","decl":{"start":{"line":417,"column":2},"end":{"line":417,"column":3}},"loc":{"start":{"line":417,"column":25},"end":{"line":419,"column":3}},"line":417},"42":{"name":"(anonymous_42)","decl":{"start":{"line":425,"column":2},"end":{"line":425,"column":3}},"loc":{"start":{"line":425,"column":22},"end":{"line":431,"column":3}},"line":425},"43":{"name":"(anonymous_43)","decl":{"start":{"line":440,"column":2},"end":{"line":440,"column":3}},"loc":{"start":{"line":440,"column":13},"end":{"line":447,"column":3}},"line":440},"44":{"name":"(anonymous_44)","decl":{"start":{"line":453,"column":2},"end":{"line":453,"column":3}},"loc":{"start":{"line":453,"column":13},"end":{"line":466,"column":3}},"line":453},"45":{"name":"(anonymous_45)","decl":{"start":{"line":459,"column":19},"end":{"line":459,"column":20}},"loc":{"start":{"line":459,"column":33},"end":{"line":459,"column":66}},"line":459},"46":{"name":"(anonymous_46)","decl":{"start":{"line":460,"column":21},"end":{"line":460,"column":22}},"loc":{"start":{"line":460,"column":32},"end":{"line":460,"column":59}},"line":460},"47":{"name":"(anonymous_47)","decl":{"start":{"line":461,"column":17},"end":{"line":461,"column":18}},"loc":{"start":{"line":461,"column":28},"end":{"line":461,"column":51}},"line":461},"48":{"name":"(anonymous_48)","decl":{"start":{"line":462,"column":15},"end":{"line":462,"column":16}},"loc":{"start":{"line":462,"column":26},"end":{"line":464,"column":7}},"line":462},"49":{"name":"(anonymous_49)","decl":{"start":{"line":472,"column":2},"end":{"line":472,"column":3}},"loc":{"start":{"line":472,"column":13},"end":{"line":474,"column":3}},"line":472},"50":{"name":"(anonymous_50)","decl":{"start":{"line":480,"column":2},"end":{"line":480,"column":3}},"loc":{"start":{"line":480,"column":12},"end":{"line":483,"column":3}},"line":480},"51":{"name":"(anonymous_51)","decl":{"start":{"line":489,"column":2},"end":{"line":489,"column":3}},"loc":{"start":{"line":489,"column":19},"end":{"line":491,"column":3}},"line":489},"52":{"name":"(anonymous_52)","decl":{"start":{"line":498,"column":2},"end":{"line":498,"column":3}},"loc":{"start":{"line":498,"column":15},"end":{"line":500,"column":3}},"line":498},"53":{"name":"(anonymous_53)","decl":{"start":{"line":506,"column":2},"end":{"line":506,"column":3}},"loc":{"start":{"line":506,"column":19},"end":{"line":508,"column":3}},"line":506},"54":{"name":"(anonymous_54)","decl":{"start":{"line":516,"column":2},"end":{"line":516,"column":3}},"loc":{"start":{"line":516,"column":36},"end":{"line":521,"column":3}},"line":516},"55":{"name":"(anonymous_55)","decl":{"start":{"line":527,"column":2},"end":{"line":527,"column":3}},"loc":{"start":{"line":527,"column":11},"end":{"line":532,"column":3}},"line":527},"56":{"name":"(anonymous_56)","decl":{"start":{"line":538,"column":2},"end":{"line":538,"column":3}},"loc":{"start":{"line":538,"column":10},"end":{"line":543,"column":3}},"line":538},"57":{"name":"(anonymous_57)","decl":{"start":{"line":551,"column":2},"end":{"line":551,"column":3}},"loc":{"start":{"line":551,"column":23},"end":{"line":553,"column":3}},"line":551},"58":{"name":"(anonymous_58)","decl":{"start":{"line":560,"column":2},"end":{"line":560,"column":3}},"loc":{"start":{"line":560,"column":59},"end":{"line":565,"column":3}},"line":560},"59":{"name":"(anonymous_59)","decl":{"start":{"line":572,"column":2},"end":{"line":572,"column":3}},"loc":{"start":{"line":572,"column":44},"end":{"line":579,"column":3}},"line":572},"60":{"name":"(anonymous_60)","decl":{"start":{"line":587,"column":2},"end":{"line":587,"column":3}},"loc":{"start":{"line":587,"column":15},"end":{"line":590,"column":3}},"line":587},"61":{"name":"(anonymous_61)","decl":{"start":{"line":596,"column":2},"end":{"line":596,"column":3}},"loc":{"start":{"line":596,"column":17},"end":{"line":599,"column":3}},"line":596},"62":{"name":"(anonymous_62)","decl":{"start":{"line":607,"column":2},"end":{"line":607,"column":3}},"loc":{"start":{"line":607,"column":9},"end":{"line":612,"column":3}},"line":607},"63":{"name":"(anonymous_63)","decl":{"start":{"line":618,"column":2},"end":{"line":618,"column":3}},"loc":{"start":{"line":618,"column":13},"end":{"line":632,"column":3}},"line":618},"64":{"name":"(anonymous_64)","decl":{"start":{"line":638,"column":2},"end":{"line":638,"column":3}},"loc":{"start":{"line":638,"column":37},"end":{"line":642,"column":3}},"line":638},"65":{"name":"(anonymous_65)","decl":{"start":{"line":640,"column":21},"end":{"line":640,"column":22}},"loc":{"start":{"line":640,"column":32},"end":{"line":640,"column":61}},"line":640}},"branchMap":{"0":{"loc":{"start":{"line":97,"column":4},"end":{"line":103,"column":5}},"type":"if","locations":[{"start":{"line":97,"column":4},"end":{"line":103,"column":5}},{"start":{},"end":{}}],"line":97},"1":{"loc":{"start":{"line":98,"column":6},"end":{"line":102,"column":7}},"type":"if","locations":[{"start":{"line":98,"column":6},"end":{"line":102,"column":7}},{"start":{"line":100,"column":13},"end":{"line":102,"column":7}}],"line":98},"2":{"loc":{"start":{"line":98,"column":10},"end":{"line":98,"column":78}},"type":"binary-expr","locations":[{"start":{"line":98,"column":10},"end":{"line":98,"column":41}},{"start":{"line":98,"column":45},"end":{"line":98,"column":78}}],"line":98},"3":{"loc":{"start":{"line":99,"column":15},"end":{"line":99,"column":87}},"type":"cond-expr","locations":[{"start":{"line":99,"column":48},"end":{"line":99,"column":80}},{"start":{"line":99,"column":83},"end":{"line":99,"column":87}}],"line":99},"4":{"loc":{"start":{"line":100,"column":13},"end":{"line":102,"column":7}},"type":"if","locations":[{"start":{"line":100,"column":13},"end":{"line":102,"column":7}},{"start":{},"end":{}}],"line":100},"5":{"loc":{"start":{"line":100,"column":17},"end":{"line":100,"column":69}},"type":"binary-expr","locations":[{"start":{"line":100,"column":17},"end":{"line":100,"column":40}},{"start":{"line":100,"column":44},"end":{"line":100,"column":69}}],"line":100},"6":{"loc":{"start":{"line":112,"column":4},"end":{"line":118,"column":5}},"type":"if","locations":[{"start":{"line":112,"column":4},"end":{"line":118,"column":5}},{"start":{},"end":{}}],"line":112},"7":{"loc":{"start":{"line":113,"column":6},"end":{"line":117,"column":7}},"type":"if","locations":[{"start":{"line":113,"column":6},"end":{"line":117,"column":7}},{"start":{"line":115,"column":13},"end":{"line":117,"column":7}}],"line":113},"8":{"loc":{"start":{"line":113,"column":10},"end":{"line":113,"column":86}},"type":"binary-expr","locations":[{"start":{"line":113,"column":10},"end":{"line":113,"column":45}},{"start":{"line":113,"column":49},"end":{"line":113,"column":86}}],"line":113},"9":{"loc":{"start":{"line":114,"column":15},"end":{"line":114,"column":103}},"type":"cond-expr","locations":[{"start":{"line":114,"column":56},"end":{"line":114,"column":96}},{"start":{"line":114,"column":99},"end":{"line":114,"column":103}}],"line":114},"10":{"loc":{"start":{"line":115,"column":13},"end":{"line":117,"column":7}},"type":"if","locations":[{"start":{"line":115,"column":13},"end":{"line":117,"column":7}},{"start":{},"end":{}}],"line":115},"11":{"loc":{"start":{"line":115,"column":17},"end":{"line":115,"column":77}},"type":"binary-expr","locations":[{"start":{"line":115,"column":17},"end":{"line":115,"column":44}},{"start":{"line":115,"column":48},"end":{"line":115,"column":77}}],"line":115},"12":{"loc":{"start":{"line":127,"column":4},"end":{"line":129,"column":5}},"type":"if","locations":[{"start":{"line":127,"column":4},"end":{"line":129,"column":5}},{"start":{},"end":{}}],"line":127},"13":{"loc":{"start":{"line":127,"column":8},"end":{"line":127,"column":108}},"type":"binary-expr","locations":[{"start":{"line":127,"column":8},"end":{"line":127,"column":28}},{"start":{"line":127,"column":32},"end":{"line":127,"column":67}},{"start":{"line":127,"column":71},"end":{"line":127,"column":108}}],"line":127},"14":{"loc":{"start":{"line":138,"column":4},"end":{"line":140,"column":5}},"type":"if","locations":[{"start":{"line":138,"column":4},"end":{"line":140,"column":5}},{"start":{},"end":{}}],"line":138},"15":{"loc":{"start":{"line":138,"column":8},"end":{"line":138,"column":96}},"type":"binary-expr","locations":[{"start":{"line":138,"column":8},"end":{"line":138,"column":24}},{"
[...]
3}},"line":70},"6":{"name":"(anonymous_6)","decl":{"start":{"line":78,"column":2},"end":{"line":78,"column":3}},"loc":{"start":{"line":78,"column":9},"end":{"line":80,"column":3}},"line":78},"7":{"name":"(anonymous_7)","decl":{"start":{"line":86,"column":2},"end":{"line":86,"column":3}},"loc":{"start":{"line":86,"column":12},"end":{"line":88,"column":3}},"line":86},"8":{"name":"(anonymous_8)","decl":{"start":{"line":93,"column":2},"end":{"line":93,"column":3}},"loc":{"start":{"line":93,"column":10},"end":{"line":95,"column":3}},"line":93},"9":{"name":"(anonymous_9)","decl":{"start":{"line":101,"column":2},"end":{"line":101,"column":3}},"loc":{"start":{"line":101,"column":12},"end":{"line":103,"column":3}},"line":101},"10":{"name":"(anonymous_10)","decl":{"start":{"line":109,"column":2},"end":{"line":109,"column":3}},"loc":{"start":{"line":109,"column":10},"end":{"line":111,"column":3}},"line":109},"11":{"name":"(anonymous_11)","decl":{"start":{"line":117,"column":2},"end":{"line":117,"column":3}},"loc":{"start":{"line":117,"column":9},"end":{"line":119,"column":3}},"line":117},"12":{"name":"(anonymous_12)","decl":{"start":{"line":125,"column":2},"end":{"line":125,"column":3}},"loc":{"start":{"line":125,"column":15},"end":{"line":127,"column":3}},"line":125},"13":{"name":"(anonymous_13)","decl":{"start":{"line":133,"column":2},"end":{"line":133,"column":3}},"loc":{"start":{"line":133,"column":17},"end":{"line":135,"column":3}},"line":133},"14":{"name":"(anonymous_14)","decl":{"start":{"line":141,"column":2},"end":{"line":141,"column":3}},"loc":{"start":{"line":141,"column":11},"end":{"line":143,"column":3}},"line":141},"15":{"name":"(anonymous_15)","decl":{"start":{"line":150,"column":2},"end":{"line":150,"column":3}},"loc":{"start":{"line":150,"column":15},"end":{"line":152,"column":3}},"line":150}},"branchMap":{"0":{"loc":{"start":{"line":14,"column":17},"end":{"line":14,"column":65}},"type":"cond-expr","locations":[{"start":{"line":14,"column":56},"end":{"line":14,"column":60}},{"start":{"line":14,"column":63},"end":{"line":14,"column":65}}],"line":14},"1":{"loc":{"start":{"line":14,"column":18},"end":{"line":14,"column":52}},"type":"binary-expr","locations":[{"start":{"line":14,"column":18},"end":{"line":14,"column":22}},{"start":{"line":14,"column":26},"end":{"line":14,"column":52}}],"line":14},"2":{"loc":{"start":{"line":27,"column":4},"end":{"line":36,"column":5}},"type":"if","locations":[{"start":{"line":27,"column":4},"end":{"line":36,"column":5}},{"start":{"line":32,"column":11},"end":{"line":36,"column":5}}],"line":27},"3":{"loc":{"start":{"line":30,"column":29},"end":{"line":30,"column":69}},"type":"cond-expr","locations":[{"start":{"line":30,"column":50},"end":{"line":30,"column":62}},{"start":{"line":30,"column":65},"end":{"line":30,"column":69}}],"line":30},"4":{"loc":{"start":{"line":30,"column":29},"end":{"line":30,"column":47}},"type":"binary-expr","locations":[{"start":{"line":30,"column":29},"end":{"line":30,"column":33}},{"start":{"line":30,"column":37},"end":{"line":30,"column":47}}],"line":30},"5":{"loc":{"start":{"line":44,"column":4},"end":{"line":44,"column":28}},"type":"if","locations":[{"start":{"line":44,"column":4},"end":{"line":44,"column":28}},{"start":{},"end":{}}],"line":44}},"s":{"0":7,"1":7,"2":7,"3":4,"4":4,"5":3,"6":3,"7":3,"8":3,"9":1,"10":1,"11":3,"12":9,"13":0,"14":9,"15":4,"16":4,"17":1,"18":0,"19":0,"20":0,"21":0,"22":0,"23":1,"24":0,"25":0,"26":2,"27":0,"28":2},"f":{"0":7,"1":4,"2":9,"3":4,"4":1,"5":0,"6":0,"7":0,"8":0,"9":0,"10":0,"11":1,"12":0,"13":0,"14":2,"15":0},"b":{"0":[1,6],"1":[7,1],"2":[3,1],"3":[3,0],"4":[3,3],"5":[0,9]},"_coverageSchema":"1a1c01bbd47fc00a2c39e90264f33305004495a9","hash":"c7a26b6883195bc970afb8f2de27002ae99306b1"}
,"/home/suser/DEVs/GITs/GITHUBs/Cypher.js/js/CypherNG/types/Predicate.js": {"path":"/home/suser/DEVs/GITs/GITHUBs/Cypher.js/js/CypherNG/types/Predicate.js","statementMap":{"0":{"start":{"line":9,"column":4},"end":{"line":9,"column":39}},"1":{"start":{"line":11,"column":4},"end":{"line":11,"column":26}},"2":{"start":{"line":13,"column":4},"end":{"line":13,"column":22}},"3":{"start":{"line":15,"column":4},"end":{"line":15,"column":23}},"4":{"start":{"line":23,"column":4},"end":{"line":23,"column":56}},"5":{"start":{"line":32,"column":4},"end":{"line":32,"column":58}},"6":{"start":{"line":32,"column":43},"end":{"line":32,"column":55}},"7":{"start":{"line":40,"column":4},"end":{"line":40,"column":22}},"8":{"start":{"line":48,"column":4},"end":{"line":48,"column":24}},"9":{"start":{"line":49,"column":4},"end":{"line":51,"column":5}},"10":{"start":{"line":50,"column":6},"end":{"line":50,"column":76}},"11":{"start":{"line":59,"column":4},"end":{"line":59,"column":24}},"12":{"start":{"line":67,"column":4},"end":{"line":67,"column":17}},"13":{"start":{"line":75,"column":4},"end":{"line":75,"column":16}},"14":{"start":{"line":90,"column":4},"end":{"line":90,"column":16}},"15":{"start":{"line":98,"column":17},"end":{"line":98,"column":81}},"16":{"start":{"line":99,"column":4},"end":{"line":101,"column":5}},"17":{"start":{"line":100,"column":6},"end":{"line":100,"column":58}},"18":{"start":{"line":103,"column":16},"end":{"line":103,"column":17}},"19":{"start":{"line":104,"column":4},"end":{"line":112,"column":5}},"20":{"start":{"line":104,"column":17},"end":{"line":104,"column":18}},"21":{"start":{"line":105,"column":6},"end":{"line":107,"column":7}},"22":{"start":{"line":106,"column":8},"end":{"line":106,"column":51}},"23":{"start":{"line":108,"column":25},"end":{"line":108,"column":93}},"24":{"start":{"line":109,"column":6},"end":{"line":111,"column":7}},"25":{"start":{"line":110,"column":8},"end":{"line":110,"column":16}},"26":{"start":{"line":114,"column":4},"end":{"line":123,"column":5}},"27":{"start":{"line":116,"column":8},"end":{"line":116,"column":37}},"28":{"start":{"line":118,"column":8},"end":{"line":118,"column":25}},"29":{"start":{"line":120,"column":8},"end":{"line":120,"column":21}},"30":{"start":{"line":122,"column":8},"end":{"line":122,"column":21}},"31":{"start":{"line":131,"column":4},"end":{"line":131,"column":33}},"32":{"start":{"line":139,"column":4},"end":{"line":139,"column":22}},"33":{"start":{"line":147,"column":4},"end":{"line":147,"column":22}},"34":{"start":{"line":151,"column":0},"end":{"line":151,"column":31}}},"fnMap":{"0":{"name":"(anonymous_0)","decl":{"start":{"line":7,"column":2},"end":{"line":7,"column":3}},"loc":{"start":{"line":7,"column":16},"end":{"line":16,"column":3}},"line":7},"1":{"name":"(anonymous_1)","decl":{"start":{"line":22,"column":2},"end":{"line":22,"column":3}},"loc":{"start":{"line":22,"column":50},"end":{"line":24,"column":3}},"line":22},"2":{"name":"(anonymous_2)","decl":{"start":{"line":30,"column":2},"end":{"line":30,"column":3}},"loc":{"start":{"line":30,"column":25},"end":{"line":33,"column":3}},"line":30},"3":{"name":"(anonymous_3)","decl":{"start":{"line":32,"column":37},"end":{"line":32,"column":38}},"loc":{"start":{"line":32,"column":43},"end":{"line":32,"column":55}},"line":32},"4":{"name":"(anonymous_4)","decl":{"start":{"line":39,"column":2},"end":{"line":39,"column":3}},"loc":{"start":{"line":39,"column":13},"end":{"line":41,"column":3}},"line":39},"5":{"name":"(anonymous_5)","decl":{"start":{"line":47,"column":2},"end":{"line":47,"column":3}},"loc":{"start":{"line":47,"column":15},"end":{"line":52,"column":3}},"line":47},"6":{"name":"(anonymous_6)","decl":{"start":{"line":58,"column":2},"end":{"line":58,"column":3}},"loc":{"start":{"line":58,"column":8},"end":{"line":60,"column":3}},"line":58},"7":{"name":"(anonymous_7)","decl":{"start":{"line":66,"column":2},"end":{"line":66,"column":3}},"loc":{"start":{"line":66,"column":9},"end":{"line":68,"column":3}},"line":66},"8":{"name":"(anonymous_8)","decl":{"start":{"line":74,"column":2},"end":{"line":74,"column":3}},"loc":{"start":{"line":74,"column":12},"end":{"line":76,"column":3}},"line":74},"9":{"name":"(anonymous_9)","decl":{"start":{"line":81,"column":2},"end":{"line":81,"column":3}},"loc":{"start":{"line":81,"column":10},"end":{"line":83,"column":3}},"line":81},"10":{"name":"(anonymous_10)","decl":{"start":{"line":89,"column":2},"end":{"line":89,"column":3}},"loc":{"start":{"line":89,"column":12},"end":{"line":91,"column":3}},"line":89},"11":{"name":"(anonymous_11)","decl":{"start":{"line":97,"column":2},"end":{"line":97,"column":3}},"loc":{"start":{"line":97,"column":10},"end":{"line":124,"column":3}},"line":97},"12":{"name":"(anonymous_12)","decl":{"start":{"line":130,"column":2},"end":{"line":130,"column":3}},"loc":{"start":{"line":130,"column":9},"end":{"line":132,"column":3}},"line":130},"13":{"name":"(anonymous_13)","decl":{"start":{"line":138,"column":2},"end":{"line":138,"column":3}},"loc":{"start":{"line":138,"column":15},"end":{"line":140,"column":3}},"line":138},"14":{"name":"(anonymous_14)","decl":{"start":{"line":146,"column":2},"end":{"line":146,"column":3}},"loc":{"start":{"line":146,"column":17},"end":{"line":148,"column":3}},"line":146}},"branchMap":{"0":{"loc":{"start":{"line":49,"column":4},"end":{"line":51,"column":5}},"type":"if","locations":[{"start":{"line":49,"column":4},"end":{"line":51,"column":5}},{"start":{},"end":{}}],"line":49},"1":{"loc":{"start":{"line":49,"column":8},"end":{"line":49,"column":57}},"type":"binary-expr","locations":[{"start":{"line":49,"column":8},"end":{"line":49,"column":13}},{"start":{"line":49,"column":17},"end":{"line":49,"column":39}},{"start":{"line":49,"column":43},"end":{"line":49,"column":57}}],"line":49},"2":{"loc":{"start":{"line":98,"column":17},"end":{"line":98,"column":81}},"type":"cond-expr","locations":[{"start":{"line":98,"column":50},"end":{"line":98,"column":68}},{"start":{"line":98,"column":71},"end":{"line":98,"column":81}}],"line":98},"3":{"loc":{"start":{"line":98,"column":17},"end":{"line":98,"column":47}},"type":"binary-expr","locations":[{"start":{"line":98,"column":17},"end":{"line":98,"column":27}},{"start":{"line":98,"column":31},"end":{"line":98,"column":47}}],"line":98},"4":{"loc":{"start":{"line":99,"column":4},"end":{"line":101,"column":5}},"type":"if","locations":[{"start":{"line":99,"column":4},"end":{"line":101,"column":5}},{"start":{},"end":{}}],"line":99},"5":{"loc":{"start":{"line":105,"column":6},"end":{"line":107,"column":7}},"type":"if","locations":[{"start":{"line":105,"column":6},"end":{"line":107,"column":7}},{"start":{},"end":{}}],"line":105},"6":{"loc":{"start":{"line":105,"column":10},"end":{"line":105,"column":61}},"type":"binary-expr","locations":[{"start":{"line":105,"column":10},"end":{"line":105,"column":24}},{"start":{"line":105,"column":28},"end":{"line":105,"column":61}}],"line":105},"7":{"loc":{"start":{"line":108,"column":25},"end":{"line":108,"column":93}},"type":"cond-expr","locations":[{"start":{"line":108,"column":60},"end":{"line":108,"column":79}},{"start":{"line":108,"column":82},"end":{"line":108,"column":93}}],"line":108},"8":{"loc":{"start":{"line":108,"column":25},"end":{"line":108,"column":57}},"type":"binary-expr","locations":[{"start":{"line":108,"column":25},"end":{"line":108,"column":36}},{"start":{"line":108,"column":40},"end":{"line":108,"column":57}}],"line":108},"9":{"loc":{"start":{"line":109,"column":6},"end":{"line":111,"column":7}},"type":"if","locations":[{"start":{"line":109,"column":6},"end":{"line":111,"column":7}},{"start":{},"end":{}}],"line":109},"10":{"loc":{"start":{"line":114,"column":4},"end":{"line":123,"column":5}},"type":"switch","locations":[{"start":{"line":115,"column":6},"end":{"line":116,"column":37}},{"start":{"line":117,"column":6},"end":{"line":118,"column":25}},{"start":{"line":119,"column":6},"end":{"line":120,"column":21}},{"start":{"line":121,"column":6},"end":{"line":122,"column":21}}],"line":114}},"s":{"0":4,"1":4,"2":4,"3":4,"4":4,"5":0,"6":0,"7":4,"8":3,"9":3,"10":0,"11":0,"12":0,"13":0,"14":0,"15":4,"16":4,"17":1,"18":3,"19":3,"20":3,"21":11,"22":0,"23":11,"24":11,"25":11,"26":3,"27":1,"28":1,"29":1,"30":0,"31":0,"32":0,"33":0,"34":2},"f":{"0":4,"1":4,"2":0,"3":0,"4":4,"5":3,"6":0,"7":0,"8":0,"9":0,"10":0,"11":4,"12":0,"13":0,"14":0},"b":{"0":[0,3],"1":[3,3,0],"2":[4,0],"3":[4,4],"4":[1,3],"5":[0,11],"6":[11,0],"7":[11,0],"8":[11,11],"9":[11,0],"10":[1,1,1,0]},"_coverageSchema":"1a1c01bbd47fc00a2c39e90264f33305004495a9","hash":"10a2aa8350507e0136224eeb46954086c66a18c4"}
,"/home/suser/DEVs/GITs/GITHUBs/Cypher.js/js/CypherNG/types/Table.js": {"path":"/home/suser/DEVs/GITs/GITHUBs/Cypher.js/js/CypherNG/types/Table.js","statementMap":{"0":{"start":{"line":13,"column":4},"end":{"line":13,"column":18}},"1":{"start":{"line":15,"column":4},"end":{"line":15,"column":32}},"2":{"start":{"line":17,"column":4},"end":{"line":17,"column":28}},"3":{"start":{"line":20,"column":4},"end":{"line":22,"column":5}},"4":{"start":{"line":21,"column":6},"end":{"line":21,"column":24}},"5":{"start":{"line":31,"column":24},"end":{"line":31,"column":63}},"6":{"start":{"line":32,"column":4},"end":{"line":32,"column":71}},"7":{"start":{"line":33,"column":4},"end":{"line":33,"column":42}},"8":{"start":{"line":42,"column":4},"end":{"line":44,"column":5}},"9":{"start":{"line":43,"column":6},"end":{"line":43,"column":53}},"10":{"start":{"line":53,"column":4},"end":{"line":53,"column":42}},"11":{"start":{"line":61,"column":4},"end":{"line":61,"column":27}},"12":{"start":{"line":69,"column":4},"end":{"line":69,"column":33}},"13":{"start":{"line":73,"column":0},"end":{"line":73,"column":27}}},"fnMap":{"0":{"name":"(anonymous_0)","decl":{"start":{"line":11,"column":2},"end":{"line":11,"column":3}},"loc":{"start":{"line":11,"column":29},"end":{"line":23,"column":3}},"line":11},"1":{"name":"(anonymous_1)","decl":{"start":{"line":30,"column":2},"end":{"line":30,"column":3}},"loc":{"start":{"line":30,"column":24},"end":{"line":34,"column":3}},"line":30},"2":{"name":"(anonymous_2)","decl":{"start":{"line":41,"column":2},"end":{"line":41,"column":3}},"loc":{"start":{"line":41,"column":30},"end":{"line":45,"column":3}},"line":41},"3":{"name":"(anonymous_3)","decl":{"start":{"line":52,"column":2},"end":{"line":52,"column":3}},"loc":{"start":{"line":52,"column":24},"end":{"line":54,"column":3}},"line":52},"4":{"name":"(anonymous_4)","decl":{"start":{"line":60,"column":2},"end":{"line":60,"column":3}},"loc":{"start":{"line":60,"column":9},"end":{"line":62,"column":3}},"line":60},"5":{"name":"(anonymous_5)","decl":{"start":{"line":68,"column":2},"end":{"line":68,"column":3}},"loc":{"start":{"line":68,"column":9},"end":{"line":70,"column":3}},"line":68}},"branchMap":{"0":{"loc":{"start":{"line":20,"column":4},"end":{"line":22,"column":5}},"type":"if","locations":[{"start":{"line":20,"column":4},"end":{"line":22,"column":5}},{"start":{},"end":{}}],"line":20},"1":{"loc":{"start":{"line":20,"column":8},"end":{"line":20,"column":25}},"type":"binary-expr","locations":[{"start":{"line":20,"column":8},"end":{"line":20,"column":10}},{"start":{"line":20,"column":14},"end":{"line":20,"column":25}}],"line":20},"2":{"loc":{"start":{"line":42,"column":4},"end":{"line":44,"column":5}},"type":"if","locations":[{"start":{"line":42,"column":4},"end":{"line":44,"column":5}},{"start":{},"end":{}}],"line":42}},"s":{"0":3,"1":3,"2":3,"3":3,"4":0,"5":2,"6":2,"7":2,"8":0,"9":0,"10":1,"11":1,"12":1,"13":1},"f":{"0":3,"1":2,"2":0,"3":1,"4":1,"5":1},"b":{"0":[0,3],"1":[3,0],"2":[0,0]},"_coverageSchema":"1a1c01bbd47fc00a2c39e90264f33305004495a9","hash":"495955e56bdc43566544449ff504af84fd0fd8e0"}
,"/home/suser/DEVs/GITs/GITHUBs/Cypher.js/js/CypherNG/types/TableColumn.js": {"path":"/home/suser/DEVs/GITs/GITHUBs/Cypher.js/js/CypherNG/types/TableColumn.js","statementMap":{"0":{"start":{"line":13,"column":4},"end":{"line":13,"column":24}},"1":{"start":{"line":15,"column":4},"end":{"line":15,"column":34}},"2":{"start":{"line":17,"column":4},"end":{"line":17,"column":26}},"3":{"start":{"line":19,"column":4},"end":{"line":19,"column":22}},"4":{"start":{"line":21,"column":4},"end":{"line":21,"column":25}},"5":{"start":{"line":23,"column":4},"end":{"line":23,"column":29}},"6":{"start":{"line":31,"column":4},"end":{"line":41,"column":5}},"7":{"start":{"line":32,"column":6},"end":{"line":37,"column":7}},"8":{"start":{"line":33,"column":8},"end":{"line":33,"column":56}},"9":{"start":{"line":35,"column":8},"end":{"line":35,"column":33}},"10":{"start":{"line":36,"column":8},"end":{"line":36,"column":33}},"11":{"start":{"line":39,"column":6},"end":{"line":39,"column":31}},"12":{"start":{"line":40,"column":6},"end":{"line":40,"column":31}},"13":{"start":{"line":49,"column":4},"end":{"line":52,"column":5}},"14":{"start":{"line":50,"column":6},"end":{"line":50,"column":31}},"15":{"start":{"line":51,"column":6},"end":{"line":51,"column":25}},"16":{"start":{"line":53,"column":4},"end":{"line":53,"column":27}},"17":{"start":{"line":54,"column":4},"end":{"line":54,"column":42}},"18":{"start":{"line":61,"column":4},"end":{"line":61,"column":25}},"19":{"start":{"line":62,"column":4},"end":{"line":62,"column":29}},"20":{"start":{"line":70,"column":4},"end":{"line":70,"column":28}},"21":{"start":{"line":78,"column":4},"end":{"line":78,"column":33}},"22":{"start":{"line":86,"column":19},"end":{"line":86,"column":21}},"23":{"start":{"line":87,"column":4},"end":{"line":91,"column":5}},"24":{"start":{"line":87,"column":17},"end":{"line":87,"column":18}},"25":{"start":{"line":88,"column":6},"end":{"line":90,"column":7}},"26":{"start":{"line":88,"column":19},"end":{"line":88,"column":20}},"27":{"start":{"line":89,"column":8},"end":{"line":89,"column":37}},"28":{"start":{"line":92,"column":4},"end":{"line":92,"column":18}},"29":{"start":{"line":96,"column":0},"end":{"line":96,"column":33}}},"fnMap":{"0":{"name":"(anonymous_0)","decl":{"start":{"line":11,"column":2},"end":{"line":11,"column":3}},"loc":{"start":{"line":11,"column":33},"end":{"line":24,"column":3}},"line":11},"1":{"name":"(anonymous_1)","decl":{"start":{"line":30,"column":2},"end":{"line":30,"column":3}},"loc":{"start":{"line":30,"column":18},"end":{"line":42,"column":3}},"line":30},"2":{"name":"(anonymous_2)","decl":{"start":{"line":48,"column":2},"end":{"line":48,"column":3}},"loc":{"start":{"line":48,"column":10},"end":{"line":55,"column":3}},"line":48},"3":{"name":"(anonymous_3)","decl":{"start":{"line":60,"column":2},"end":{"line":60,"column":3}},"loc":{"start":{"line":60,"column":10},"end":{"line":63,"column":3}},"line":60},"4":{"name":"(anonymous_4)","decl":{"start":{"line":69,"column":2},"end":{"line":69,"column":3}},"loc":{"start":{"line":69,"column":9},"end":{"line":71,"column":3}},"line":69},"5":{"name":"(anonymous_5)","decl":{"start":{"line":77,"column":2},"end":{"line":77,"column":3}},"loc":{"start":{"line":77,"column":9},"end":{"line":79,"column":3}},"line":77},"6":{"name":"(anonymous_6)","decl":{"start":{"line":85,"column":2},"end":{"line":85,"column":3}},"loc":{"start":{"line":85,"column":14},"end":{"line":93,"column":3}},"line":85}},"branchMap":{"0":{"loc":{"start":{"line":31,"column":4},"end":{"line":41,"column":5}},"type":"if","locations":[{"start":{"line":31,"column":4},"end":{"line":41,"column":5}},{"start":{"line":38,"column":11},"end":{"line":41,"column":5}}],"line":31},"1":{"loc":{"start":{"line":32,"column":6},"end":{"line":37,"column":7}},"type":"if","locations":[{"start":{"line":32,"column":6},"end":{"line":37,"column":7}},{"start":{"line":34,"column":13},"end":{"line":37,"column":7}}],"line":32},"2":{"loc":{"start":{"line":49,"column":4},"end":{"line":52,"column":5}},"type":"if","locations":[{"start":{"line":49,"column":4},"end":{"line":52,"column":5}},{"start":{},"end":{}}],"line":49}},"s":{"0":4,"1":4,"2":4,"3":4,"4":4,"5":4,"6":6,"7":3,"8":1,"9":2,"10":2,"11":3,"12":3,"13":4,"14":1,"15":1,"16":4,"17":4,"18":1,"19":1,"20":0,"21":0,"22":1,"23":1,"24":1,"25":2,"26":2,"27":3,"28":1,"29":1},"f":{"0":4,"1":6,"2":4,"3":1,"4":0,"5":0,"6":1},"b":{"0":[3,3],"1":[1,2],"2":[1,3]},"_coverageSchema":"1a1c01bbd47fc00a2c39e90264f33305004495a9","hash":"4eb1e10808fadfe39f67200b9fc8776a0040cf4b"}
}
