TN:
SF:js/CypherNG/core/DB.js
FN:15,(anonymous_0)
FN:52,(anonymous_1)
FN:58,(anonymous_2)
FN:67,(anonymous_3)
FN:74,(anonymous_4)
FN:83,(anonymous_5)
FN:89,(anonymous_6)
FN:95,(anonymous_7)
FN:98,(anonymous_8)
FN:104,(anonymous_9)
FN:110,(anonymous_10)
FN:121,(anonymous_11)
FN:137,(anonymous_12)
FN:146,(anonymous_13)
FN:152,(anonymous_14)
FN:157,(anonymous_15)
FN:164,(anonymous_16)
FN:170,(anonymous_17)
FN:175,(anonymous_18)
FN:182,(anonymous_19)
FN:191,(anonymous_20)
FN:200,(anonymous_21)
FN:208,(anonymous_22)
FN:212,(anonymous_23)
FN:222,(anonymous_24)
FN:228,(anonymous_25)
FN:235,(anonymous_26)
FN:268,(anonymous_27)
FN:272,(anonymous_28)
FN:313,(anonymous_29)
FN:320,(anonymous_30)
FN:364,(anonymous_31)
FN:370,(anonymous_32)
FN:389,(anonymous_33)
FN:435,(anonymous_34)
FN:460,(anonymous_35)
FN:478,(anonymous_36)
FN:482,(anonymous_37)
FN:491,(anonymous_38)
FN:500,(anonymous_39)
FN:511,(anonymous_40)
FNF:41
FNH:0
FNDA:0,(anonymous_0)
FNDA:0,(anonymous_1)
FNDA:0,(anonymous_2)
FNDA:0,(anonymous_3)
FNDA:0,(anonymous_4)
FNDA:0,(anonymous_5)
FNDA:0,(anonymous_6)
FNDA:0,(anonymous_7)
FNDA:0,(anonymous_8)
FNDA:0,(anonymous_9)
FNDA:0,(anonymous_10)
FNDA:0,(anonymous_11)
FNDA:0,(anonymous_12)
FNDA:0,(anonymous_13)
FNDA:0,(anonymous_14)
FNDA:0,(anonymous_15)
FNDA:0,(anonymous_16)
FNDA:0,(anonymous_17)
FNDA:0,(anonymous_18)
FNDA:0,(anonymous_19)
FNDA:0,(anonymous_20)
FNDA:0,(anonymous_21)
FNDA:0,(anonymous_22)
FNDA:0,(anonymous_23)
FNDA:0,(anonymous_24)
FNDA:0,(anonymous_25)
FNDA:0,(anonymous_26)
FNDA:0,(anonymous_27)
FNDA:0,(anonymous_28)
FNDA:0,(anonymous_29)
FNDA:0,(anonymous_30)
FNDA:0,(anonymous_31)
FNDA:0,(anonymous_32)
FNDA:0,(anonymous_33)
FNDA:0,(anonymous_34)
FNDA:0,(anonymous_35)
FNDA:0,(anonymous_36)
FNDA:0,(anonymous_37)
FNDA:0,(anonymous_38)
FNDA:0,(anonymous_39)
FNDA:0,(anonymous_40)
DA:7,0
DA:8,0
DA:9,0
DA:17,0
DA:19,0
DA:21,0
DA:23,0
DA:25,0
DA:27,0
DA:29,0
DA:31,0
DA:33,0
DA:35,0
DA:37,0
DA:39,0
DA:41,0
DA:43,0
DA:53,0
DA:59,0
DA:60,0
DA:62,0
DA:63,0
DA:68,0
DA:69,0
DA:70,0
DA:71,0
DA:75,0
DA:76,0
DA:77,0
DA:78,0
DA:84,0
DA:85,0
DA:90,0
DA:91,0
DA:92,0
DA:96,0
DA:97,0
DA:98,0
DA:99,0
DA:100,0
DA:105,0
DA:111,0
DA:112,0
DA:113,0
DA:115,0
DA:116,0
DA:122,0
DA:123,0
DA:124,0
DA:125,0
DA:127,0
DA:128,0
DA:129,0
DA:131,0
DA:134,0
DA:138,0
DA:139,0
DA:140,0
DA:141,0
DA:147,0
DA:148,0
DA:153,0
DA:154,0
DA:158,0
DA:159,0
DA:165,0
DA:166,0
DA:171,0
DA:172,0
DA:176,0
DA:177,0
DA:183,0
DA:184,0
DA:186,0
DA:187,0
DA:192,0
DA:193,0
DA:194,0
DA:195,0
DA:201,0
DA:202,0
DA:203,0
DA:205,0
DA:209,0
DA:210,0
DA:211,0
DA:212,0
DA:213,0
DA:214,0
DA:215,0
DA:216,0
DA:217,0
DA:223,0
DA:229,0
DA:230,0
DA:232,0
DA:236,0
DA:237,0
DA:238,0
DA:240,0
DA:241,0
DA:243,0
DA:244,0
DA:248,0
DA:249,0
DA:250,0
DA:254,0
DA:255,0
DA:256,0
DA:260,0
DA:261,0
DA:262,0
DA:263,0
DA:269,0
DA:275,0
DA:276,0
DA:277,0
DA:278,0
DA:280,0
DA:283,0
DA:284,0
DA:285,0
DA:286,0
DA:289,0
DA:290,0
DA:293,0
DA:294,0
DA:295,0
DA:296,0
DA:297,0
DA:298,0
DA:299,0
DA:300,0
DA:304,0
DA:305,0
DA:306,0
DA:307,0
DA:314,0
DA:315,0
DA:317,0
DA:321,0
DA:322,0
DA:323,0
DA:325,0
DA:326,0
DA:328,0
DA:331,0
DA:332,0
DA:334,0
DA:335,0
DA:337,0
DA:338,0
DA:339,0
DA:340,0
DA:344,0
DA:345,0
DA:346,0
DA:349,0
DA:350,0
DA:351,0
DA:354,0
DA:356,0
DA:357,0
DA:358,0
DA:359,0
DA:365,0
DA:373,0
DA:375,0
DA:376,0
DA:377,0
DA:379,0
DA:380,0
DA:384,0
DA:385,0
DA:392,0
DA:393,0
DA:394,0
DA:398,0
DA:401,0
DA:402,0
DA:403,0
DA:404,0
DA:405,0
DA:406,0
DA:407,0
DA:412,0
DA:413,0
DA:414,0
DA:415,0
DA:416,0
DA:421,0
DA:423,0
DA:424,0
DA:425,0
DA:427,0
DA:428,0
DA:432,0
DA:437,0
DA:438,0
DA:439,0
DA:440,0
DA:441,0
DA:442,0
DA:444,0
DA:450,0
DA:455,0
DA:461,0
DA:462,0
DA:463,0
DA:465,0
DA:468,0
DA:469,0
DA:471,0
DA:479,0
DA:483,0
DA:484,0
DA:486,0
DA:492,0
DA:493,0
DA:495,0
DA:496,0
DA:501,0
DA:502,0
DA:503,0
DA:504,0
DA:505,0
DA:508,0
DA:512,0
DA:513,0
DA:514,0
DA:516,0
DA:517,0
DA:519,0
DA:520,0
DA:521,0
DA:525,0
LF:236
LH:0
BRDA:59,0,0,0
BRDA:59,0,1,0
BRDA:62,1,0,0
BRDA:62,1,1,0
BRDA:84,2,0,0
BRDA:84,2,1,0
BRDA:99,3,0,0
BRDA:99,3,1,0
BRDA:99,4,0,0
BRDA:99,4,1,0
BRDA:111,5,0,0
BRDA:111,5,1,0
BRDA:112,6,0,0
BRDA:112,6,1,0
BRDA:115,7,0,0
BRDA:115,7,1,0
BRDA:115,8,0,0
BRDA:115,8,1,0
BRDA:123,9,0,0
BRDA:123,9,1,0
BRDA:124,10,0,0
BRDA:124,10,1,0
BRDA:147,11,0,0
BRDA:147,11,1,0
BRDA:165,12,0,0
BRDA:165,12,1,0
BRDA:183,13,0,0
BRDA:183,13,1,0
BRDA:186,14,0,0
BRDA:186,14,1,0
BRDA:201,15,0,0
BRDA:201,15,1,0
BRDA:209,16,0,0
BRDA:209,16,1,0
BRDA:213,17,0,0
BRDA:213,17,1,0
BRDA:216,18,0,0
BRDA:216,18,1,0
BRDA:216,19,0,0
BRDA:216,19,1,0
BRDA:236,20,0,0
BRDA:236,20,1,0
BRDA:240,21,0,0
BRDA:240,21,1,0
BRDA:248,22,0,0
BRDA:248,22,1,0
BRDA:254,23,0,0
BRDA:254,23,1,0
BRDA:260,24,0,0
BRDA:260,24,1,0
BRDA:260,25,0,0
BRDA:260,25,1,0
BRDA:262,26,0,0
BRDA:262,26,1,0
BRDA:262,27,0,0
BRDA:262,27,1,0
BRDA:275,28,0,0
BRDA:275,28,1,0
BRDA:275,29,0,0
BRDA:275,29,1,0
BRDA:276,30,0,0
BRDA:276,30,1,0
BRDA:277,31,0,0
BRDA:277,31,1,0
BRDA:283,32,0,0
BRDA:283,32,1,0
BRDA:284,33,0,0
BRDA:284,33,1,0
BRDA:286,34,0,0
BRDA:286,34,1,0
BRDA:289,35,0,0
BRDA:289,35,1,0
BRDA:289,36,0,0
BRDA:289,36,1,0
BRDA:293,37,0,0
BRDA:293,37,1,0
BRDA:293,38,0,0
BRDA:293,38,1,0
BRDA:295,39,0,0
BRDA:295,39,1,0
BRDA:297,40,0,0
BRDA:297,40,1,0
BRDA:299,41,0,0
BRDA:299,41,1,0
BRDA:304,42,0,0
BRDA:304,42,1,0
BRDA:304,43,0,0
BRDA:304,43,1,0
BRDA:306,44,0,0
BRDA:306,44,1,0
BRDA:322,45,0,0
BRDA:322,45,1,0
BRDA:325,46,0,0
BRDA:325,46,1,0
BRDA:334,47,0,0
BRDA:334,47,1,0
BRDA:335,48,0,0
BRDA:335,48,1,0
BRDA:337,49,0,0
BRDA:337,49,1,0
BRDA:337,50,0,0
BRDA:337,50,1,0
BRDA:339,51,0,0
BRDA:339,51,1,0
BRDA:344,52,0,0
BRDA:344,52,1,0
BRDA:349,53,0,0
BRDA:349,53,1,0
BRDA:350,54,0,0
BRDA:350,54,1,0
BRDA:354,55,0,0
BRDA:354,55,1,0
BRDA:356,56,0,0
BRDA:356,56,1,0
BRDA:356,57,0,0
BRDA:356,57,1,0
BRDA:358,58,0,0
BRDA:358,58,1,0
BRDA:358,59,0,0
BRDA:358,59,1,0
BRDA:375,60,0,0
BRDA:375,60,1,0
BRDA:375,61,0,0
BRDA:375,61,1,0
BRDA:380,62,0,0
BRDA:380,62,1,0
BRDA:384,63,0,0
BRDA:384,63,1,0
BRDA:384,64,0,0
BRDA:384,64,1,0
BRDA:392,65,0,0
BRDA:392,65,1,0
BRDA:392,66,0,0
BRDA:392,66,1,0
BRDA:393,67,0,0
BRDA:393,67,1,0
BRDA:394,68,0,0
BRDA:394,68,1,0
BRDA:401,69,0,0
BRDA:401,69,1,0
BRDA:403,70,0,0
BRDA:403,70,1,0
BRDA:404,71,0,0
BRDA:404,71,1,0
BRDA:406,72,0,0
BRDA:406,72,1,0
BRDA:412,73,0,0
BRDA:412,73,1,0
BRDA:415,74,0,0
BRDA:415,74,1,0
BRDA:423,75,0,0
BRDA:423,75,1,0
BRDA:423,76,0,0
BRDA:423,76,1,0
BRDA:424,77,0,0
BRDA:424,77,1,0
BRDA:424,78,0,0
BRDA:424,78,1,0
BRDA:427,79,0,0
BRDA:427,79,1,0
BRDA:437,80,0,0
BRDA:437,80,1,0
BRDA:437,81,0,0
BRDA:437,81,1,0
BRDA:438,82,0,0
BRDA:438,82,1,0
BRDA:438,83,0,0
BRDA:438,83,1,0
BRDA:440,84,0,0
BRDA:440,84,1,0
BRDA:441,85,0,0
BRDA:441,85,1,0
BRDA:441,86,0,0
BRDA:441,86,1,0
BRDA:450,87,0,0
BRDA:450,87,1,0
BRDA:450,88,0,0
BRDA:450,88,1,0
BRDA:455,89,0,0
BRDA:455,89,1,0
BRDA:455,90,0,0
BRDA:455,90,1,0
BRDA:461,91,0,0
BRDA:461,91,1,0
BRDA:461,92,0,0
BRDA:461,92,1,0
BRDA:462,93,0,0
BRDA:462,93,1,0
BRDA:462,94,0,0
BRDA:462,94,1,0
BRDA:468,95,0,0
BRDA:468,95,1,0
BRDA:468,96,0,0
BRDA:468,96,1,0
BRDA:469,97,0,0
BRDA:469,97,1,0
BRDA:471,98,0,0
BRDA:471,98,1,0
BRDA:483,99,0,0
BRDA:483,99,1,0
BRDA:502,100,0,0
BRDA:502,100,1,0
BRDA:503,101,0,0
BRDA:503,101,1,0
BRDA:513,102,0,0
BRDA:513,102,1,0
BRDA:516,103,0,0
BRDA:516,103,1,0
BRDA:519,104,0,0
BRDA:519,104,1,0
BRDA:520,105,0,0
BRDA:520,105,1,0
BRF:212
BRH:0
end_of_record
TN:
SF:js/CypherNG/core/IDFactory.js
FN:12,(anonymous_0)
FN:21,(anonymous_1)
FN:29,(anonymous_2)
FN:36,(anonymous_3)
FN:44,(anonymous_4)
FNF:5
FNH:5
FNDA:4,(anonymous_0)
FNDA:9,(anonymous_1)
FNDA:1,(anonymous_2)
FNDA:1,(anonymous_3)
FNDA:1,(anonymous_4)
DA:14,4
DA:22,9
DA:30,1
DA:37,1
DA:45,1
DA:49,1
LF:6
LH:6
BRF:0
BRH:0
end_of_record
TN:
SF:js/CypherNG/core/Node.js
FN:11,(anonymous_0)
FN:48,(anonymous_1)
FN:56,(anonymous_2)
FN:64,(anonymous_3)
FN:72,(anonymous_4)
FN:80,(anonymous_5)
FN:88,(anonymous_6)
FN:96,(anonymous_7)
FN:111,(anonymous_8)
FN:126,(anonymous_9)
FN:137,(anonymous_10)
FN:150,(anonymous_11)
FN:158,(anonymous_12)
FN:166,(anonymous_13)
FN:177,(anonymous_14)
FN:186,(anonymous_15)
FN:196,(anonymous_16)
FN:205,(anonymous_17)
FN:216,(anonymous_18)
FN:225,(anonymous_19)
FN:235,(anonymous_20)
FN:243,(anonymous_21)
FN:251,(anonymous_22)
FN:262,(anonymous_23)
FN:274,(anonymous_24)
FN:282,(anonymous_25)
FN:292,(anonymous_26)
FN:300,(anonymous_27)
FN:308,(anonymous_28)
FN:318,(anonymous_29)
FN:326,(anonymous_30)
FN:334,(anonymous_31)
FN:344,(anonymous_32)
FN:352,(anonymous_33)
FN:360,(anonymous_34)
FN:370,(anonymous_35)
FN:378,(anonymous_36)
FN:386,(anonymous_37)
FN:394,(anonymous_38)
FN:402,(anonymous_39)
FN:410,(anonymous_40)
FN:417,(anonymous_41)
FN:425,(anonymous_42)
FN:440,(anonymous_43)
FN:453,(anonymous_44)
FN:459,(anonymous_45)
FN:460,(anonymous_46)
FN:461,(anonymous_47)
FN:462,(anonymous_48)
FN:472,(anonymous_49)
FN:480,(anonymous_50)
FN:489,(anonymous_51)
FN:498,(anonymous_52)
FN:506,(anonymous_53)
FN:516,(anonymous_54)
FN:527,(anonymous_55)
FN:538,(anonymous_56)
FN:551,(anonymous_57)
FN:560,(anonymous_58)
FN:572,(anonymous_59)
FN:587,(anonymous_60)
FN:596,(anonymous_61)
FN:607,(anonymous_62)
FN:618,(anonymous_63)
FN:638,(anonymous_64)
FN:640,(anonymous_65)
FNF:66
FNH:17
FNDA:10,(anonymous_0)
FNDA:1,(anonymous_1)
FNDA:0,(anonymous_2)
FNDA:1,(anonymous_3)
FNDA:0,(anonymous_4)
FNDA:3,(anonymous_5)
FNDA:0,(anonymous_6)
FNDA:0,(anonymous_7)
FNDA:0,(anonymous_8)
FNDA:0,(anonymous_9)
FNDA:0,(anonymous_10)
FNDA:2,(anonymous_11)
FNDA:2,(anonymous_12)
FNDA:1,(anonymous_13)
FNDA:0,(anonymous_14)
FNDA:3,(anonymous_15)
FNDA:0,(anonymous_16)
FNDA:0,(anonymous_17)
FNDA:3,(anonymous_18)
FNDA:0,(anonymous_19)
FNDA:0,(anonymous_20)
FNDA:0,(anonymous_21)
FNDA:1,(anonymous_22)
FNDA:0,(anonymous_23)
FNDA:3,(anonymous_24)
FNDA:3,(anonymous_25)
FNDA:0,(anonymous_26)
FNDA:2,(anonymous_27)
FNDA:0,(anonymous_28)
FNDA:0,(anonymous_29)
FNDA:0,(anonymous_30)
FNDA:0,(anonymous_31)
FNDA:1,(anonymous_32)
FNDA:1,(anonymous_33)
FNDA:0,(anonymous_34)
FNDA:0,(anonymous_35)
FNDA:0,(anonymous_36)
FNDA:0,(anonymous_37)
FNDA:0,(anonymous_38)
FNDA:0,(anonymous_39)
FNDA:0,(anonymous_40)
FNDA:0,(anonymous_41)
FNDA:0,(anonymous_42)
FNDA:0,(anonymous_43)
FNDA:0,(anonymous_44)
FNDA:0,(anonymous_45)
FNDA:0,(anonymous_46)
FNDA:0,(anonymous_47)
FNDA:0,(anonymous_48)
FNDA:0,(anonymous_49)
FNDA:0,(anonymous_50)
FNDA:0,(anonymous_51)
FNDA:0,(anonymous_52)
FNDA:0,(anonymous_53)
FNDA:0,(anonymous_54)
FNDA:0,(anonymous_55)
FNDA:0,(anonymous_56)
FNDA:0,(anonymous_57)
FNDA:0,(anonymous_58)
FNDA:0,(anonymous_59)
FNDA:0,(anonymous_60)
FNDA:0,(anonymous_61)
FNDA:1,(anonymous_62)
FNDA:1,(anonymous_63)
FNDA:0,(anonymous_64)
FNDA:0,(anonymous_65)
DA:13,10
DA:15,10
DA:17,10
DA:19,10
DA:21,10
DA:23,10
DA:25,10
DA:27,10
DA:29,10
DA:31,10
DA:33,10
DA:35,10
DA:37,10
DA:39,10
DA:49,1
DA:57,0
DA:65,1
DA:73,0
DA:81,3
DA:89,0
DA:97,0
DA:98,0
DA:99,0
DA:100,0
DA:101,0
DA:104,0
DA:112,0
DA:113,0
DA:114,0
DA:115,0
DA:116,0
DA:119,0
DA:127,0
DA:128,0
DA:130,0
DA:138,0
DA:139,0
DA:141,0
DA:151,2
DA:159,2
DA:167,1
DA:178,0
DA:179,0
DA:187,3
DA:188,4
DA:197,0
DA:198,0
DA:206,0
DA:207,0
DA:217,3
DA:226,0
DA:227,0
DA:228,0
DA:236,0
DA:244,0
DA:252,1
DA:263,0
DA:264,0
DA:265,0
DA:275,3
DA:283,3
DA:284,4
DA:293,0
DA:301,2
DA:309,0
DA:319,0
DA:327,0
DA:335,0
DA:345,1
DA:353,1
DA:361,0
DA:371,0
DA:379,0
DA:387,0
DA:395,0
DA:403,0
DA:411,0
DA:418,0
DA:426,0
DA:427,0
DA:428,0
DA:430,0
DA:441,0
DA:442,0
DA:445,0
DA:446,0
DA:454,0
DA:455,0
DA:459,0
DA:460,0
DA:461,0
DA:463,0
DA:473,0
DA:481,0
DA:482,0
DA:490,0
DA:507,0
DA:517,0
DA:518,0
DA:520,0
DA:528,0
DA:529,0
DA:531,0
DA:539,0
DA:540,0
DA:542,0
DA:552,0
DA:561,0
DA:562,0
DA:564,0
DA:573,0
DA:574,0
DA:576,0
DA:577,0
DA:578,0
DA:588,0
DA:589,0
DA:597,0
DA:598,0
DA:608,1
DA:609,1
DA:610,1
DA:611,1
DA:619,1
DA:620,0
DA:621,0
DA:624,1
DA:625,0
DA:628,0
DA:631,1
DA:639,0
DA:640,0
DA:641,0
DA:645,2
LF:134
LH:38
BRDA:97,0,0,0
BRDA:97,0,1,0
BRDA:98,1,0,0
BRDA:98,1,1,0
BRDA:98,2,0,0
BRDA:98,2,1,0
BRDA:99,3,0,0
BRDA:99,3,1,0
BRDA:100,4,0,0
BRDA:100,4,1,0
BRDA:100,5,0,0
BRDA:100,5,1,0
BRDA:112,6,0,0
BRDA:112,6,1,0
BRDA:113,7,0,0
BRDA:113,7,1,0
BRDA:113,8,0,0
BRDA:113,8,1,0
BRDA:114,9,0,0
BRDA:114,9,1,0
BRDA:115,10,0,0
BRDA:115,10,1,0
BRDA:115,11,0,0
BRDA:115,11,1,0
BRDA:127,12,0,0
BRDA:127,12,1,0
BRDA:127,13,0,0
BRDA:127,13,1,0
BRDA:127,13,2,0
BRDA:138,14,0,0
BRDA:138,14,1,0
BRDA:138,15,0,0
BRDA:138,15,1,0
BRDA:138,15,2,0
BRDA:197,16,0,0
BRDA:197,16,1,0
BRDA:217,17,0,3
BRDA:217,17,1,0
BRDA:227,18,0,0
BRDA:227,18,1,0
BRDA:264,19,0,0
BRDA:264,19,1,0
BRDA:264,20,0,0
BRDA:264,20,1,0
BRDA:426,21,0,0
BRDA:426,21,1,0
BRDA:441,22,0,0
BRDA:441,22,1,0
BRDA:481,23,0,0
BRDA:481,23,1,0
BRDA:482,24,0,0
BRDA:482,24,1,0
BRDA:517,25,0,0
BRDA:517,25,1,0
BRDA:517,26,0,0
BRDA:517,26,1,0
BRDA:528,27,0,0
BRDA:528,27,1,0
BRDA:528,28,0,0
BRDA:528,28,1,0
BRDA:539,29,0,0
BRDA:539,29,1,0
BRDA:539,30,0,0
BRDA:539,30,1,0
BRDA:561,31,0,0
BRDA:561,31,1,0
BRDA:573,32,0,0
BRDA:573,32,1,0
BRDA:589,33,0,0
BRDA:589,33,1,0
BRDA:598,34,0,0
BRDA:598,34,1,0
BRDA:619,35,0,0
BRDA:619,35,1,1
BRDA:620,36,0,0
BRDA:620,36,1,0
BRDA:620,37,0,0
BRDA:620,37,1,0
BRDA:625,38,0,0
BRDA:625,38,1,0
BRDA:625,39,0,0
BRDA:625,39,1,0
BRDA:625,39,2,0
BRF:83
BRH:2
end_of_record
TN:
SF:js/CypherNG/core/NodeReference.js
FN:12,(anonymous_0)
FN:23,(anonymous_1)
FN:31,(anonymous_2)
FN:39,(anonymous_3)
FN:48,(anonymous_4)
FN:56,(anonymous_5)
FN:65,(anonymous_6)
FN:74,(anonymous_7)
FN:83,(anonymous_8)
FN:92,(anonymous_9)
FN:101,(anonymous_10)
FN:110,(anonymous_11)
FNF:12
FNH:0
FNDA:0,(anonymous_0)
FNDA:0,(anonymous_1)
FNDA:0,(anonymous_2)
FNDA:0,(anonymous_3)
FNDA:0,(anonymous_4)
FNDA:0,(anonymous_5)
FNDA:0,(anonymous_6)
FNDA:0,(anonymous_7)
FNDA:0,(anonymous_8)
FNDA:0,(anonymous_9)
FNDA:0,(anonymous_10)
FNDA:0,(anonymous_11)
DA:14,0
DA:16,0
DA:24,0
DA:32,0
DA:40,0
DA:41,0
DA:49,0
DA:57,0
DA:58,0
DA:66,0
DA:75,0
DA:76,0
DA:84,0
DA:85,0
DA:93,0
DA:94,0
DA:102,0
DA:103,0
DA:111,0
DA:115,0
LF:20
LH:0
BRDA:40,0,0,0
BRDA:40,0,1,0
BRDA:40,1,0,0
BRDA:40,1,1,0
BRDA:58,2,0,0
BRDA:58,2,1,0
BRDA:76,3,0,0
BRDA:76,3,1,0
BRDA:85,4,0,0
BRDA:85,4,1,0
BRDA:94,5,0,0
BRDA:94,5,1,0
BRDA:103,6,0,0
BRDA:103,6,1,0
BRF:14
BRH:0
end_of_record
TN:
SF:js/CypherNG/core/Pattern.js
FN:8,(anonymous_0)
FN:32,(anonymous_1)
FN:46,(anonymous_2)
FN:55,(anonymous_3)
FN:64,(anonymous_4)
FN:72,(anonymous_5)
FN:80,(anonymous_6)
FN:89,(anonymous_7)
FN:97,(anonymous_8)
FN:105,(anonymous_9)
FN:113,(anonymous_10)
FN:121,(anonymous_11)
FN:128,(anonymous_12)
FN:136,(anonymous_13)
FN:149,(anonymous_14)
FN:163,(anonymous_15)
FN:165,(anonymous_16)
FN:172,(anonymous_17)
FN:180,(anonymous_18)
FN:206,(anonymous_19)
FN:217,(anonymous_20)
FN:225,(anonymous_21)
FN:226,(anonymous_22)
FN:235,(anonymous_23)
FN:245,(anonymous_24)
FN:255,(anonymous_25)
FN:265,(anonymous_26)
FN:276,(anonymous_27)
FN:279,(anonymous_28)
FN:293,(anonymous_29)
FN:306,(anonymous_30)
FN:314,(anonymous_31)
FNF:32
FNH:10
FNDA:4,(anonymous_0)
FNDA:4,(anonymous_1)
FNDA:3,(anonymous_2)
FNDA:1,(anonymous_3)
FNDA:2,(anonymous_4)
FNDA:2,(anonymous_5)
FNDA:0,(anonymous_6)
FNDA:0,(anonymous_7)
FNDA:2,(anonymous_8)
FNDA:1,(anonymous_9)
FNDA:2,(anonymous_10)
FNDA:0,(anonymous_11)
FNDA:0,(anonymous_12)
FNDA:0,(anonymous_13)
FNDA:0,(anonymous_14)
FNDA:0,(anonymous_15)
FNDA:0,(anonymous_16)
FNDA:0,(anonymous_17)
FNDA:0,(anonymous_18)
FNDA:0,(anonymous_19)
FNDA:0,(anonymous_20)
FNDA:0,(anonymous_21)
FNDA:0,(anonymous_22)
FNDA:0,(anonymous_23)
FNDA:0,(anonymous_24)
FNDA:0,(anonymous_25)
FNDA:0,(anonymous_26)
FNDA:0,(anonymous_27)
FNDA:0,(anonymous_28)
FNDA:1,(anonymous_29)
FNDA:0,(anonymous_30)
FNDA:0,(anonymous_31)
DA:10,4
DA:12,4
DA:14,4
DA:16,4
DA:18,4
DA:20,4
DA:22,4
DA:24,4
DA:33,4
DA:34,2
DA:35,2
DA:36,2
DA:38,4
DA:39,4
DA:47,3
DA:48,3
DA:56,1
DA:57,1
DA:65,2
DA:73,2
DA:81,0
DA:90,0
DA:98,2
DA:106,1
DA:114,2
DA:122,0
DA:129,0
DA:137,0
DA:138,0
DA:139,0
DA:140,0
DA:141,0
DA:150,0
DA:151,0
DA:152,0
DA:155,0
DA:156,0
DA:164,0
DA:165,0
DA:173,0
DA:181,0
DA:182,0
DA:184,0
DA:185,0
DA:187,0
DA:188,0
DA:189,0
DA:190,0
DA:191,0
DA:194,0
DA:195,0
DA:196,0
DA:197,0
DA:198,0
DA:204,0
DA:206,0
DA:207,0
DA:208,0
DA:209,0
DA:210,0
DA:212,0
DA:214,0
DA:217,0
DA:218,0
DA:219,0
DA:220,0
DA:222,0
DA:225,0
DA:226,0
DA:228,0
DA:236,0
DA:237,0
DA:239,0
DA:246,0
DA:247,0
DA:248,0
DA:256,0
DA:257,0
DA:258,0
DA:266,0
DA:267,0
DA:268,0
DA:277,0
DA:278,0
DA:279,0
DA:280,0
DA:281,0
DA:283,0
DA:294,1
DA:295,0
DA:296,0
DA:299,1
DA:307,0
DA:316,0
DA:320,2
LF:95
LH:26
BRDA:33,0,0,2
BRDA:33,0,1,2
BRDA:137,1,0,0
BRDA:137,1,1,0
BRDA:137,2,0,0
BRDA:137,2,1,0
BRDA:139,3,0,0
BRDA:139,3,1,0
BRDA:139,4,0,0
BRDA:139,4,1,0
BRDA:150,5,0,0
BRDA:150,5,1,0
BRDA:151,6,0,0
BRDA:151,6,1,0
BRDA:151,7,0,0
BRDA:151,7,1,0
BRDA:155,8,0,0
BRDA:155,8,1,0
BRDA:187,9,0,0
BRDA:187,9,1,0
BRDA:187,10,0,0
BRDA:187,10,1,0
BRDA:188,11,0,0
BRDA:188,11,1,0
BRDA:189,12,0,0
BRDA:189,12,1,0
BRDA:194,13,0,0
BRDA:194,13,1,0
BRDA:209,14,0,0
BRDA:209,14,1,0
BRDA:236,15,0,0
BRDA:236,15,1,0
BRDA:236,16,0,0
BRDA:236,16,1,0
BRDA:247,17,0,0
BRDA:247,17,1,0
BRDA:247,18,0,0
BRDA:247,18,1,0
BRDA:257,19,0,0
BRDA:257,19,1,0
BRDA:257,20,0,0
BRDA:257,20,1,0
BRDA:267,21,0,0
BRDA:267,21,1,0
BRDA:267,22,0,0
BRDA:267,22,1,0
BRDA:278,23,0,0
BRDA:278,23,1,0
BRDA:278,24,0,0
BRDA:278,24,1,0
BRDA:280,25,0,0
BRDA:280,25,1,0
BRDA:281,26,0,0
BRDA:281,26,1,0
BRDA:295,27,0,0
BRDA:295,27,1,0
BRDA:295,28,0,0
BRDA:295,28,1,0
BRF:58
BRH:2
end_of_record
TN:
SF:js/CypherNG/core/Relationship.js
FN:11,(anonymous_0)
FN:64,(anonymous_1)
FN:68,(anonymous_2)
FN:72,(anonymous_3)
FN:76,(anonymous_4)
FN:80,(anonymous_5)
FN:84,(anonymous_6)
FN:90,(anonymous_7)
FN:94,(anonymous_8)
FN:100,(anonymous_9)
FN:104,(anonymous_10)
FN:108,(anonymous_11)
FN:114,(anonymous_12)
FN:119,(anonymous_13)
FN:125,(anonymous_14)
FN:131,(anonymous_15)
FN:137,(anonymous_16)
FN:141,(anonymous_17)
FN:145,(anonymous_18)
FN:149,(anonymous_19)
FN:155,(anonymous_20)
FN:159,(anonymous_21)
FN:163,(anonymous_22)
FN:170,(anonymous_23)
FN:179,(anonymous_24)
FN:183,(anonymous_25)
FN:187,(anonymous_26)
FN:194,(anonymous_27)
FN:201,(anonymous_28)
FN:206,(anonymous_29)
FN:210,(anonymous_30)
FN:221,(anonymous_31)
FN:225,(anonymous_32)
FN:229,(anonymous_33)
FN:235,(anonymous_34)
FN:239,(anonymous_35)
FN:243,(anonymous_36)
FN:249,(anonymous_37)
FN:253,(anonymous_38)
FN:259,(anonymous_39)
FN:265,(anonymous_40)
FN:269,(anonymous_41)
FN:273,(anonymous_42)
FN:277,(anonymous_43)
FN:281,(anonymous_44)
FN:285,(anonymous_45)
FN:291,(anonymous_46)
FN:300,(anonymous_47)
FN:304,(anonymous_48)
FN:314,(anonymous_49)
FN:321,(anonymous_50)
FN:325,(anonymous_51)
FN:329,(anonymous_52)
FN:333,(anonymous_53)
FN:337,(anonymous_54)
FN:341,(anonymous_55)
FN:347,(anonymous_56)
FN:351,(anonymous_57)
FN:362,(anonymous_58)
FN:368,(anonymous_59)
FN:374,(anonymous_60)
FN:380,(anonymous_61)
FN:384,(anonymous_62)
FN:388,(anonymous_63)
FN:394,(anonymous_64)
FN:399,(anonymous_65)
FN:407,(anonymous_66)
FN:408,(anonymous_67)
FN:409,(anonymous_68)
FN:410,(anonymous_69)
FN:414,(anonymous_70)
FN:426,(anonymous_71)
FN:430,(anonymous_72)
FN:433,(anonymous_73)
FN:443,(anonymous_74)
FN:447,(anonymous_75)
FN:451,(anonymous_76)
FN:457,(anonymous_77)
FN:461,(anonymous_78)
FN:467,(anonymous_79)
FN:472,(anonymous_80)
FN:479,(anonymous_81)
FN:490,(anonymous_82)
FN:506,(anonymous_83)
FN:508,(anonymous_84)
FNF:85
FNH:25
FNDA:7,(anonymous_0)
FNDA:1,(anonymous_1)
FNDA:0,(anonymous_2)
FNDA:1,(anonymous_3)
FNDA:0,(anonymous_4)
FNDA:1,(anonymous_5)
FNDA:0,(anonymous_6)
FNDA:0,(anonymous_7)
FNDA:0,(anonymous_8)
FNDA:0,(anonymous_9)
FNDA:1,(anonymous_10)
FNDA:1,(anonymous_11)
FNDA:0,(anonymous_12)
FNDA:0,(anonymous_13)
FNDA:0,(anonymous_14)
FNDA:1,(anonymous_15)
FNDA:2,(anonymous_16)
FNDA:0,(anonymous_17)
FNDA:0,(anonymous_18)
FNDA:0,(anonymous_19)
FNDA:0,(anonymous_20)
FNDA:0,(anonymous_21)
FNDA:0,(anonymous_22)
FNDA:0,(anonymous_23)
FNDA:3,(anonymous_24)
FNDA:1,(anonymous_25)
FNDA:4,(anonymous_26)
FNDA:4,(anonymous_27)
FNDA:1,(anonymous_28)
FNDA:2,(anonymous_29)
FNDA:3,(anonymous_30)
FNDA:1,(anonymous_31)
FNDA:1,(anonymous_32)
FNDA:0,(anonymous_33)
FNDA:0,(anonymous_34)
FNDA:0,(anonymous_35)
FNDA:0,(anonymous_36)
FNDA:0,(anonymous_37)
FNDA:0,(anonymous_38)
FNDA:1,(anonymous_39)
FNDA:2,(anonymous_40)
FNDA:1,(anonymous_41)
FNDA:0,(anonymous_42)
FNDA:1,(anonymous_43)
FNDA:0,(anonymous_44)
FNDA:5,(anonymous_45)
FNDA:0,(anonymous_46)
FNDA:0,(anonymous_47)
FNDA:0,(anonymous_48)
FNDA:0,(anonymous_49)
FNDA:0,(anonymous_50)
FNDA:0,(anonymous_51)
FNDA:0,(anonymous_52)
FNDA:0,(anonymous_53)
FNDA:0,(anonymous_54)
FNDA:0,(anonymous_55)
FNDA:0,(anonymous_56)
FNDA:0,(anonymous_57)
FNDA:0,(anonymous_58)
FNDA:2,(anonymous_59)
FNDA:2,(anonymous_60)
FNDA:1,(anonymous_61)
FNDA:0,(anonymous_62)
FNDA:0,(anonymous_63)
FNDA:0,(anonymous_64)
FNDA:0,(anonymous_65)
FNDA:0,(anonymous_66)
FNDA:0,(anonymous_67)
FNDA:0,(anonymous_68)
FNDA:0,(anonymous_69)
FNDA:0,(anonymous_70)
FNDA:0,(anonymous_71)
FNDA:0,(anonymous_72)
FNDA:0,(anonymous_73)
FNDA:0,(anonymous_74)
FNDA:0,(anonymous_75)
FNDA:0,(anonymous_76)
FNDA:0,(anonymous_77)
FNDA:0,(anonymous_78)
FNDA:0,(anonymous_79)
FNDA:0,(anonymous_80)
FNDA:0,(anonymous_81)
FNDA:0,(anonymous_82)
FNDA:0,(anonymous_83)
FNDA:0,(anonymous_84)
DA:13,7
DA:15,7
DA:17,7
DA:19,7
DA:21,7
DA:23,7
DA:25,7
DA:27,7
DA:29,7
DA:31,7
DA:33,7
DA:35,7
DA:37,7
DA:39,7
DA:41,7
DA:43,7
DA:45,7
DA:47,7
DA:49,7
DA:51,7
DA:53,7
DA:55,7
DA:57,7
DA:59,7
DA:65,1
DA:69,0
DA:73,1
DA:77,0
DA:81,1
DA:85,0
DA:91,0
DA:95,0
DA:101,0
DA:105,1
DA:109,1
DA:115,0
DA:116,0
DA:120,0
DA:121,0
DA:126,0
DA:127,0
DA:132,1
DA:133,2
DA:138,2
DA:142,0
DA:146,0
DA:150,0
DA:156,0
DA:160,0
DA:164,0
DA:165,0
DA:167,0
DA:171,0
DA:172,0
DA:174,0
DA:180,3
DA:184,1
DA:188,4
DA:189,0
DA:191,4
DA:195,4
DA:196,0
DA:198,4
DA:202,1
DA:207,2
DA:211,3
DA:212,3
DA:213,3
DA:214,2
DA:215,1
DA:216,1
DA:222,1
DA:226,1
DA:230,0
DA:236,0
DA:240,0
DA:244,0
DA:250,0
DA:254,0
DA:260,1
DA:261,1
DA:262,1
DA:266,2
DA:270,1
DA:274,0
DA:278,1
DA:282,0
DA:286,5
DA:292,0
DA:293,0
DA:294,0
DA:297,0
DA:301,0
DA:305,0
DA:306,0
DA:307,0
DA:308,0
DA:310,0
DA:315,0
DA:316,0
DA:318,0
DA:322,0
DA:326,0
DA:330,0
DA:334,0
DA:338,0
DA:342,0
DA:343,0
DA:344,0
DA:348,0
DA:352,0
DA:353,0
DA:354,0
DA:355,0
DA:356,0
DA:358,0
DA:363,0
DA:364,0
DA:365,0
DA:369,2
DA:375,2
DA:381,1
DA:385,0
DA:389,0
DA:395,0
DA:396,0
DA:400,0
DA:407,0
DA:408,0
DA:409,0
DA:410,0
DA:415,0
DA:416,0
DA:417,0
DA:419,0
DA:427,0
DA:431,0
DA:432,0
DA:433,0
DA:434,0
DA:435,0
DA:438,0
DA:444,0
DA:448,0
DA:452,0
DA:462,0
DA:468,0
DA:469,0
DA:473,0
DA:474,0
DA:480,0
DA:481,0
DA:482,0
DA:483,0
DA:484,0
DA:485,0
DA:486,0
DA:487,0
DA:491,0
DA:492,0
DA:493,0
DA:496,0
DA:497,0
DA:500,0
DA:503,0
DA:507,0
DA:508,0
DA:509,0
DA:513,2
LF:169
LH:59
BRDA:120,0,0,0
BRDA:120,0,1,0
BRDA:150,1,0,0
BRDA:150,1,1,0
BRDA:164,2,0,0
BRDA:164,2,1,0
BRDA:164,3,0,0
BRDA:164,3,1,0
BRDA:171,4,0,0
BRDA:171,4,1,0
BRDA:171,5,0,0
BRDA:171,5,1,0
BRDA:188,6,0,0
BRDA:188,6,1,4
BRDA:188,7,0,4
BRDA:188,7,1,0
BRDA:188,7,2,0
BRDA:189,8,0,0
BRDA:189,8,1,0
BRDA:191,9,0,4
BRDA:191,9,1,3
BRDA:195,10,0,0
BRDA:195,10,1,4
BRDA:195,11,0,4
BRDA:195,11,1,0
BRDA:195,11,2,0
BRDA:196,12,0,0
BRDA:196,12,1,0
BRDA:198,13,0,4
BRDA:198,13,1,3
BRDA:202,14,0,1
BRDA:202,14,1,1
BRDA:202,14,2,0
BRDA:202,14,3,0
BRDA:207,15,0,2
BRDA:207,15,1,1
BRDA:213,16,0,1
BRDA:213,16,1,2
BRDA:213,17,0,3
BRDA:213,17,1,1
BRDA:214,18,0,1
BRDA:214,18,1,1
BRDA:214,19,0,2
BRDA:214,19,1,2
BRDA:215,20,0,0
BRDA:215,20,1,1
BRDA:215,21,0,1
BRDA:215,21,1,0
BRDA:292,22,0,0
BRDA:292,22,1,0
BRDA:293,23,0,0
BRDA:293,23,1,0
BRDA:297,24,0,0
BRDA:297,24,1,0
BRDA:305,25,0,0
BRDA:305,25,1,0
BRDA:315,26,0,0
BRDA:315,26,1,0
BRDA:316,27,0,0
BRDA:316,27,1,0
BRDA:318,28,0,0
BRDA:318,28,1,0
BRDA:342,29,0,0
BRDA:342,29,1,0
BRDA:352,30,0,0
BRDA:352,30,1,0
BRDA:355,31,0,0
BRDA:355,31,1,0
BRDA:358,32,0,0
BRDA:358,32,1,0
BRDA:369,33,0,2
BRDA:369,33,1,0
BRDA:369,33,2,0
BRDA:369,33,3,0
BRDA:375,34,0,2
BRDA:375,34,1,0
BRDA:375,34,2,0
BRDA:375,34,3,0
BRDA:381,35,0,1
BRDA:381,35,1,1
BRDA:404,36,0,0
BRDA:404,36,1,0
BRDA:405,37,0,0
BRDA:405,37,1,0
BRDA:416,38,0,0
BRDA:416,38,1,0
BRDA:417,39,0,0
BRDA:417,39,1,0
BRDA:421,40,0,0
BRDA:421,40,1,0
BRDA:422,41,0,0
BRDA:422,41,1,0
BRDA:431,42,0,0
BRDA:431,42,1,0
BRDA:435,43,0,0
BRDA:435,43,1,0
BRDA:438,44,0,0
BRDA:438,44,1,0
BRDA:469,45,0,0
BRDA:469,45,1,0
BRDA:474,46,0,0
BRDA:474,46,1,0
BRDA:491,47,0,0
BRDA:491,47,1,0
BRDA:492,48,0,0
BRDA:492,48,1,0
BRDA:492,49,0,0
BRDA:492,49,1,0
BRDA:497,50,0,0
BRDA:497,50,1,0
BRDA:497,51,0,0
BRDA:497,51,1,0
BRDA:497,51,2,0
BRF:113
BRH:26
end_of_record
TN:
SF:js/CypherNG/core/RelationshipReference.js
FN:12,(anonymous_0)
FN:23,(anonymous_1)
FN:31,(anonymous_2)
FN:39,(anonymous_3)
FN:48,(anonymous_4)
FN:56,(anonymous_5)
FN:65,(anonymous_6)
FN:76,(anonymous_7)
FN:87,(anonymous_8)
FN:96,(anonymous_9)
FN:105,(anonymous_10)
FN:114,(anonymous_11)
FN:123,(anonymous_12)
FN:132,(anonymous_13)
FNF:14
FNH:0
FNDA:0,(anonymous_0)
FNDA:0,(anonymous_1)
FNDA:0,(anonymous_2)
FNDA:0,(anonymous_3)
FNDA:0,(anonymous_4)
FNDA:0,(anonymous_5)
FNDA:0,(anonymous_6)
FNDA:0,(anonymous_7)
FNDA:0,(anonymous_8)
FNDA:0,(anonymous_9)
FNDA:0,(anonymous_10)
FNDA:0,(anonymous_11)
FNDA:0,(anonymous_12)
FNDA:0,(anonymous_13)
DA:14,0
DA:16,0
DA:24,0
DA:32,0
DA:40,0
DA:41,0
DA:49,0
DA:57,0
DA:58,0
DA:66,0
DA:67,0
DA:68,0
DA:69,0
DA:77,0
DA:78,0
DA:79,0
DA:80,0
DA:88,0
DA:97,0
DA:98,0
DA:106,0
DA:107,0
DA:115,0
DA:116,0
DA:124,0
DA:125,0
DA:133,0
DA:137,0
LF:28
LH:0
BRDA:40,0,0,0
BRDA:40,0,1,0
BRDA:40,1,0,0
BRDA:40,1,1,0
BRDA:58,2,0,0
BRDA:58,2,1,0
BRDA:67,3,0,0
BRDA:67,3,1,0
BRDA:67,4,0,0
BRDA:67,4,1,0
BRDA:69,5,0,0
BRDA:69,5,1,0
BRDA:78,6,0,0
BRDA:78,6,1,0
BRDA:78,7,0,0
BRDA:78,7,1,0
BRDA:80,8,0,0
BRDA:80,8,1,0
BRDA:98,9,0,0
BRDA:98,9,1,0
BRDA:107,10,0,0
BRDA:107,10,1,0
BRDA:116,11,0,0
BRDA:116,11,1,0
BRDA:125,12,0,0
BRDA:125,12,1,0
BRF:26
BRH:0
end_of_record
TN:
SF:js/CypherNG/core/StringRecoder.js
FN:13,(anonymous_0)
FN:29,(anonymous_1)
FN:38,(anonymous_2)
FN:61,(anonymous_3)
FNF:4
FNH:4
FNDA:4,(anonymous_0)
FNDA:25,(anonymous_1)
FNDA:10,(anonymous_2)
FNDA:1,(anonymous_3)
DA:15,4
DA:17,4
DA:19,4
DA:21,4
DA:30,25
DA:39,10
DA:41,7
DA:42,7
DA:43,1
DA:46,7
DA:47,7
DA:48,27
DA:49,27
DA:50,20
DA:52,27
DA:55,7
DA:62,1
DA:63,1
DA:67,2
LF:19
LH:19
BRDA:39,0,0,3
BRDA:39,0,1,7
BRDA:42,1,0,1
BRDA:42,1,1,6
BRDA:49,2,0,20
BRDA:49,2,1,7
BRDA:55,3,0,7
BRDA:55,3,1,5
BRF:8
BRH:8
end_of_record
TN:
SF:js/CypherNG/network/HTTP.js
FN:7,(anonymous_0)
FN:18,(anonymous_1)
FN:39,(anonymous_2)
FN:42,(anonymous_3)
FN:73,(anonymous_4)
FN:76,(anonymous_5)
FN:113,(anonymous_6)
FN:132,(anonymous_7)
FN:133,(anonymous_8)
FN:136,(anonymous_9)
FN:140,(anonymous_10)
FN:147,(anonymous_11)
FN:156,(anonymous_12)
FN:159,(anonymous_13)
FN:163,(anonymous_14)
FN:179,(anonymous_15)
FNF:16
FNH:1
FNDA:2,(anonymous_0)
FNDA:0,(anonymous_1)
FNDA:0,(anonymous_2)
FNDA:0,(anonymous_3)
FNDA:0,(anonymous_4)
FNDA:0,(anonymous_5)
FNDA:0,(anonymous_6)
FNDA:0,(anonymous_7)
FNDA:0,(anonymous_8)
FNDA:0,(anonymous_9)
FNDA:0,(anonymous_10)
FNDA:0,(anonymous_11)
FNDA:0,(anonymous_12)
FNDA:0,(anonymous_13)
FNDA:0,(anonymous_14)
FNDA:0,(anonymous_15)
DA:9,2
DA:19,0
DA:21,0
DA:22,0
DA:29,0
DA:40,0
DA:42,0
DA:43,0
DA:44,0
DA:45,0
DA:47,0
DA:52,0
DA:53,0
DA:54,0
DA:55,0
DA:56,0
DA:59,0
DA:61,0
DA:74,0
DA:76,0
DA:77,0
DA:78,0
DA:79,0
DA:81,0
DA:86,0
DA:87,0
DA:88,0
DA:89,0
DA:90,0
DA:94,0
DA:95,0
DA:96,0
DA:97,0
DA:98,0
DA:100,0
DA:103,0
DA:115,0
DA:116,0
DA:117,0
DA:118,0
DA:119,0
DA:121,0
DA:122,0
DA:123,0
DA:124,0
DA:125,0
DA:127,0
DA:128,0
DA:129,0
DA:130,0
DA:132,0
DA:133,0
DA:137,0
DA:141,0
DA:142,0
DA:143,0
DA:144,0
DA:148,0
DA:151,0
DA:152,0
DA:154,0
DA:156,0
DA:157,0
DA:159,0
DA:160,0
DA:163,0
DA:164,0
DA:165,0
DA:166,0
DA:168,0
DA:169,0
DA:171,0
DA:174,0
DA:175,0
DA:179,0
DA:180,0
DA:181,0
DA:182,0
DA:185,0
DA:186,0
DA:194,0
DA:195,0
DA:197,0
DA:198,0
DA:201,0
DA:205,1
LF:86
LH:2
BRDA:19,0,0,0
BRDA:19,0,1,0
BRDA:39,1,0,0
BRDA:43,2,0,0
BRDA:43,2,1,0
BRDA:44,3,0,0
BRDA:44,3,1,0
BRDA:44,4,0,0
BRDA:44,4,1,0
BRDA:55,5,0,0
BRDA:55,5,1,0
BRDA:73,6,0,0
BRDA:77,7,0,0
BRDA:77,7,1,0
BRDA:78,8,0,0
BRDA:78,8,1,0
BRDA:78,9,0,0
BRDA:78,9,1,0
BRDA:89,10,0,0
BRDA:89,10,1,0
BRDA:94,11,0,0
BRDA:94,11,1,0
BRDA:94,12,0,0
BRDA:94,12,1,0
BRDA:151,13,0,0
BRDA:151,13,1,0
BRDA:168,14,0,0
BRDA:168,14,1,0
BRDA:168,15,0,0
BRDA:168,15,1,0
BRDA:188,16,0,0
BRDA:188,16,1,0
BRDA:188,17,0,0
BRDA:188,17,1,0
BRDA:197,18,0,0
BRDA:197,18,1,0
BRF:36
BRH:0
end_of_record
TN:
SF:js/CypherNG/persistence/adapters/StorageAdapter.js
FN:14,(anonymous_0)
FN:24,(anonymous_1)
FN:36,(anonymous_2)
FN:45,(anonymous_3)
FN:54,(anonymous_4)
FN:62,(anonymous_5)
FNF:6
FNH:6
FNDA:3,(anonymous_0)
FNDA:1,(anonymous_1)
FNDA:1,(anonymous_2)
FNDA:1,(anonymous_3)
FNDA:1,(anonymous_4)
FNDA:1,(anonymous_5)
DA:16,3
DA:25,1
DA:37,1
DA:46,1
DA:55,1
DA:63,1
DA:67,1
LF:7
LH:7
BRDA:14,0,0,2
BRF:1
BRH:1
end_of_record
TN:
SF:js/CypherNG/persistence/serializers/GraphSerializer.js
FN:13,(anonymous_0)
FN:26,(anonymous_1)
FN:36,(anonymous_2)
FN:45,(anonymous_3)
FN:54,(anonymous_4)
FN:62,(anonymous_5)
FNF:6
FNH:6
FNDA:3,(anonymous_0)
FNDA:1,(anonymous_1)
FNDA:1,(anonymous_2)
FNDA:1,(anonymous_3)
FNDA:1,(anonymous_4)
FNDA:1,(anonymous_5)
DA:15,3
DA:27,1
DA:37,1
DA:46,1
DA:55,1
DA:63,1
DA:67,1
LF:7
LH:7
BRDA:13,0,0,2
BRF:1
BRH:1
end_of_record
TN:
SF:js/CypherNG/query/Expression.js
FN:17,(anonymous_0)
FN:40,(anonymous_1)
FN:48,(anonymous_2)
FN:59,(anonymous_3)
FN:67,(anonymous_4)
FN:75,(anonymous_5)
FN:83,(anonymous_6)
FN:91,(anonymous_7)
FN:99,(anonymous_8)
FN:107,(anonymous_9)
FN:115,(anonymous_10)
FN:122,(anonymous_11)
FN:138,(anonymous_12)
FN:146,(anonymous_13)
FN:155,(anonymous_14)
FN:164,(anonymous_15)
FN:172,(anonymous_16)
FN:180,(anonymous_17)
FN:189,(anonymous_18)
FN:198,(anonymous_19)
FN:206,(anonymous_20)
FNF:21
FNH:1
FNDA:22,(anonymous_0)
FNDA:0,(anonymous_1)
FNDA:0,(anonymous_2)
FNDA:0,(anonymous_3)
FNDA:0,(anonymous_4)
FNDA:0,(anonymous_5)
FNDA:0,(anonymous_6)
FNDA:0,(anonymous_7)
FNDA:0,(anonymous_8)
FNDA:0,(anonymous_9)
FNDA:0,(anonymous_10)
FNDA:0,(anonymous_11)
FNDA:0,(anonymous_12)
FNDA:0,(anonymous_13)
FNDA:0,(anonymous_14)
FNDA:0,(anonymous_15)
FNDA:0,(anonymous_16)
FNDA:0,(anonymous_17)
FNDA:0,(anonymous_18)
FNDA:0,(anonymous_19)
FNDA:0,(anonymous_20)
DA:18,22
DA:19,22
DA:20,22
DA:21,22
DA:22,22
DA:23,22
DA:24,22
DA:26,22
DA:27,0
DA:28,0
DA:29,0
DA:30,0
DA:31,0
DA:41,0
DA:49,0
DA:50,0
DA:52,0
DA:60,0
DA:68,0
DA:76,0
DA:84,0
DA:92,0
DA:100,0
DA:108,0
DA:116,0
DA:123,0
DA:124,0
DA:125,0
DA:127,0
DA:129,0
DA:130,0
DA:139,0
DA:147,0
DA:148,0
DA:156,0
DA:157,0
DA:165,0
DA:173,0
DA:181,0
DA:190,0
DA:199,0
DA:207,0
DA:211,1
LF:43
LH:9
BRDA:26,0,0,0
BRDA:26,0,1,22
BRDA:49,1,0,0
BRDA:49,1,1,0
BRDA:49,2,0,0
BRDA:49,2,1,0
BRDA:52,3,0,0
BRDA:52,3,1,0
BRDA:60,4,0,0
BRDA:60,4,1,0
BRDA:100,5,0,0
BRDA:100,5,1,0
BRDA:108,6,0,0
BRDA:108,6,1,0
BRDA:123,7,0,0
BRDA:123,7,1,0
BRDA:129,8,0,0
BRDA:129,8,1,0
BRDA:129,9,0,0
BRDA:129,9,1,0
BRDA:148,10,0,0
BRDA:148,10,1,0
BRDA:157,11,0,0
BRDA:157,11,1,0
BRDA:181,12,0,0
BRDA:181,12,1,0
BRF:26
BRH:1
end_of_record
TN:
SF:js/CypherNG/query/Parser.js
FN:27,(anonymous_0)
FN:45,(anonymous_1)
FN:48,(anonymous_2)
FN:51,(anonymous_3)
FN:77,KeyWord
FN:79,(anonymous_5)
FN:83,(anonymous_6)
FN:84,(anonymous_7)
FN:85,(anonymous_8)
FN:86,(anonymous_9)
FN:87,(anonymous_10)
FN:88,(anonymous_11)
FN:89,(anonymous_12)
FN:90,(anonymous_13)
FN:91,(anonymous_14)
FN:92,(anonymous_15)
FN:93,(anonymous_16)
FN:94,(anonymous_17)
FN:95,(anonymous_18)
FN:96,(anonymous_19)
FN:97,(anonymous_20)
FN:98,(anonymous_21)
FN:99,(anonymous_22)
FN:100,(anonymous_23)
FN:101,(anonymous_24)
FN:102,(anonymous_25)
FN:103,(anonymous_26)
FN:104,(anonymous_27)
FN:105,(anonymous_28)
FN:106,(anonymous_29)
FN:107,(anonymous_30)
FN:108,(anonymous_31)
FN:109,(anonymous_32)
FN:110,(anonymous_33)
FN:111,(anonymous_34)
FN:112,(anonymous_35)
FN:116,(anonymous_36)
FN:123,Operator
FN:126,(anonymous_38)
FN:127,(anonymous_39)
FN:128,(anonymous_40)
FN:129,(anonymous_41)
FN:133,(anonymous_42)
FN:136,(anonymous_43)
FN:139,(anonymous_44)
FN:142,(anonymous_45)
FN:145,(anonymous_46)
FN:154,(anonymous_47)
FN:157,(anonymous_48)
FN:160,(anonymous_49)
FN:163,(anonymous_50)
FN:166,(anonymous_51)
FN:169,(anonymous_52)
FN:172,(anonymous_53)
FN:175,(anonymous_54)
FN:181,(anonymous_55)
FN:184,(anonymous_56)
FN:187,(anonymous_57)
FN:194,(anonymous_58)
FN:201,_Function
FN:207,(anonymous_60)
FN:208,(anonymous_61)
FN:209,(anonymous_62)
FN:210,(anonymous_63)
FN:211,(anonymous_64)
FN:212,(anonymous_65)
FN:220,(anonymous_66)
FN:224,(anonymous_67)
FN:225,(anonymous_68)
FN:226,(anonymous_69)
FN:227,(anonymous_70)
FN:228,(anonymous_71)
FN:231,(anonymous_72)
FN:232,(anonymous_73)
FN:233,(anonymous_74)
FN:234,(anonymous_75)
FN:235,(anonymous_76)
FN:236,(anonymous_77)
FN:237,(anonymous_78)
FN:238,(anonymous_79)
FN:245,(anonymous_80)
FN:248,(anonymous_81)
FN:252,(anonymous_82)
FN:253,(anonymous_83)
FN:256,(anonymous_84)
FN:260,(anonymous_85)
FN:261,(anonymous_86)
FN:272,(anonymous_87)
FN:273,(anonymous_88)
FN:274,(anonymous_89)
FN:278,(anonymous_90)
FN:279,(anonymous_91)
FN:280,(anonymous_92)
FN:287,(anonymous_93)
FN:288,(anonymous_94)
FN:291,(anonymous_95)
FN:292,(anonymous_96)
FN:293,(anonymous_97)
FN:294,(anonymous_98)
FN:298,(anonymous_99)
FN:305,AggregateFunction
FN:311,(anonymous_101)
FN:312,(anonymous_102)
FN:313,(anonymous_103)
FN:314,(anonymous_104)
FN:315,(anonymous_105)
FN:316,(anonymous_106)
FN:324,(anonymous_107)
FN:330,(anonymous_108)
FN:335,(anonymous_109)
FN:338,(anonymous_110)
FN:345,(anonymous_111)
FN:346,(anonymous_112)
FN:349,(anonymous_113)
FN:359,(anonymous_114)
FN:360,(anonymous_115)
FN:363,(anonymous_116)
FN:373,(anonymous_117)
FN:378,(anonymous_118)
FN:381,(anonymous_119)
FN:388,(anonymous_120)
FN:393,(anonymous_121)
FN:396,(anonymous_122)
FN:405,(anonymous_123)
FN:412,PredicateFunctionLookup
FN:413,(anonymous_125)
FN:423,(anonymous_126)
FN:430,Constant
FN:431,(anonymous_128)
FN:432,(anonymous_129)
FN:433,(anonymous_130)
FN:434,(anonymous_131)
FN:435,(anonymous_132)
FN:441,FString
FN:443,(anonymous_134)
FN:444,(anonymous_135)
FN:445,(anonymous_136)
FN:456,(anonymous_137)
FN:463,(anonymous_138)
FN:486,(anonymous_139)
FN:496,(anonymous_140)
FN:500,(anonymous_141)
FN:504,(anonymous_142)
FN:509,(anonymous_143)
FN:520,(anonymous_144)
FN:532,(anonymous_145)
FN:583,(anonymous_146)
FN:588,(anonymous_147)
FN:593,(anonymous_148)
FN:602,(anonymous_149)
FN:614,(anonymous_150)
FN:625,(anonymous_151)
FN:633,(anonymous_152)
FN:661,(anonymous_153)
FN:699,(anonymous_154)
FN:722,(anonymous_155)
FN:773,(anonymous_156)
FN:823,(anonymous_157)
FN:837,(anonymous_158)
FN:853,(anonymous_159)
FN:869,(anonymous_160)
FN:876,(anonymous_161)
FN:929,(anonymous_162)
FN:936,(anonymous_163)
FN:990,(anonymous_164)
FN:998,(anonymous_165)
FN:1015,(anonymous_166)
FN:1026,(anonymous_167)
FN:1056,(anonymous_168)
FN:1076,(anonymous_169)
FN:1091,(anonymous_170)
FN:1128,(anonymous_171)
FN:1155,(anonymous_172)
FN:1159,(anonymous_173)
FN:1199,(anonymous_174)
FN:1223,(anonymous_175)
FN:1227,(anonymous_176)
FN:1231,(anonymous_177)
FN:1235,(anonymous_178)
FN:1239,(anonymous_179)
FN:1262,(anonymous_180)
FN:1284,(anonymous_181)
FN:1298,(anonymous_182)
FN:1314,(anonymous_183)
FN:1331,(anonymous_184)
FN:1355,(anonymous_185)
FN:1417,(anonymous_186)
FN:1434,(anonymous_187)
FN:1446,(anonymous_188)
FN:1458,(anonymous_189)
FN:1469,(anonymous_190)
FN:1502,(anonymous_191)
FN:1517,(anonymous_192)
FN:1527,(anonymous_193)
FN:1535,(anonymous_194)
FN:1541,(anonymous_195)
FN:1546,(anonymous_196)
FN:1551,(anonymous_197)
FN:1556,(anonymous_198)
FN:1565,(anonymous_199)
FN:1575,(anonymous_200)
FN:1585,(anonymous_201)
FN:1589,(anonymous_202)
FN:1596,(anonymous_203)
FN:1604,(anonymous_204)
FN:1612,(anonymous_205)
FN:1619,(anonymous_206)
FN:1626,(anonymous_207)
FN:1633,(anonymous_208)
FN:1640,(anonymous_209)
FN:1647,(anonymous_210)
FN:1654,(anonymous_211)
FN:1661,(anonymous_212)
FN:1668,(anonymous_213)
FN:1675,(anonymous_214)
FN:1683,(anonymous_215)
FN:1696,(anonymous_216)
FN:1700,(anonymous_217)
FN:1707,(anonymous_218)
FN:1712,(anonymous_219)
FN:1717,(anonymous_220)
FN:1803,(anonymous_221)
FN:1807,(anonymous_222)
FN:1811,(anonymous_223)
FN:1820,(anonymous_224)
FN:1830,(anonymous_225)
FN:1836,(anonymous_226)
FN:1840,(anonymous_227)
FN:1853,(anonymous_228)
FN:1854,(anonymous_229)
FN:1855,(anonymous_230)
FN:1856,(anonymous_231)
FN:1857,(anonymous_232)
FN:1858,(anonymous_233)
FN:1863,(anonymous_234)
FN:1864,(anonymous_235)
FN:1865,(anonymous_236)
FN:1869,(anonymous_237)
FN:1873,(anonymous_238)
FN:1877,(anonymous_239)
FN:1878,(anonymous_240)
FN:1879,(anonymous_241)
FN:1880,(anonymous_242)
FN:1881,(anonymous_243)
FN:1882,(anonymous_244)
FN:1885,(anonymous_245)
FN:1886,(anonymous_246)
FN:1889,(anonymous_247)
FN:1892,(anonymous_248)
FN:1897,(anonymous_249)
FN:1902,(anonymous_250)
FN:1903,(anonymous_251)
FN:1905,(anonymous_252)
FN:1919,(anonymous_253)
FN:1920,(anonymous_254)
FN:1921,(anonymous_255)
FN:1923,(anonymous_256)
FN:1927,(anonymous_257)
FN:1933,(anonymous_258)
FN:1934,(anonymous_259)
FN:1935,(anonymous_260)
FN:1936,(anonymous_261)
FN:1937,(anonymous_262)
FN:1949,(anonymous_263)
FN:1957,(anonymous_264)
FN:1958,(anonymous_265)
FN:1959,(anonymous_266)
FN:1960,(anonymous_267)
FN:1961,(anonymous_268)
FN:1962,(anonymous_269)
FN:1963,(anonymous_270)
FN:1964,(anonymous_271)
FN:1965,(anonymous_272)
FN:1966,(anonymous_273)
FN:1967,(anonymous_274)
FN:1968,(anonymous_275)
FN:1969,(anonymous_276)
FN:1970,(anonymous_277)
FN:1971,(anonymous_278)
FN:1972,(anonymous_279)
FN:1973,(anonymous_280)
FN:1974,(anonymous_281)
FN:1975,(anonymous_282)
FN:1976,(anonymous_283)
FN:1977,(anonymous_284)
FN:1978,(anonymous_285)
FN:1979,(anonymous_286)
FN:1980,(anonymous_287)
FN:1981,(anonymous_288)
FN:1982,(anonymous_289)
FN:1983,(anonymous_290)
FN:1991,(anonymous_291)
FN:2004,(anonymous_292)
FN:2013,(anonymous_293)
FN:2014,(anonymous_294)
FN:2021,(anonymous_295)
FN:2022,(anonymous_296)
FN:2023,(anonymous_297)
FN:2026,(anonymous_298)
FN:2035,VariableReference
FN:2036,(anonymous_300)
FN:2039,(anonymous_301)
FN:2042,(anonymous_302)
FN:2043,(anonymous_303)
FN:2046,(anonymous_304)
FN:2050,(anonymous_305)
FN:2059,ExpressionElement
FN:2060,(anonymous_307)
FN:2069,(anonymous_308)
FN:2076,(anonymous_309)
FN:2090,(anonymous_310)
FN:2096,(anonymous_311)
FN:2097,(anonymous_312)
FN:2102,(anonymous_313)
FN:2103,(anonymous_314)
FN:2104,(anonymous_315)
FN:2110,(anonymous_316)
FN:2111,(anonymous_317)
FN:2120,(anonymous_318)
FN:2121,(anonymous_319)
FN:2132,AggregateExpressionElement
FN:2138,(anonymous_321)
FN:2139,(anonymous_322)
FN:2140,(anonymous_323)
FN:2141,(anonymous_324)
FN:2142,(anonymous_325)
FN:2143,(anonymous_326)
FN:2144,(anonymous_327)
FN:2145,(anonymous_328)
FN:2146,(anonymous_329)
FN:2147,(anonymous_330)
FN:2148,(anonymous_331)
FN:2149,(anonymous_332)
FN:2150,(anonymous_333)
FN:2151,(anonymous_334)
FNF:335
FNH:208
FNDA:8,(anonymous_0)
FNDA:819,(anonymous_1)
FNDA:3439,(anonymous_2)
FNDA:211,(anonymous_3)
FNDA:30,KeyWord
FNDA:30,(anonymous_5)
FNDA:6,(anonymous_6)
FNDA:11,(anonymous_7)
FNDA:1,(anonymous_8)
FNDA:2,(anonymous_9)
FNDA:13,(anonymous_10)
FNDA:0,(anonymous_11)
FNDA:2,(anonymous_12)
FNDA:1,(anonymous_13)
FNDA:2,(anonymous_14)
FNDA:1,(anonymous_15)
FNDA:1,(anonymous_16)
FNDA:0,(anonymous_17)
FNDA:0,(anonymous_18)
FNDA:0,(anonymous_19)
FNDA:1,(anonymous_20)
FNDA:0,(anonymous_21)
FNDA:7,(anonymous_22)
FNDA:0,(anonymous_23)
FNDA:1,(anonymous_24)
FNDA:0,(anonymous_25)
FNDA:1,(anonymous_26)
FNDA:0,(anonymous_27)
FNDA:0,(anonymous_28)
FNDA:1,(anonymous_29)
FNDA:1,(anonymous_30)
FNDA:1,(anonymous_31)
FNDA:1,(anonymous_32)
FNDA:1,(anonymous_33)
FNDA:0,(anonymous_34)
FNDA:0,(anonymous_35)
FNDA:540,(anonymous_36)
FNDA:17,Operator
FNDA:17,(anonymous_38)
FNDA:8,(anonymous_39)
FNDA:1,(anonymous_40)
FNDA:1,(anonymous_41)
FNDA:0,(anonymous_42)
FNDA:0,(anonymous_43)
FNDA:0,(anonymous_44)
FNDA:0,(anonymous_45)
FNDA:1,(anonymous_46)
FNDA:0,(anonymous_47)
FNDA:0,(anonymous_48)
FNDA:0,(anonymous_49)
FNDA:0,(anonymous_50)
FNDA:0,(anonymous_51)
FNDA:1,(anonymous_52)
FNDA:0,(anonymous_53)
FNDA:0,(anonymous_54)
FNDA:0,(anonymous_55)
FNDA:1,(anonymous_56)
FNDA:0,(anonymous_57)
FNDA:48,(anonymous_58)
FNDA:32,_Function
FNDA:32,(anonymous_60)
FNDA:0,(anonymous_61)
FNDA:0,(anonymous_62)
FNDA:0,(anonymous_63)
FNDA:0,(anonymous_64)
FNDA:3,(anonymous_65)
FNDA:0,(anonymous_66)
FNDA:0,(anonymous_67)
FNDA:0,(anonymous_68)
FNDA:0,(anonymous_69)
FNDA:1,(anonymous_70)
FNDA:0,(anonymous_71)
FNDA:0,(anonymous_72)
FNDA:0,(anonymous_73)
FNDA:0,(anonymous_74)
FNDA:0,(anonymous_75)
FNDA:0,(anonymous_76)
FNDA:0,(anonymous_77)
FNDA:0,(anonymous_78)
FNDA:0,(anonymous_79)
FNDA:0,(anonymous_80)
FNDA:0,(anonymous_81)
FNDA:1,(anonymous_82)
FNDA:0,(anonymous_83)
FNDA:0,(anonymous_84)
FNDA:0,(anonymous_85)
FNDA:0,(anonymous_86)
FNDA:0,(anonymous_87)
FNDA:0,(anonymous_88)
FNDA:0,(anonymous_89)
FNDA:1,(anonymous_90)
FNDA:0,(anonymous_91)
FNDA:0,(anonymous_92)
FNDA:0,(anonymous_93)
FNDA:0,(anonymous_94)
FNDA:0,(anonymous_95)
FNDA:0,(anonymous_96)
FNDA:0,(anonymous_97)
FNDA:1,(anonymous_98)
FNDA:90,(anonymous_99)
FNDA:5,AggregateFunction
FNDA:5,(anonymous_101)
FNDA:0,(anonymous_102)
FNDA:0,(anonymous_103)
FNDA:0,(anonymous_104)
FNDA:2,(anonymous_105)
FNDA:2,(anonymous_106)
FNDA:0,(anonymous_107)
FNDA:0,(anonymous_108)
FNDA:0,(anonymous_109)
FNDA:0,(anonymous_110)
FNDA:0,(anonymous_111)
FNDA:0,(anonymous_112)
FNDA:0,(anonymous_113)
FNDA:0,(anonymous_114)
FNDA:0,(anonymous_115)
FNDA:0,(anonymous_116)
FNDA:0,(anonymous_117)
FNDA:0,(anonymous_118)
FNDA:0,(anonymous_119)
FNDA:0,(anonymous_120)
FNDA:0,(anonymous_121)
FNDA:0,(anonymous_122)
FNDA:90,(anonymous_123)
FNDA:3,PredicateFunctionLookup
FNDA:3,(anonymous_125)
FNDA:49,(anonymous_126)
FNDA:39,Constant
FNDA:1,(anonymous_128)
FNDA:5,(anonymous_129)
FNDA:1,(anonymous_130)
FNDA:0,(anonymous_131)
FNDA:0,(anonymous_132)
FNDA:2,FString
FNDA:4,(anonymous_134)
FNDA:3,(anonymous_135)
FNDA:2,(anonymous_136)
FNDA:0,(anonymous_137)
FNDA:25,(anonymous_138)
FNDA:24,(anonymous_139)
FNDA:0,(anonymous_140)
FNDA:2,(anonymous_141)
FNDA:22,(anonymous_142)
FNDA:55,(anonymous_143)
FNDA:24,(anonymous_144)
FNDA:55,(anonymous_145)
FNDA:1,(anonymous_146)
FNDA:0,(anonymous_147)
FNDA:0,(anonymous_148)
FNDA:1,(anonymous_149)
FNDA:38,(anonymous_150)
FNDA:36,(anonymous_151)
FNDA:14,(anonymous_152)
FNDA:21,(anonymous_153)
FNDA:4,(anonymous_154)
FNDA:20,(anonymous_155)
FNDA:17,(anonymous_156)
FNDA:49,(anonymous_157)
FNDA:54,(anonymous_158)
FNDA:48,(anonymous_159)
FNDA:29,(anonymous_160)
FNDA:18,(anonymous_161)
FNDA:14,(anonymous_162)
FNDA:48,(anonymous_163)
FNDA:17,(anonymous_164)
FNDA:47,(anonymous_165)
FNDA:47,(anonymous_166)
FNDA:17,(anonymous_167)
FNDA:1,(anonymous_168)
FNDA:3,(anonymous_169)
FNDA:2,(anonymous_170)
FNDA:0,(anonymous_171)
FNDA:2,(anonymous_172)
FNDA:48,(anonymous_173)
FNDA:66,(anonymous_174)
FNDA:5,(anonymous_175)
FNDA:1,(anonymous_176)
FNDA:1,(anonymous_177)
FNDA:0,(anonymous_178)
FNDA:32,(anonymous_179)
FNDA:4,(anonymous_180)
FNDA:25,(anonymous_181)
FNDA:4,(anonymous_182)
FNDA:11,(anonymous_183)
FNDA:46,(anonymous_184)
FNDA:16,(anonymous_185)
FNDA:46,(anonymous_186)
FNDA:18,(anonymous_187)
FNDA:1,(anonymous_188)
FNDA:1,(anonymous_189)
FNDA:40,(anonymous_190)
FNDA:2,(anonymous_191)
FNDA:17,(anonymous_192)
FNDA:17,(anonymous_193)
FNDA:65,(anonymous_194)
FNDA:60,(anonymous_195)
FNDA:48,(anonymous_196)
FNDA:10,(anonymous_197)
FNDA:1,(anonymous_198)
FNDA:4,(anonymous_199)
FNDA:0,(anonymous_200)
FNDA:47,(anonymous_201)
FNDA:29,(anonymous_202)
FNDA:0,(anonymous_203)
FNDA:13,(anonymous_204)
FNDA:0,(anonymous_205)
FNDA:0,(anonymous_206)
FNDA:2,(anonymous_207)
FNDA:2,(anonymous_208)
FNDA:1,(anonymous_209)
FNDA:1,(anonymous_210)
FNDA:0,(anonymous_211)
FNDA:0,(anonymous_212)
FNDA:0,(anonymous_213)
FNDA:2,(anonymous_214)
FNDA:6,(anonymous_215)
FNDA:2,(anonymous_216)
FNDA:2,(anonymous_217)
FNDA:48,(anonymous_218)
FNDA:10,(anonymous_219)
FNDA:22,(anonymous_220)
FNDA:29,(anonymous_221)
FNDA:0,(anonymous_222)
FNDA:0,(anonymous_223)
FNDA:42,(anonymous_224)
FNDA:85,(anonymous_225)
FNDA:1550,(anonymous_226)
FNDA:812,(anonymous_227)
FNDA:20,(anonymous_228)
FNDA:4,(anonymous_229)
FNDA:24,(anonymous_230)
FNDA:40,(anonymous_231)
FNDA:148,(anonymous_232)
FNDA:71,(anonymous_233)
FNDA:0,(anonymous_234)
FNDA:76,(anonymous_235)
FNDA:46,(anonymous_236)
FNDA:79,(anonymous_237)
FNDA:222,(anonymous_238)
FNDA:42,(anonymous_239)
FNDA:1,(anonymous_240)
FNDA:0,(anonymous_241)
FNDA:48,(anonymous_242)
FNDA:27,(anonymous_243)
FNDA:71,(anonymous_244)
FNDA:23,(anonymous_245)
FNDA:26,(anonymous_246)
FNDA:3,(anonymous_247)
FNDA:0,(anonymous_248)
FNDA:0,(anonymous_249)
FNDA:54,(anonymous_250)
FNDA:6,(anonymous_251)
FNDA:1173,(anonymous_252)
FNDA:376,(anonymous_253)
FNDA:6156,(anonymous_254)
FNDA:1,(anonymous_255)
FNDA:2,(anonymous_256)
FNDA:2,(anonymous_257)
FNDA:54,(anonymous_258)
FNDA:48,(anonymous_259)
FNDA:49,(anonymous_260)
FNDA:17,(anonymous_261)
FNDA:48,(anonymous_262)
FNDA:48,(anonymous_263)
FNDA:39,(anonymous_264)
FNDA:36,(anonymous_265)
FNDA:14,(anonymous_266)
FNDA:14,(anonymous_267)
FNDA:29,(anonymous_268)
FNDA:55,(anonymous_269)
FNDA:24,(anonymous_270)
FNDA:1,(anonymous_271)
FNDA:0,(anonymous_272)
FNDA:0,(anonymous_273)
FNDA:0,(anonymous_274)
FNDA:1,(anonymous_275)
FNDA:0,(anonymous_276)
FNDA:20,(anonymous_277)
FNDA:1,(anonymous_278)
FNDA:18,(anonymous_279)
FNDA:2,(anonymous_280)
FNDA:18,(anonymous_281)
FNDA:17,(anonymous_282)
FNDA:17,(anonymous_283)
FNDA:17,(anonymous_284)
FNDA:2,(anonymous_285)
FNDA:1,(anonymous_286)
FNDA:1,(anonymous_287)
FNDA:1,(anonymous_288)
FNDA:0,(anonymous_289)
FNDA:48,(anonymous_290)
FNDA:496,(anonymous_291)
FNDA:22,(anonymous_292)
FNDA:6,(anonymous_293)
FNDA:0,(anonymous_294)
FNDA:2,(anonymous_295)
FNDA:2,(anonymous_296)
FNDA:2,(anonymous_297)
FNDA:48,(anonymous_298)
FNDA:13,VariableReference
FNDA:0,(anonymous_300)
FNDA:0,(anonymous_301)
FNDA:7,(anonymous_302)
FNDA:0,(anonymous_303)
FNDA:0,(anonymous_304)
FNDA:0,(anonymous_305)
FNDA:64,ExpressionElement
FNDA:24,(anonymous_307)
FNDA:0,(anonymous_308)
FNDA:0,(anonymous_309)
FNDA:0,(anonymous_310)
FNDA:0,(anonymous_311)
FNDA:1,(anonymous_312)
FNDA:0,(anonymous_313)
FNDA:0,(anonymous_314)
FNDA:2,(anonymous_315)
FNDA:0,(anonymous_316)
FNDA:1,(anonymous_317)
FNDA:35,(anonymous_318)
FNDA:0,(anonymous_319)
FNDA:4,AggregateExpressionElement
FNDA:0,(anonymous_321)
FNDA:0,(anonymous_322)
FNDA:0,(anonymous_323)
FNDA:0,(anonymous_324)
FNDA:0,(anonymous_325)
FNDA:0,(anonymous_326)
FNDA:0,(anonymous_327)
FNDA:0,(anonymous_328)
FNDA:0,(anonymous_329)
FNDA:0,(anonymous_330)
FNDA:0,(anonymous_331)
FNDA:1,(anonymous_332)
FNDA:2,(anonymous_333)
FNDA:1,(anonymous_334)
DA:14,1
DA:15,1
DA:16,1
DA:17,1
DA:18,1
DA:19,1
DA:20,1
DA:21,1
DA:26,1
DA:28,8
DA:29,8
DA:30,92
DA:31,92
DA:32,92
DA:33,383
DA:34,383
DA:35,331
DA:37,383
DA:39,92
DA:40,92
DA:42,8
DA:46,819
DA:47,819
DA:48,819
DA:49,3439
DA:51,819
DA:52,211
DA:53,205
DA:54,205
DA:59,819
DA:60,1819
DA:61,1204
DA:62,1204
DA:63,204
DA:64,204
DA:66,1000
DA:68,615
DA:78,30
DA:79,30
DA:82,1
DA:83,6
DA:84,11
DA:85,1
DA:86,2
DA:87,13
DA:88,1
DA:89,1
DA:90,1
DA:91,1
DA:92,1
DA:93,1
DA:94,1
DA:95,1
DA:96,1
DA:97,1
DA:98,1
DA:99,1
DA:100,1
DA:101,1
DA:102,1
DA:103,1
DA:104,1
DA:105,1
DA:106,1
DA:107,1
DA:108,1
DA:109,1
DA:110,1
DA:111,1
DA:112,1
DA:114,1
DA:115,1
DA:116,1
DA:117,540
DA:124,17
DA:125,17
DA:126,17
DA:127,17
DA:128,17
DA:129,17
DA:132,1
DA:133,1
DA:134,0
DA:136,1
DA:137,0
DA:139,1
DA:140,0
DA:142,1
DA:143,0
DA:145,1
DA:146,1
DA:147,0
DA:149,1
DA:150,0
DA:152,1
DA:154,1
DA:155,0
DA:157,1
DA:158,0
DA:160,1
DA:161,0
DA:163,1
DA:164,0
DA:166,1
DA:167,0
DA:169,1
DA:170,1
DA:172,1
DA:173,0
DA:175,1
DA:176,0
DA:177,0
DA:179,0
DA:181,1
DA:182,0
DA:184,1
DA:185,1
DA:187,1
DA:188,0
DA:190,1
DA:192,1
DA:193,1
DA:194,1
DA:195,48
DA:202,32
DA:203,32
DA:204,32
DA:205,32
DA:206,32
DA:207,32
DA:208,32
DA:209,32
DA:210,32
DA:211,32
DA:212,32
DA:213,3
DA:214,1
DA:216,2
DA:217,1
DA:220,32
DA:223,1
DA:224,1
DA:225,1
DA:226,1
DA:227,1
DA:228,1
DA:229,0
DA:231,1
DA:232,1
DA:233,1
DA:234,1
DA:235,1
DA:236,1
DA:237,1
DA:238,1
DA:239,0
DA:240,0
DA:242,0
DA:245,1
DA:246,0
DA:248,1
DA:249,0
DA:250,0
DA:252,1
DA:253,1
DA:254,0
DA:256,1
DA:257,0
DA:258,0
DA:260,1
DA:261,1
DA:262,0
DA:263,0
DA:264,0
DA:265,0
DA:266,0
DA:267,0
DA:268,0
DA:270,0
DA:272,1
DA:273,1
DA:274,1
DA:275,0
DA:276,0
DA:278,1
DA:279,1
DA:280,1
DA:281,0
DA:282,0
DA:284,0
DA:287,1
DA:288,1
DA:289,0
DA:291,1
DA:292,1
DA:293,1
DA:294,1
DA:296,1
DA:297,1
DA:298,1
DA:299,90
DA:306,5
DA:307,5
DA:308,5
DA:309,5
DA:310,5
DA:311,5
DA:312,5
DA:313,5
DA:314,5
DA:315,5
DA:316,5
DA:317,2
DA:318,0
DA:320,2
DA:321,0
DA:324,5
DA:327,1
DA:328,1
DA:331,0
DA:332,0
DA:336,0
DA:339,0
DA:340,0
DA:343,1
DA:347,0
DA:350,0
DA:351,0
DA:352,0
DA:353,0
DA:357,1
DA:361,0
DA:364,0
DA:365,0
DA:366,0
DA:367,0
DA:371,1
DA:374,0
DA:375,0
DA:379,0
DA:382,0
DA:383,0
DA:386,1
DA:389,0
DA:390,0
DA:394,0
DA:397,0
DA:398,0
DA:403,1
DA:404,1
DA:405,1
DA:406,90
DA:413,3
DA:416,1
DA:417,1
DA:418,1
DA:419,1
DA:421,1
DA:422,1
DA:423,1
DA:424,49
DA:431,39
DA:432,39
DA:433,39
DA:434,39
DA:435,39
DA:442,2
DA:443,4
DA:444,3
DA:445,2
DA:446,2
DA:447,2
DA:448,7
DA:449,3
DA:451,4
DA:454,2
DA:456,2
DA:464,25
DA:465,25
DA:466,25
DA:467,25
DA:468,25
DA:469,25
DA:470,25
DA:471,25
DA:473,25
DA:474,25
DA:475,25
DA:476,600
DA:480,25
DA:481,25
DA:482,25
DA:483,25
DA:487,24
DA:488,24
DA:489,24
DA:490,24
DA:491,24
DA:492,24
DA:493,24
DA:497,0
DA:501,2
DA:505,22
DA:510,55
DA:511,55
DA:513,31
DA:515,54
DA:516,1
DA:521,24
DA:522,24
DA:523,1
DA:524,1
DA:525,1
DA:526,1
DA:527,1
DA:529,23
DA:533,55
DA:534,55
DA:535,1
DA:536,1
DA:537,1
DA:538,1
DA:539,0
DA:540,0
DA:541,0
DA:543,0
DA:545,1
DA:546,1
DA:547,1
DA:548,1
DA:549,1
DA:550,1
DA:551,0
DA:554,0
DA:556,0
DA:557,0
DA:558,0
DA:559,0
DA:561,0
DA:563,0
DA:564,0
DA:565,0
DA:567,0
DA:568,0
DA:569,0
DA:571,0
DA:572,0
DA:573,0
DA:576,0
DA:578,1
DA:580,54
DA:584,1
DA:585,1
DA:589,0
DA:590,0
DA:594,0
DA:595,0
DA:596,0
DA:598,0
DA:603,1
DA:604,1
DA:605,0
DA:606,0
DA:607,0
DA:609,0
DA:615,38
DA:616,38
DA:617,2
DA:618,2
DA:619,2
DA:622,36
DA:626,36
DA:627,36
DA:628,12
DA:630,24
DA:634,14
DA:635,18
DA:636,18
DA:637,0
DA:639,18
DA:640,18
DA:641,18
DA:642,0
DA:646,14
DA:647,14
DA:648,14
DA:650,14
DA:651,14
DA:652,0
DA:653,0
DA:654,0
DA:656,0
DA:658,14
DA:662,21
DA:663,21
DA:664,17
DA:666,21
DA:667,21
DA:668,21
DA:669,21
DA:670,21
DA:671,21
DA:672,11
DA:673,0
DA:675,11
DA:677,10
DA:678,2
DA:679,2
DA:680,0
DA:682,2
DA:684,8
DA:688,0
DA:689,0
DA:691,21
DA:692,1
DA:694,20
DA:696,0
DA:700,4
DA:701,1
DA:702,0
DA:704,1
DA:705,1
DA:706,1
DA:708,1
DA:709,1
DA:710,1
DA:711,1
DA:714,0
DA:717,1
DA:719,3
DA:723,20
DA:724,20
DA:725,4
DA:726,4
DA:727,0
DA:729,4
DA:730,4
DA:731,0
DA:732,0
DA:733,0
DA:734,0
DA:735,0
DA:736,0
DA:737,0
DA:739,0
DA:741,0
DA:742,0
DA:743,0
DA:744,0
DA:746,0
DA:748,0
DA:752,4
DA:753,4
DA:754,4
DA:756,4
DA:757,0
DA:759,4
DA:760,0
DA:762,4
DA:763,4
DA:765,4
DA:767,0
DA:770,16
DA:774,17
DA:775,17
DA:776,0
DA:777,0
DA:778,0
DA:780,0
DA:781,0
DA:782,0
DA:784,0
DA:786,17
DA:787,17
DA:788,17
DA:789,17
DA:790,0
DA:791,0
DA:792,0
DA:795,17
DA:796,16
DA:797,16
DA:798,0
DA:803,16
DA:804,4
DA:805,0
DA:807,4
DA:808,4
DA:811,16
DA:812,0
DA:814,16
DA:815,0
DA:817,16
DA:818,0
DA:820,16
DA:824,49
DA:825,49
DA:826,1
DA:827,1
DA:828,0
DA:830,1
DA:831,1
DA:832,1
DA:834,48
DA:838,54
DA:839,54
DA:840,5
DA:841,5
DA:842,5
DA:843,0
DA:846,4
DA:847,4
DA:848,4
DA:850,49
DA:854,48
DA:855,48
DA:856,10
DA:857,11
DA:858,11
DA:859,0
DA:862,10
DA:863,10
DA:864,10
DA:866,38
DA:870,29
DA:871,2
DA:872,2
DA:877,18
DA:878,18
DA:879,1
DA:880,1
DA:881,1
DA:882,0
DA:884,1
DA:885,1
DA:887,1
DA:888,1
DA:890,0
DA:892,1
DA:893,1
DA:894,0
DA:896,1
DA:897,1
DA:898,1
DA:899,1
DA:901,0
DA:902,0
DA:903,0
DA:905,0
DA:906,0
DA:907,0
DA:909,0
DA:910,0
DA:911,0
DA:912,0
DA:913,0
DA:915,0
DA:916,0
DA:917,0
DA:919,0
DA:920,0
DA:921,0
DA:930,14
DA:931,2
DA:932,2
DA:938,48
DA:941,48
DA:942,0
DA:943,48
DA:944,0
DA:945,0
DA:946,0
DA:947,0
DA:949,0
DA:950,48
DA:951,0
DA:952,0
DA:953,48
DA:954,0
DA:955,48
DA:956,2
DA:957,46
DA:958,29
DA:959,17
DA:960,1
DA:961,1
DA:962,16
DA:963,0
DA:964,16
DA:965,13
DA:966,0
DA:968,13
DA:969,3
DA:970,2
DA:971,1
DA:972,1
DA:974,0
DA:975,0
DA:978,48
DA:979,47
DA:981,48
DA:982,48
DA:983,6
DA:984,6
DA:985,6
DA:987,48
DA:991,17
DA:992,17
DA:993,17
DA:994,17
DA:995,17
DA:999,47
DA:1000,51
DA:1001,4
DA:1002,4
DA:1004,0
DA:1006,47
DA:1009,47
DA:1010,47
DA:1016,47
DA:1017,0
DA:1018,0
DA:1019,0
DA:1021,0
DA:1023,47
DA:1027,17
DA:1028,1
DA:1029,1
DA:1030,1
DA:1031,1
DA:1032,1
DA:1033,1
DA:1034,1
DA:1036,0
DA:1038,1
DA:1040,1
DA:1041,0
DA:1043,1
DA:1044,1
DA:1045,1
DA:1047,1
DA:1048,1
DA:1049,0
DA:1051,1
DA:1053,16
DA:1057,1
DA:1058,1
DA:1059,1
DA:1060,2
DA:1061,2
DA:1062,2
DA:1063,0
DA:1065,2
DA:1068,1
DA:1069,0
DA:1071,1
DA:1073,0
DA:1077,3
DA:1078,2
DA:1079,2
DA:1080,6
DA:1081,6
DA:1083,2
DA:1084,0
DA:1086,2
DA:1088,1
DA:1092,2
DA:1093,0
DA:1095,2
DA:1096,2
DA:1097,2
DA:1098,2
DA:1099,2
DA:1100,2
DA:1101,0
DA:1103,2
DA:1104,2
DA:1105,2
DA:1106,2
DA:1107,2
DA:1108,2
DA:1110,2
DA:1111,2
DA:1113,0
DA:1116,2
DA:1117,2
DA:1118,2
DA:1120,0
DA:1122,2
DA:1124,0
DA:1129,0
DA:1130,0
DA:1131,0
DA:1132,0
DA:1133,0
DA:1134,0
DA:1135,0
DA:1136,0
DA:1138,0
DA:1139,0
DA:1141,0
DA:1144,0
DA:1145,0
DA:1147,0
DA:1149,0
DA:1151,0
DA:1156,2
DA:1160,48
DA:1161,48
DA:1162,48
DA:1163,0
DA:1164,0
DA:1165,0
DA:1166,0
DA:1167,0
DA:1168,0
DA:1169,0
DA:1170,0
DA:1171,0
DA:1172,0
DA:1173,0
DA:1174,0
DA:1175,0
DA:1176,0
DA:1178,0
DA:1179,0
DA:1180,0
DA:1181,0
DA:1183,0
DA:1184,0
DA:1185,0
DA:1186,0
DA:1187,0
DA:1188,0
DA:1190,0
DA:1195,48
DA:1196,48
DA:1200,66
DA:1201,66
DA:1202,66
DA:1203,66
DA:1204,0
DA:1205,0
DA:1206,0
DA:1208,66
DA:1209,66
DA:1210,71
DA:1211,71
DA:1214,66
DA:1215,42
DA:1216,2
DA:1218,42
DA:1220,24
DA:1224,5
DA:1228,1
DA:1232,1
DA:1236,0
DA:1240,32
DA:1241,32
DA:1242,11
DA:1243,11
DA:1244,0
DA:1245,0
DA:1246,0
DA:1248,11
DA:1249,11
DA:1250,59
DA:1251,59
DA:1254,11
DA:1255,0
DA:1257,11
DA:1258,11
DA:1259,11
DA:1263,4
DA:1264,4
DA:1265,3
DA:1266,3
DA:1267,0
DA:1268,0
DA:1269,0
DA:1271,3
DA:1272,3
DA:1273,18
DA:1274,18
DA:1277,3
DA:1278,0
DA:1280,3
DA:1281,3
DA:1285,25
DA:1286,25
DA:1287,2
DA:1288,0
DA:1290,2
DA:1291,0
DA:1293,2
DA:1295,23
DA:1299,4
DA:1300,4
DA:1302,0
DA:1304,4
DA:1305,0
DA:1307,4
DA:1308,4
DA:1309,2
DA:1311,2
DA:1315,11
DA:1316,11
DA:1317,11
DA:1318,0
DA:1319,0
DA:1320,0
DA:1322,11
DA:1323,11
DA:1324,37
DA:1325,37
DA:1328,11
DA:1332,46
DA:1333,46
DA:1334,0
DA:1335,46
DA:1336,6
DA:1337,40
DA:1338,0
DA:1340,40
DA:1342,6
DA:1343,6
DA:1344,27
DA:1345,0
DA:1347,27
DA:1348,27
DA:1349,27
DA:1351,6
DA:1352,6
DA:1356,16
DA:1357,16
DA:1359,0
DA:1360,0
DA:1361,0
DA:1362,0
DA:1363,0
DA:1364,0
DA:1365,0
DA:1366,0
DA:1368,0
DA:1369,0
DA:1371,0
DA:1372,0
DA:1373,0
DA:1374,0
DA:1375,0
DA:1377,0
DA:1378,0
DA:1379,0
DA:1380,0
DA:1381,0
DA:1382,0
DA:1383,0
DA:1385,0
DA:1386,0
DA:1388,0
DA:1390,0
DA:1391,0
DA:1392,0
DA:1393,0
DA:1394,0
DA:1396,0
DA:1397,0
DA:1399,0
DA:1400,0
DA:1402,0
DA:1404,0
DA:1405,0
DA:1407,0
DA:1408,0
DA:1410,0
DA:1411,0
DA:1412,0
DA:1414,0
DA:1418,46
DA:1420,40
DA:1421,22
DA:1422,18
DA:1423,1
DA:1424,17
DA:1425,0
DA:1426,17
DA:1427,0
DA:1429,17
DA:1431,29
DA:1435,18
DA:1436,18
DA:1437,5
DA:1438,0
DA:1440,5
DA:1441,5
DA:1443,13
DA:1447,1
DA:1448,1
DA:1449,1
DA:1450,0
DA:1452,1
DA:1453,1
DA:1455,0
DA:1459,1
DA:1460,1
DA:1461,1
DA:1462,0
DA:1464,1
DA:1466,0
DA:1470,40
DA:1471,40
DA:1472,40
DA:1473,0
DA:1474,0
DA:1476,40
DA:1477,22
DA:1478,22
DA:1479,5
DA:1481,22
DA:1482,0
DA:1483,0
DA:1484,0
DA:1485,0
DA:1486,0
DA:1489,0
DA:1492,22
DA:1494,18
DA:1495,0
DA:1497,18
DA:1499,22
DA:1503,2
DA:1504,2
DA:1505,2
DA:1506,2
DA:1507,0
DA:1509,2
DA:1511,0
DA:1513,2
DA:1518,17
DA:1524,17
DA:1528,17
DA:1529,17
DA:1530,17
DA:1531,17
DA:1532,17
DA:1536,65
DA:1537,65
DA:1538,65
DA:1542,60
DA:1543,60
DA:1547,48
DA:1548,48
DA:1552,10
DA:1553,10
DA:1557,1
DA:1558,0
DA:1559,1
DA:1560,0
DA:1562,1
DA:1566,4
DA:1567,4
DA:1569,4
DA:1576,0
DA:1577,0
DA:1579,0
DA:1590,29
DA:1597,0
DA:1598,0
DA:1599,0
DA:1600,0
DA:1605,13
DA:1613,0
DA:1620,0
DA:1621,0
DA:1622,0
DA:1627,2
DA:1634,2
DA:1641,1
DA:1648,1
DA:1655,0
DA:1662,0
DA:1669,0
DA:1676,2
DA:1684,6
DA:1688,0
DA:1690,6
DA:1697,2
DA:1701,2
DA:1702,0
DA:1704,2
DA:1708,48
DA:1709,48
DA:1713,10
DA:1714,10
DA:1718,22
DA:1719,3
DA:1722,22
DA:1724,22
DA:1725,22
DA:1727,22
DA:1728,32
DA:1730,32
DA:1731,0
DA:1734,32
DA:1735,3
DA:1736,3
DA:1737,3
DA:1738,3
DA:1739,29
DA:1740,0
DA:1741,0
DA:1742,0
DA:1743,0
DA:1744,0
DA:1747,0
DA:1748,0
DA:1749,0
DA:1751,0
DA:1753,0
DA:1754,0
DA:1758,32
DA:1759,7
DA:1760,7
DA:1764,32
DA:1765,3
DA:1767,3
DA:1768,3
DA:1769,3
DA:1770,3
DA:1771,0
DA:1772,0
DA:1777,32
DA:1780,22
DA:1781,0
DA:1784,22
DA:1785,22
DA:1794,22
DA:1795,35
DA:1798,22
DA:1799,22
DA:1804,29
DA:1808,0
DA:1812,0
DA:1813,0
DA:1815,0
DA:1816,0
DA:1817,0
DA:1821,42
DA:1824,0
DA:1825,0
DA:1827,42
DA:1831,85
DA:1832,85
DA:1833,85
DA:1837,1550
DA:1841,812
DA:1842,812
DA:1843,438
DA:1845,812
DA:1846,127
DA:1847,127
DA:1849,685
DA:1853,20
DA:1854,4
DA:1855,24
DA:1856,40
DA:1857,148
DA:1859,71
DA:1860,71
DA:1861,71
DA:1863,0
DA:1864,76
DA:1866,46
DA:1867,46
DA:1870,79
DA:1871,79
DA:1874,222
DA:1875,222
DA:1877,42
DA:1878,1
DA:1879,0
DA:1880,48
DA:1881,27
DA:1883,71
DA:1885,23
DA:1887,26
DA:1890,3
DA:1893,0
DA:1894,0
DA:1895,0
DA:1898,0
DA:1899,0
DA:1900,0
DA:1902,54
DA:1903,6
DA:1906,1173
DA:1907,885
DA:1909,211
DA:1911,885
DA:1912,1
DA:1913,20
DA:1915,1
DA:1919,376
DA:1920,6156
DA:1921,1
DA:1924,2
DA:1928,2
DA:1929,2
DA:1933,54
DA:1934,48
DA:1935,49
DA:1936,17
DA:1938,48
DA:1939,48
DA:1940,0
DA:1941,0
DA:1942,0
DA:1944,0
DA:1945,0
DA:1947,48
DA:1950,48
DA:1951,48
DA:1952,2
DA:1953,2
DA:1955,46
DA:1957,39
DA:1958,36
DA:1959,14
DA:1960,14
DA:1961,29
DA:1962,55
DA:1963,24
DA:1964,1
DA:1965,0
DA:1966,0
DA:1967,0
DA:1968,1
DA:1969,0
DA:1970,20
DA:1971,1
DA:1972,18
DA:1973,2
DA:1974,18
DA:1975,17
DA:1976,17
DA:1977,17
DA:1978,2
DA:1979,1
DA:1980,1
DA:1981,1
DA:1982,0
DA:1984,48
DA:1985,48
DA:1986,6
DA:1987,6
DA:1989,42
DA:1992,496
DA:1993,496
DA:1994,192
DA:1995,52
DA:1996,52
DA:1998,52
DA:1999,52
DA:2002,444
DA:2005,22
DA:2006,1
DA:2007,1
DA:2009,21
DA:2013,6
DA:2015,0
DA:2016,0
DA:2017,0
DA:2021,2
DA:2022,2
DA:2023,2
DA:2028,48
DA:2036,13
DA:2037,0
DA:2039,13
DA:2040,0
DA:2042,13
DA:2043,13
DA:2044,0
DA:2046,13
DA:2047,0
DA:2048,0
DA:2050,13
DA:2051,0
DA:2052,0
DA:2060,64
DA:2061,64
DA:2062,64
DA:2063,64
DA:2064,64
DA:2065,64
DA:2067,64
DA:2069,64
DA:2070,0
DA:2071,0
DA:2072,0
DA:2073,0
DA:2076,64
DA:2077,0
DA:2078,0
DA:2079,0
DA:2080,0
DA:2081,0
DA:2082,0
DA:2083,0
DA:2084,0
DA:2085,0
DA:2087,0
DA:2090,64
DA:2091,0
DA:2092,0
DA:2093,0
DA:2096,64
DA:2097,64
DA:2098,64
DA:2099,64
DA:2100,64
DA:2101,64
DA:2102,64
DA:2103,64
DA:2104,64
DA:2105,2
DA:2106,2
DA:2107,2
DA:2110,64
DA:2111,64
DA:2112,1
DA:2113,1
DA:2114,0
DA:2115,0
DA:2118,1
DA:2120,64
DA:2121,64
DA:2122,0
DA:2123,0
DA:2125,0
DA:2133,4
DA:2134,4
DA:2135,4
DA:2136,4
DA:2138,4
DA:2139,4
DA:2140,4
DA:2141,4
DA:2142,4
DA:2143,4
DA:2144,4
DA:2145,4
DA:2146,4
DA:2147,4
DA:2148,4
DA:2149,4
DA:2150,4
DA:2151,4
DA:2155,1
DA:2156,1
DA:2158,1
LF:1261
LH:847
BRDA:34,0,0,331
BRDA:34,0,1,52
BRDA:52,1,0,6
BRDA:52,1,1,205
BRDA:54,2,0,205
BRDA:54,2,1,12
BRDA:54,2,2,9
BRDA:54,2,3,9
BRDA:54,2,4,9
BRDA:54,2,5,8
BRDA:54,2,6,7
BRDA:54,2,7,7
BRDA:54,2,8,7
BRDA:54,2,9,7
BRDA:54,2,10,0
BRDA:60,3,0,1204
BRDA:60,3,1,615
BRDA:62,4,0,204
BRDA:62,4,1,1000
BRDA:62,5,0,1204
BRDA:62,5,1,211
BRDA:62,5,2,211
BRDA:146,6,0,0
BRDA:146,6,1,1
BRDA:149,7,0,0
BRDA:149,7,1,1
BRDA:176,8,0,0
BRDA:176,8,1,0
BRDA:185,9,0,1
BRDA:185,9,1,1
BRDA:188,10,0,0
BRDA:188,10,1,0
BRDA:213,11,0,1
BRDA:213,11,1,2
BRDA:216,12,0,1
BRDA:216,12,1,1
BRDA:229,13,0,0
BRDA:229,13,1,0
BRDA:246,14,0,0
BRDA:246,14,1,0
BRDA:250,15,0,0
BRDA:250,15,1,0
BRDA:257,16,0,0
BRDA:257,16,1,0
BRDA:257,16,2,0
BRDA:264,17,0,0
BRDA:264,17,1,0
BRDA:264,17,2,0
BRDA:265,18,0,0
BRDA:265,18,1,0
BRDA:276,19,0,0
BRDA:276,19,1,0
BRDA:289,20,0,0
BRDA:289,20,1,0
BRDA:317,21,0,0
BRDA:317,21,1,2
BRDA:320,22,0,0
BRDA:320,22,1,2
BRDA:331,23,0,0
BRDA:331,23,1,0
BRDA:336,24,0,0
BRDA:336,24,1,0
BRDA:352,25,0,0
BRDA:352,25,1,0
BRDA:352,26,0,0
BRDA:352,26,1,0
BRDA:366,27,0,0
BRDA:366,27,1,0
BRDA:366,28,0,0
BRDA:366,28,1,0
BRDA:374,29,0,0
BRDA:374,29,1,0
BRDA:379,30,0,0
BRDA:379,30,1,0
BRDA:389,31,0,0
BRDA:389,31,1,0
BRDA:394,32,0,0
BRDA:394,32,1,0
BRDA:448,33,0,3
BRDA:448,33,1,4
BRDA:511,34,0,31
BRDA:511,34,1,23
BRDA:511,35,0,55
BRDA:511,35,1,54
BRDA:511,35,2,49
BRDA:511,35,3,48
BRDA:511,35,4,38
BRDA:511,35,5,36
BRDA:511,35,6,24
BRDA:515,36,0,1
BRDA:515,36,1,53
BRDA:522,37,0,1
BRDA:522,37,1,23
BRDA:534,38,0,1
BRDA:534,38,1,54
BRDA:536,39,0,1
BRDA:536,39,1,0
BRDA:538,40,0,0
BRDA:538,40,1,1
BRDA:540,41,0,0
BRDA:540,41,1,0
BRDA:546,42,0,1
BRDA:546,42,1,0
BRDA:550,43,0,0
BRDA:550,43,1,1
BRDA:556,44,0,0
BRDA:556,44,1,0
BRDA:556,45,0,0
BRDA:556,45,1,0
BRDA:558,46,0,0
BRDA:558,46,1,0
BRDA:564,47,0,0
BRDA:564,47,1,0
BRDA:568,48,0,0
BRDA:568,48,1,0
BRDA:572,49,0,0
BRDA:572,49,1,0
BRDA:595,50,0,0
BRDA:595,50,1,0
BRDA:604,51,0,0
BRDA:604,51,1,1
BRDA:606,52,0,0
BRDA:606,52,1,0
BRDA:616,53,0,2
BRDA:616,53,1,36
BRDA:617,54,0,2
BRDA:617,54,1,0
BRDA:627,55,0,12
BRDA:627,55,1,24
BRDA:636,56,0,0
BRDA:636,56,1,18
BRDA:641,57,0,0
BRDA:641,57,1,18
BRDA:641,58,0,18
BRDA:641,58,1,13
BRDA:641,58,2,0
BRDA:651,59,0,0
BRDA:651,59,1,14
BRDA:653,60,0,0
BRDA:653,60,1,0
BRDA:662,61,0,21
BRDA:662,61,1,0
BRDA:663,62,0,17
BRDA:663,62,1,4
BRDA:667,63,0,21
BRDA:667,63,1,0
BRDA:671,64,0,11
BRDA:671,64,1,10
BRDA:671,65,0,21
BRDA:671,65,1,10
BRDA:672,66,0,0
BRDA:672,66,1,11
BRDA:677,67,0,2
BRDA:677,67,1,8
BRDA:679,68,0,0
BRDA:679,68,1,2
BRDA:679,69,0,2
BRDA:679,69,1,2
BRDA:691,70,0,1
BRDA:691,70,1,20
BRDA:700,71,0,1
BRDA:700,71,1,3
BRDA:701,72,0,0
BRDA:701,72,1,1
BRDA:701,73,0,1
BRDA:701,73,1,1
BRDA:705,74,0,1
BRDA:705,74,1,0
BRDA:708,75,0,1
BRDA:708,75,1,0
BRDA:709,76,0,1
BRDA:709,76,1,0
BRDA:710,77,0,1
BRDA:710,77,1,0
BRDA:724,78,0,4
BRDA:724,78,1,16
BRDA:726,79,0,0
BRDA:726,79,1,4
BRDA:729,80,0,4
BRDA:729,80,1,0
BRDA:730,81,0,0
BRDA:730,81,1,4
BRDA:735,82,0,0
BRDA:735,82,1,0
BRDA:735,83,0,0
BRDA:735,83,1,0
BRDA:735,83,2,0
BRDA:736,84,0,0
BRDA:736,84,1,0
BRDA:741,85,0,0
BRDA:741,85,1,0
BRDA:743,86,0,0
BRDA:743,86,1,0
BRDA:756,87,0,0
BRDA:756,87,1,4
BRDA:759,88,0,0
BRDA:759,88,1,4
BRDA:762,89,0,4
BRDA:762,89,1,0
BRDA:775,90,0,0
BRDA:775,90,1,17
BRDA:777,91,0,0
BRDA:777,91,1,0
BRDA:777,92,0,0
BRDA:777,92,1,0
BRDA:781,93,0,0
BRDA:781,93,1,0
BRDA:789,94,0,0
BRDA:789,94,1,17
BRDA:791,95,0,0
BRDA:791,95,1,0
BRDA:795,96,0,16
BRDA:795,96,1,0
BRDA:797,97,0,0
BRDA:797,97,1,16
BRDA:804,98,0,0
BRDA:804,98,1,4
BRDA:811,99,0,0
BRDA:811,99,1,16
BRDA:811,100,0,16
BRDA:811,100,1,0
BRDA:811,100,2,0
BRDA:814,101,0,0
BRDA:814,101,1,16
BRDA:814,102,0,16
BRDA:814,102,1,0
BRDA:817,103,0,0
BRDA:817,103,1,16
BRDA:825,104,0,1
BRDA:825,104,1,48
BRDA:827,105,0,0
BRDA:827,105,1,1
BRDA:839,106,0,5
BRDA:839,106,1,49
BRDA:842,107,0,0
BRDA:842,107,1,4
BRDA:855,108,0,10
BRDA:855,108,1,38
BRDA:858,109,0,0
BRDA:858,109,1,11
BRDA:870,110,0,2
BRDA:870,110,1,27
BRDA:878,111,0,1
BRDA:878,111,1,17
BRDA:881,112,0,0
BRDA:881,112,1,1
BRDA:885,113,0,1
BRDA:885,113,1,0
BRDA:887,114,0,1
BRDA:887,114,1,0
BRDA:893,115,0,0
BRDA:893,115,1,1
BRDA:902,116,0,0
BRDA:902,116,1,0
BRDA:902,117,0,0
BRDA:902,117,1,0
BRDA:905,118,0,0
BRDA:905,118,1,0
BRDA:906,119,0,0
BRDA:906,119,1,0
BRDA:910,120,0,0
BRDA:910,120,1,0
BRDA:912,121,0,0
BRDA:912,121,1,0
BRDA:915,122,0,0
BRDA:915,122,1,0
BRDA:916,123,0,0
BRDA:916,123,1,0
BRDA:920,124,0,0
BRDA:920,124,1,0
BRDA:920,125,0,0
BRDA:920,125,1,0
BRDA:930,126,0,2
BRDA:930,126,1,12
BRDA:941,127,0,0
BRDA:941,127,1,48
BRDA:943,128,0,0
BRDA:943,128,1,48
BRDA:946,129,0,0
BRDA:946,129,1,0
BRDA:950,130,0,0
BRDA:950,130,1,48
BRDA:953,131,0,0
BRDA:953,131,1,48
BRDA:955,132,0,2
BRDA:955,132,1,46
BRDA:957,133,0,29
BRDA:957,133,1,17
BRDA:959,134,0,1
BRDA:959,134,1,16
BRDA:962,135,0,0
BRDA:962,135,1,16
BRDA:964,136,0,13
BRDA:964,136,1,3
BRDA:965,137,0,0
BRDA:965,137,1,13
BRDA:969,138,0,2
BRDA:969,138,1,1
BRDA:971,139,0,1
BRDA:971,139,1,0
BRDA:974,140,0,0
BRDA:974,140,1,0
BRDA:978,141,0,47
BRDA:978,141,1,1
BRDA:978,142,0,48
BRDA:978,142,1,47
BRDA:982,143,0,6
BRDA:982,143,1,42
BRDA:1000,144,0,4
BRDA:1000,144,1,47
BRDA:1001,145,0,4
BRDA:1001,145,1,0
BRDA:1006,146,0,0
BRDA:1006,146,1,47
BRDA:1016,147,0,0
BRDA:1016,147,1,47
BRDA:1018,148,0,0
BRDA:1018,148,1,0
BRDA:1027,149,0,1
BRDA:1027,149,1,16
BRDA:1033,150,0,1
BRDA:1033,150,1,0
BRDA:1040,151,0,0
BRDA:1040,151,1,1
BRDA:1044,152,0,1
BRDA:1044,152,1,0
BRDA:1048,153,0,0
BRDA:1048,153,1,1
BRDA:1057,154,0,1
BRDA:1057,154,1,0
BRDA:1060,155,0,2
BRDA:1060,155,1,0
BRDA:1062,156,0,0
BRDA:1062,156,1,2
BRDA:1068,157,0,0
BRDA:1068,157,1,1
BRDA:1077,158,0,2
BRDA:1077,158,1,1
BRDA:1083,159,0,0
BRDA:1083,159,1,2
BRDA:1092,160,0,0
BRDA:1092,160,1,2
BRDA:1095,161,0,2
BRDA:1095,161,1,0
BRDA:1100,162,0,0
BRDA:1100,162,1,2
BRDA:1104,163,0,2
BRDA:1104,163,1,0
BRDA:1116,164,0,2
BRDA:1116,164,1,0
BRDA:1129,165,0,0
BRDA:1129,165,1,0
BRDA:1132,166,0,0
BRDA:1132,166,1,0
BRDA:1144,167,0,0
BRDA:1144,167,1,0
BRDA:1162,168,0,0
BRDA:1162,168,1,48
BRDA:1164,169,0,0
BRDA:1164,169,1,0
BRDA:1168,170,0,0
BRDA:1168,170,1,0
BRDA:1172,171,0,0
BRDA:1172,171,1,0
BRDA:1175,172,0,0
BRDA:1175,172,1,0
BRDA:1180,173,0,0
BRDA:1180,173,1,0
BRDA:1187,174,0,0
BRDA:1187,174,1,0
BRDA:1202,175,0,0
BRDA:1202,175,1,66
BRDA:1203,176,0,0
BRDA:1203,176,1,66
BRDA:1204,177,0,0
BRDA:1204,177,1,0
BRDA:1208,178,0,66
BRDA:1208,178,1,0
BRDA:1209,179,0,137
BRDA:1209,179,1,132
BRDA:1214,180,0,42
BRDA:1214,180,1,24
BRDA:1214,181,0,66
BRDA:1214,181,1,42
BRDA:1215,182,0,2
BRDA:1215,182,1,40
BRDA:1241,183,0,21
BRDA:1241,183,1,11
BRDA:1243,184,0,0
BRDA:1243,184,1,11
BRDA:1244,185,0,0
BRDA:1244,185,1,0
BRDA:1248,186,0,11
BRDA:1248,186,1,0
BRDA:1249,187,0,70
BRDA:1249,187,1,69
BRDA:1254,188,0,0
BRDA:1254,188,1,11
BRDA:1264,189,0,1
BRDA:1264,189,1,3
BRDA:1266,190,0,0
BRDA:1266,190,1,3
BRDA:1267,191,0,0
BRDA:1267,191,1,0
BRDA:1271,192,0,3
BRDA:1271,192,1,0
BRDA:1272,193,0,21
BRDA:1272,193,1,21
BRDA:1277,194,0,0
BRDA:1277,194,1,3
BRDA:1286,195,0,2
BRDA:1286,195,1,23
BRDA:1287,196,0,0
BRDA:1287,196,1,2
BRDA:1290,197,0,0
BRDA:1290,197,1,2
BRDA:1299,198,0,4
BRDA:1299,198,1,0
BRDA:1304,199,0,0
BRDA:1304,199,1,4
BRDA:1308,200,0,2
BRDA:1308,200,1,2
BRDA:1316,201,0,0
BRDA:1316,201,1,11
BRDA:1317,202,0,0
BRDA:1317,202,1,11
BRDA:1318,203,0,0
BRDA:1318,203,1,0
BRDA:1322,204,0,11
BRDA:1322,204,1,0
BRDA:1323,205,0,48
BRDA:1323,205,1,47
BRDA:1333,206,0,0
BRDA:1333,206,1,46
BRDA:1335,207,0,6
BRDA:1335,207,1,40
BRDA:1337,208,0,0
BRDA:1337,208,1,40
BRDA:1344,209,0,0
BRDA:1344,209,1,27
BRDA:1356,210,0,16
BRDA:1356,210,1,0
BRDA:1361,211,0,0
BRDA:1361,211,1,0
BRDA:1363,212,0,0
BRDA:1363,212,1,0
BRDA:1365,213,0,0
BRDA:1365,213,1,0
BRDA:1374,214,0,0
BRDA:1374,214,1,0
BRDA:1378,215,0,0
BRDA:1378,215,1,0
BRDA:1380,216,0,0
BRDA:1380,216,1,0
BRDA:1385,217,0,0
BRDA:1385,217,1,0
BRDA:1390,218,0,0
BRDA:1390,218,1,0
BRDA:1393,219,0,0
BRDA:1393,219,1,0
BRDA:1396,220,0,0
BRDA:1396,220,1,0
BRDA:1399,221,0,0
BRDA:1399,221,1,0
BRDA:1404,222,0,0
BRDA:1404,222,1,0
BRDA:1411,223,0,0
BRDA:1411,223,1,0
BRDA:1418,224,0,6
BRDA:1418,224,1,40
BRDA:1420,225,0,22
BRDA:1420,225,1,18
BRDA:1422,226,0,1
BRDA:1422,226,1,17
BRDA:1424,227,0,0
BRDA:1424,227,1,17
BRDA:1426,228,0,0
BRDA:1426,228,1,17
BRDA:1436,229,0,5
BRDA:1436,229,1,13
BRDA:1437,230,0,0
BRDA:1437,230,1,5
BRDA:1448,231,0,1
BRDA:1448,231,1,0
BRDA:1449,232,0,0
BRDA:1449,232,1,1
BRDA:1460,233,0,1
BRDA:1460,233,1,0
BRDA:1461,234,0,0
BRDA:1461,234,1,1
BRDA:1472,235,0,0
BRDA:1472,235,1,40
BRDA:1476,236,0,22
BRDA:1476,236,1,18
BRDA:1481,237,0,0
BRDA:1481,237,1,22
BRDA:1483,238,0,0
BRDA:1483,238,1,0
BRDA:1494,239,0,0
BRDA:1494,239,1,18
BRDA:1504,240,0,2
BRDA:1504,240,1,0
BRDA:1547,241,0,0
BRDA:1547,241,1,48
BRDA:1552,242,0,0
BRDA:1552,242,1,10
BRDA:1557,243,0,0
BRDA:1557,243,1,1
BRDA:1557,244,0,1
BRDA:1557,244,1,1
BRDA:1559,245,0,0
BRDA:1559,245,1,1
BRDA:1559,246,0,1
BRDA:1559,246,1,0
BRDA:1566,247,0,4
BRDA:1566,247,1,0
BRDA:1576,248,0,0
BRDA:1576,248,1,0
BRDA:1621,249,0,0
BRDA:1621,249,1,0
BRDA:1621,250,0,0
BRDA:1621,250,1,0
BRDA:1684,251,0,6
BRDA:1684,251,1,1
BRDA:1684,251,2,0
BRDA:1684,251,3,1
BRDA:1701,252,0,2
BRDA:1701,252,1,2
BRDA:1730,253,0,0
BRDA:1730,253,1,32
BRDA:1730,254,0,32
BRDA:1730,254,1,32
BRDA:1734,255,0,3
BRDA:1734,255,1,29
BRDA:1737,256,0,3
BRDA:1737,256,1,0
BRDA:1737,257,0,3
BRDA:1737,257,1,3
BRDA:1738,258,0,3
BRDA:1738,258,1,0
BRDA:1738,259,0,3
BRDA:1738,259,1,3
BRDA:1739,260,0,0
BRDA:1739,260,1,29
BRDA:1743,261,0,0
BRDA:1743,261,1,0
BRDA:1743,262,0,0
BRDA:1743,262,1,0
BRDA:1747,263,0,0
BRDA:1747,263,1,0
BRDA:1748,264,0,0
BRDA:1748,264,1,0
BRDA:1753,265,0,0
BRDA:1753,265,1,0
BRDA:1753,266,0,0
BRDA:1753,266,1,0
BRDA:1758,267,0,7
BRDA:1758,267,1,25
BRDA:1759,268,0,7
BRDA:1759,268,1,0
BRDA:1759,269,0,7
BRDA:1759,269,1,7
BRDA:1764,270,0,3
BRDA:1764,270,1,29
BRDA:1767,271,0,6
BRDA:1767,271,1,6
BRDA:1770,272,0,0
BRDA:1770,272,1,3
BRDA:1780,273,0,0
BRDA:1780,273,1,22
BRDA:1812,274,0,0
BRDA:1812,274,1,0
BRDA:1812,275,0,0
BRDA:1812,275,1,0
BRDA:1821,276,0,0
BRDA:1821,276,1,42
BRDA:1821,277,0,42
BRDA:1821,277,1,0
BRDA:1821,277,2,42
BRDA:1821,277,3,0
BRDA:1821,277,4,42
BRDA:1842,278,0,438
BRDA:1842,278,1,374
BRDA:1845,279,0,127
BRDA:1845,279,1,685
BRDA:1846,280,0,127
BRDA:1846,280,1,0
BRDA:1860,281,0,29
BRDA:1860,281,1,42
BRDA:1866,282,0,0
BRDA:1866,282,1,46
BRDA:1866,283,0,46
BRDA:1866,283,1,0
BRDA:1866,283,2,0
BRDA:1870,284,0,0
BRDA:1870,284,1,79
BRDA:1870,285,0,79
BRDA:1870,285,1,0
BRDA:1870,285,2,0
BRDA:1874,286,0,0
BRDA:1874,286,1,222
BRDA:1874,287,0,222
BRDA:1874,287,1,0
BRDA:1874,287,2,0
BRDA:1879,288,0,0
BRDA:1879,288,1,0
BRDA:1893,289,0,0
BRDA:1893,289,1,0
BRDA:1894,290,0,0
BRDA:1894,290,1,0
BRDA:1898,291,0,0
BRDA:1898,291,1,0
BRDA:1899,292,0,0
BRDA:1899,292,1,0
BRDA:1906,293,0,288
BRDA:1906,293,1,885
BRDA:1907,294,0,1096
BRDA:1907,294,1,903
BRDA:1907,294,2,885
BRDA:1907,294,3,885
BRDA:1911,295,0,1
BRDA:1911,295,1,884
BRDA:1911,296,0,885
BRDA:1911,296,1,1
BRDA:1912,297,0,21
BRDA:1912,297,1,20
BRDA:1939,298,0,0
BRDA:1939,298,1,48
BRDA:1941,299,0,0
BRDA:1941,299,1,0
BRDA:1951,300,0,2
BRDA:1951,300,1,46
BRDA:1985,301,0,6
BRDA:1985,301,1,42
BRDA:1993,302,0,192
BRDA:1993,302,1,304
BRDA:1994,303,0,52
BRDA:1994,303,1,140
BRDA:1995,304,0,52
BRDA:1995,304,1,0
BRDA:2005,305,0,1
BRDA:2005,305,1,21
BRDA:2048,306,0,0
BRDA:2048,306,1,0
BRDA:2048,306,2,0
BRDA:2052,307,0,0
BRDA:2052,307,1,0
BRDA:2052,307,2,0
BRDA:2077,308,0,0
BRDA:2077,308,1,0
BRDA:2077,309,0,0
BRDA:2077,309,1,0
BRDA:2080,310,0,0
BRDA:2080,310,1,0
BRDA:2080,311,0,0
BRDA:2080,311,1,0
BRDA:2100,312,0,64
BRDA:2100,312,1,12
BRDA:2101,313,0,64
BRDA:2101,313,1,12
BRDA:2102,314,0,0
BRDA:2102,314,1,0
BRDA:2106,315,0,2
BRDA:2106,315,1,0
BRDA:2106,316,0,2
BRDA:2106,316,1,2
BRDA:2112,317,0,0
BRDA:2112,317,1,1
BRDA:2112,318,0,1
BRDA:2112,318,1,0
BRDA:2113,319,0,0
BRDA:2113,319,1,1
BRDA:2115,320,0,0
BRDA:2115,320,1,0
BRDA:2115,321,0,0
BRDA:2115,321,1,0
BRDA:2122,322,0,0
BRDA:2122,322,1,0
BRDA:2148,323,0,0
BRDA:2148,323,1,0
BRF:680
BRH:324
end_of_record
TN:
SF:js/CypherNG/types/AssociativeArray.js
FN:7,(anonymous_0)
FN:20,(anonymous_1)
FN:32,(anonymous_2)
FN:46,(anonymous_3)
FN:60,(anonymous_4)
FN:69,(anonymous_5)
FN:77,(anonymous_6)
FN:78,(anonymous_7)
FN:86,(anonymous_8)
FN:97,(anonymous_9)
FN:105,(anonymous_10)
FN:112,(anonymous_11)
FN:120,(anonymous_12)
FN:128,(anonymous_13)
FN:137,(anonymous_14)
FN:145,(anonymous_15)
FN:153,(anonymous_16)
FN:162,(anonymous_17)
FN:170,(anonymous_18)
FN:178,(anonymous_19)
FN:179,(anonymous_20)
FNF:21
FNH:8
FNDA:6,(anonymous_0)
FNDA:3,(anonymous_1)
FNDA:8,(anonymous_2)
FNDA:1,(anonymous_3)
FNDA:1,(anonymous_4)
FNDA:1,(anonymous_5)
FNDA:0,(anonymous_6)
FNDA:0,(anonymous_7)
FNDA:0,(anonymous_8)
FNDA:0,(anonymous_9)
FNDA:0,(anonymous_10)
FNDA:0,(anonymous_11)
FNDA:0,(anonymous_12)
FNDA:0,(anonymous_13)
FNDA:0,(anonymous_14)
FNDA:0,(anonymous_15)
FNDA:1,(anonymous_16)
FNDA:0,(anonymous_17)
FNDA:0,(anonymous_18)
FNDA:1,(anonymous_19)
FNDA:0,(anonymous_20)
DA:9,6
DA:11,6
DA:13,6
DA:21,3
DA:22,4
DA:23,4
DA:33,8
DA:34,1
DA:36,7
DA:37,7
DA:38,7
DA:47,1
DA:48,1
DA:49,1
DA:50,1
DA:52,0
DA:61,1
DA:62,1
DA:70,1
DA:78,0
DA:87,0
DA:88,0
DA:89,0
DA:98,0
DA:106,0
DA:121,0
DA:129,0
DA:138,0
DA:146,0
DA:154,1
DA:155,1
DA:163,0
DA:171,0
DA:179,1
DA:180,1
DA:184,2
LF:36
LH:23
BRDA:23,0,0,2
BRDA:23,0,1,2
BRDA:23,1,0,4
BRDA:23,1,1,4
BRDA:33,2,0,1
BRDA:33,2,1,7
BRDA:46,3,0,1
BRDA:49,4,0,1
BRDA:49,4,1,0
BRDA:78,5,0,0
BRDA:78,5,1,0
BRDA:78,6,0,0
BRDA:78,6,1,0
BRDA:88,7,0,0
BRDA:88,7,1,0
BRDA:137,8,0,0
BRF:16
BRH:8
end_of_record
TN:
SF:js/CypherNG/types/Case.js
FN:7,(anonymous_0)
FN:20,(anonymous_1)
FN:28,(anonymous_2)
FN:36,(anonymous_3)
FN:44,(anonymous_4)
FN:52,(anonymous_5)
FN:60,(anonymous_6)
FN:68,(anonymous_7)
FN:75,(anonymous_8)
FN:83,(anonymous_9)
FN:91,(anonymous_10)
FN:105,(anonymous_11)
FN:113,(anonymous_12)
FN:121,(anonymous_13)
FNF:14
FNH:6
FNDA:5,(anonymous_0)
FNDA:7,(anonymous_1)
FNDA:2,(anonymous_2)
FNDA:5,(anonymous_3)
FNDA:4,(anonymous_4)
FNDA:0,(anonymous_5)
FNDA:0,(anonymous_6)
FNDA:0,(anonymous_7)
FNDA:0,(anonymous_8)
FNDA:0,(anonymous_9)
FNDA:3,(anonymous_10)
FNDA:0,(anonymous_11)
FNDA:0,(anonymous_12)
FNDA:0,(anonymous_13)
DA:9,5
DA:11,5
DA:13,5
DA:21,7
DA:29,2
DA:37,5
DA:45,4
DA:53,0
DA:61,0
DA:69,0
DA:84,0
DA:92,3
DA:93,4
DA:94,4
DA:95,2
DA:98,1
DA:106,0
DA:114,0
DA:122,0
DA:126,2
LF:20
LH:13
BRDA:93,0,0,4
BRDA:93,0,1,0
BRDA:93,1,0,4
BRDA:93,1,1,4
BRDA:94,2,0,2
BRDA:94,2,1,2
BRDA:95,3,0,2
BRDA:95,3,1,0
BRDA:95,4,0,2
BRDA:95,4,1,2
BRDA:98,5,0,1
BRDA:98,5,1,0
BRDA:98,6,0,1
BRDA:98,6,1,1
BRF:14
BRH:11
end_of_record
TN:
SF:js/CypherNG/types/List.js
FN:12,(anonymous_0)
FN:25,(anonymous_1)
FN:43,(anonymous_2)
FN:52,(anonymous_3)
FN:62,(anonymous_4)
FN:70,(anonymous_5)
FN:78,(anonymous_6)
FN:86,(anonymous_7)
FN:93,(anonymous_8)
FN:101,(anonymous_9)
FN:109,(anonymous_10)
FN:117,(anonymous_11)
FN:125,(anonymous_12)
FN:133,(anonymous_13)
FN:141,(anonymous_14)
FN:150,(anonymous_15)
FNF:16
FNH:7
FNDA:7,(anonymous_0)
FNDA:4,(anonymous_1)
FNDA:9,(anonymous_2)
FNDA:4,(anonymous_3)
FNDA:1,(anonymous_4)
FNDA:0,(anonymous_5)
FNDA:0,(anonymous_6)
FNDA:0,(anonymous_7)
FNDA:0,(anonymous_8)
FNDA:0,(anonymous_9)
FNDA:0,(anonymous_10)
FNDA:1,(anonymous_11)
FNDA:0,(anonymous_12)
FNDA:0,(anonymous_13)
FNDA:2,(anonymous_14)
FNDA:0,(anonymous_15)
DA:14,7
DA:16,7
DA:18,7
DA:26,4
DA:27,4
DA:28,3
DA:29,3
DA:30,3
DA:33,1
DA:34,3
DA:44,9
DA:45,9
DA:53,4
DA:54,4
DA:63,1
DA:71,0
DA:79,0
DA:87,0
DA:102,0
DA:110,0
DA:118,1
DA:126,0
DA:134,0
DA:142,2
DA:151,0
DA:155,2
LF:26
LH:18
BRDA:14,0,0,1
BRDA:14,0,1,6
BRDA:14,1,0,7
BRDA:14,1,1,1
BRDA:27,2,0,3
BRDA:27,2,1,1
BRDA:30,3,0,3
BRDA:30,3,1,0
BRDA:30,4,0,3
BRDA:30,4,1,3
BRDA:44,5,0,0
BRDA:44,5,1,9
BRF:12
BRH:10
end_of_record
TN:
SF:js/CypherNG/types/Predicate.js
FN:7,(anonymous_0)
FN:22,(anonymous_1)
FN:30,(anonymous_2)
FN:32,(anonymous_3)
FN:39,(anonymous_4)
FN:47,(anonymous_5)
FN:58,(anonymous_6)
FN:66,(anonymous_7)
FN:74,(anonymous_8)
FN:81,(anonymous_9)
FN:89,(anonymous_10)
FN:97,(anonymous_11)
FN:130,(anonymous_12)
FN:138,(anonymous_13)
FN:146,(anonymous_14)
FNF:15
FNH:5
FNDA:4,(anonymous_0)
FNDA:4,(anonymous_1)
FNDA:0,(anonymous_2)
FNDA:0,(anonymous_3)
FNDA:4,(anonymous_4)
FNDA:3,(anonymous_5)
FNDA:0,(anonymous_6)
FNDA:0,(anonymous_7)
FNDA:0,(anonymous_8)
FNDA:0,(anonymous_9)
FNDA:0,(anonymous_10)
FNDA:4,(anonymous_11)
FNDA:0,(anonymous_12)
FNDA:0,(anonymous_13)
FNDA:0,(anonymous_14)
DA:9,4
DA:11,4
DA:13,4
DA:15,4
DA:23,4
DA:32,0
DA:40,4
DA:48,3
DA:49,3
DA:50,0
DA:59,0
DA:67,0
DA:75,0
DA:90,0
DA:98,4
DA:99,4
DA:100,1
DA:103,3
DA:104,3
DA:105,11
DA:106,0
DA:108,11
DA:109,11
DA:110,11
DA:114,3
DA:116,1
DA:118,1
DA:120,1
DA:122,0
DA:131,0
DA:139,0
DA:147,0
DA:151,2
LF:33
LH:22
BRDA:49,0,0,0
BRDA:49,0,1,3
BRDA:49,1,0,3
BRDA:49,1,1,3
BRDA:49,1,2,0
BRDA:98,2,0,4
BRDA:98,2,1,0
BRDA:98,3,0,4
BRDA:98,3,1,4
BRDA:99,4,0,1
BRDA:99,4,1,3
BRDA:105,5,0,0
BRDA:105,5,1,11
BRDA:105,6,0,11
BRDA:105,6,1,0
BRDA:108,7,0,11
BRDA:108,7,1,0
BRDA:108,8,0,11
BRDA:108,8,1,11
BRDA:109,9,0,11
BRDA:109,9,1,0
BRDA:114,10,0,1
BRDA:114,10,1,1
BRDA:114,10,2,1
BRDA:114,10,3,0
BRF:25
BRH:17
end_of_record
TN:
SF:js/CypherNG/types/Table.js
FN:11,(anonymous_0)
FN:30,(anonymous_1)
FN:41,(anonymous_2)
FN:52,(anonymous_3)
FN:60,(anonymous_4)
FN:68,(anonymous_5)
FNF:6
FNH:5
FNDA:3,(anonymous_0)
FNDA:2,(anonymous_1)
FNDA:0,(anonymous_2)
FNDA:1,(anonymous_3)
FNDA:1,(anonymous_4)
FNDA:1,(anonymous_5)
DA:13,3
DA:15,3
DA:17,3
DA:20,3
DA:21,0
DA:31,2
DA:32,2
DA:33,2
DA:42,0
DA:43,0
DA:53,1
DA:61,1
DA:69,1
DA:73,1
LF:14
LH:11
BRDA:20,0,0,0
BRDA:20,0,1,3
BRDA:20,1,0,3
BRDA:20,1,1,0
BRDA:42,2,0,0
BRDA:42,2,1,0
BRF:6
BRH:2
end_of_record
TN:
SF:js/CypherNG/types/TableColumn.js
FN:11,(anonymous_0)
FN:30,(anonymous_1)
FN:48,(anonymous_2)
FN:60,(anonymous_3)
FN:69,(anonymous_4)
FN:77,(anonymous_5)
FN:85,(anonymous_6)
FNF:7
FNH:5
FNDA:4,(anonymous_0)
FNDA:6,(anonymous_1)
FNDA:4,(anonymous_2)
FNDA:1,(anonymous_3)
FNDA:0,(anonymous_4)
FNDA:0,(anonymous_5)
FNDA:1,(anonymous_6)
DA:13,4
DA:15,4
DA:17,4
DA:19,4
DA:21,4
DA:23,4
DA:31,6
DA:32,3
DA:33,1
DA:35,2
DA:36,2
DA:39,3
DA:40,3
DA:49,4
DA:50,1
DA:51,1
DA:53,4
DA:54,4
DA:61,1
DA:62,1
DA:70,0
DA:78,0
DA:86,1
DA:87,1
DA:88,2
DA:89,3
DA:92,1
DA:96,1
LF:28
LH:26
BRDA:31,0,0,3
BRDA:31,0,1,3
BRDA:32,1,0,1
BRDA:32,1,1,2
BRDA:49,2,0,1
BRDA:49,2,1,3
BRF:6
BRH:6
end_of_record
